[2025-03-06T15:36:20.769+0000] {local_task_job_runner.py:123} INFO - ::group::Pre task execution logs
[2025-03-06T15:36:20.796+0000] {taskinstance.py:2614} INFO - Dependencies all met for dep_context=non-requeueable deps ti=<TaskInstance: spark_flow.load_exchangeRate_python_job manual__2025-03-06T15:36:17.759858+00:00 [queued]>
[2025-03-06T15:36:20.807+0000] {taskinstance.py:2614} INFO - Dependencies all met for dep_context=requeueable deps ti=<TaskInstance: spark_flow.load_exchangeRate_python_job manual__2025-03-06T15:36:17.759858+00:00 [queued]>
[2025-03-06T15:36:20.810+0000] {taskinstance.py:2867} INFO - Starting attempt 1 of 1
[2025-03-06T15:36:20.825+0000] {taskinstance.py:2890} INFO - Executing <Task(SparkSubmitOperator): load_exchangeRate_python_job> on 2025-03-06 15:36:17.759858+00:00
[2025-03-06T15:36:20.832+0000] {standard_task_runner.py:104} INFO - Running: ['***', 'tasks', 'run', 'spark_flow', 'load_exchangeRate_python_job', 'manual__2025-03-06T15:36:17.759858+00:00', '--job-id', '22', '--raw', '--subdir', 'DAGS_FOLDER/dag_***_spark.py', '--cfg-path', '/tmp/tmp0wh537u_']
[2025-03-06T15:36:20.835+0000] {standard_task_runner.py:105} INFO - Job 22: Subtask load_exchangeRate_python_job
[2025-03-06T15:36:20.836+0000] {logging_mixin.py:190} WARNING - /home/***/.local/lib/python3.12/site-packages/***/task/task_runner/standard_task_runner.py:70 DeprecationWarning: This process (pid=1595) is multi-threaded, use of fork() may lead to deadlocks in the child.
[2025-03-06T15:36:20.837+0000] {standard_task_runner.py:72} INFO - Started process 1596 to run task
[2025-03-06T15:36:20.894+0000] {task_command.py:467} INFO - Running <TaskInstance: spark_flow.load_exchangeRate_python_job manual__2025-03-06T15:36:17.759858+00:00 [running]> on host e9dfa152b6ab
[2025-03-06T15:36:20.992+0000] {taskinstance.py:3134} INFO - Exporting env vars: AIRFLOW_CTX_DAG_OWNER='haonv' AIRFLOW_CTX_DAG_ID='spark_flow' AIRFLOW_CTX_TASK_ID='load_exchangeRate_python_job' AIRFLOW_CTX_EXECUTION_DATE='2025-03-06T15:36:17.759858+00:00' AIRFLOW_CTX_TRY_NUMBER='1' AIRFLOW_CTX_DAG_RUN_ID='manual__2025-03-06T15:36:17.759858+00:00'
[2025-03-06T15:36:20.993+0000] {taskinstance.py:732} INFO - ::endgroup::
[2025-03-06T15:36:21.021+0000] {base.py:84} INFO - Retrieving connection 'spark-conn'
[2025-03-06T15:36:21.023+0000] {spark_submit.py:474} INFO - Spark-Submit cmd: spark-submit --master spark://172.18.0.4:7077 --name arrow-spark --deploy-mode client jobs/python/load_exchangeRateToDW.py
[2025-03-06T15:36:24.086+0000] {spark_submit.py:641} INFO - 25/03/06 15:36:24 INFO SparkContext: Running Spark version 3.5.5
[2025-03-06T15:36:24.089+0000] {spark_submit.py:641} INFO - 25/03/06 15:36:24 INFO SparkContext: OS info Linux, 5.15.167.4-microsoft-standard-WSL2, amd64
[2025-03-06T15:36:24.089+0000] {spark_submit.py:641} INFO - 25/03/06 15:36:24 INFO SparkContext: Java version 17.0.14
[2025-03-06T15:36:24.136+0000] {spark_submit.py:641} INFO - 25/03/06 15:36:24 WARN NativeCodeLoader: Unable to load native-hadoop library for your platform... using builtin-java classes where applicable
[2025-03-06T15:36:24.219+0000] {spark_submit.py:641} INFO - 25/03/06 15:36:24 INFO ResourceUtils: ==============================================================
[2025-03-06T15:36:24.220+0000] {spark_submit.py:641} INFO - 25/03/06 15:36:24 INFO ResourceUtils: No custom resources configured for spark.driver.
[2025-03-06T15:36:24.220+0000] {spark_submit.py:641} INFO - 25/03/06 15:36:24 INFO ResourceUtils: ==============================================================
[2025-03-06T15:36:24.221+0000] {spark_submit.py:641} INFO - 25/03/06 15:36:24 INFO SparkContext: Submitted application: ExchangeRateToDW
[2025-03-06T15:36:24.239+0000] {spark_submit.py:641} INFO - 25/03/06 15:36:24 INFO ResourceProfile: Default ResourceProfile created, executor resources: Map(memory -> name: memory, amount: 1024, script: , vendor: , offHeap -> name: offHeap, amount: 0, script: , vendor: ), task resources: Map(cpus -> name: cpus, amount: 1.0)
[2025-03-06T15:36:24.246+0000] {spark_submit.py:641} INFO - 25/03/06 15:36:24 INFO ResourceProfile: Limiting resource is cpu
[2025-03-06T15:36:24.247+0000] {spark_submit.py:641} INFO - 25/03/06 15:36:24 INFO ResourceProfileManager: Added ResourceProfile id: 0
[2025-03-06T15:36:24.288+0000] {spark_submit.py:641} INFO - 25/03/06 15:36:24 INFO SecurityManager: Changing view acls to: ***
[2025-03-06T15:36:24.289+0000] {spark_submit.py:641} INFO - 25/03/06 15:36:24 INFO SecurityManager: Changing modify acls to: ***
[2025-03-06T15:36:24.289+0000] {spark_submit.py:641} INFO - 25/03/06 15:36:24 INFO SecurityManager: Changing view acls groups to:
[2025-03-06T15:36:24.290+0000] {spark_submit.py:641} INFO - 25/03/06 15:36:24 INFO SecurityManager: Changing modify acls groups to:
[2025-03-06T15:36:24.291+0000] {spark_submit.py:641} INFO - 25/03/06 15:36:24 INFO SecurityManager: SecurityManager: authentication disabled; ui acls disabled; users with view permissions: ***; groups with view permissions: EMPTY; users with modify permissions: ***; groups with modify permissions: EMPTY
[2025-03-06T15:36:24.530+0000] {spark_submit.py:641} INFO - 25/03/06 15:36:24 INFO Utils: Successfully started service 'sparkDriver' on port 44965.
[2025-03-06T15:36:24.554+0000] {spark_submit.py:641} INFO - 25/03/06 15:36:24 INFO SparkEnv: Registering MapOutputTracker
[2025-03-06T15:36:24.587+0000] {spark_submit.py:641} INFO - 25/03/06 15:36:24 INFO SparkEnv: Registering BlockManagerMaster
[2025-03-06T15:36:24.601+0000] {spark_submit.py:641} INFO - 25/03/06 15:36:24 INFO BlockManagerMasterEndpoint: Using org.apache.spark.storage.DefaultTopologyMapper for getting topology information
[2025-03-06T15:36:24.602+0000] {spark_submit.py:641} INFO - 25/03/06 15:36:24 INFO BlockManagerMasterEndpoint: BlockManagerMasterEndpoint up
[2025-03-06T15:36:24.606+0000] {spark_submit.py:641} INFO - 25/03/06 15:36:24 INFO SparkEnv: Registering BlockManagerMasterHeartbeat
[2025-03-06T15:36:24.626+0000] {spark_submit.py:641} INFO - 25/03/06 15:36:24 INFO DiskBlockManager: Created local directory at /tmp/blockmgr-3d6a496f-817f-4843-a961-5ae0dcf845c1
[2025-03-06T15:36:24.638+0000] {spark_submit.py:641} INFO - 25/03/06 15:36:24 INFO MemoryStore: MemoryStore started with capacity 434.4 MiB
[2025-03-06T15:36:24.653+0000] {spark_submit.py:641} INFO - 25/03/06 15:36:24 INFO SparkEnv: Registering OutputCommitCoordinator
[2025-03-06T15:36:24.776+0000] {spark_submit.py:641} INFO - 25/03/06 15:36:24 INFO JettyUtils: Start Jetty 0.0.0.0:4040 for SparkUI
[2025-03-06T15:36:24.829+0000] {spark_submit.py:641} INFO - 25/03/06 15:36:24 INFO Utils: Successfully started service 'SparkUI' on port 4040.
[2025-03-06T15:36:24.862+0000] {spark_submit.py:641} INFO - 25/03/06 15:36:24 ERROR SparkContext: Failed to add file:///opt/bitnami/spark/jars/postgresql-42.7.5.jar to Spark environment
[2025-03-06T15:36:24.862+0000] {spark_submit.py:641} INFO - java.io.FileNotFoundException: Jar /opt/bitnami/spark/jars/postgresql-42.7.5.jar not found
[2025-03-06T15:36:24.863+0000] {spark_submit.py:641} INFO - at org.apache.spark.SparkContext.addLocalJarFile$1(SparkContext.scala:2095)
[2025-03-06T15:36:24.864+0000] {spark_submit.py:641} INFO - at org.apache.spark.SparkContext.addJar(SparkContext.scala:2151)
[2025-03-06T15:36:24.865+0000] {spark_submit.py:641} INFO - at org.apache.spark.SparkContext.$anonfun$new$15(SparkContext.scala:521)
[2025-03-06T15:36:24.865+0000] {spark_submit.py:641} INFO - at org.apache.spark.SparkContext.$anonfun$new$15$adapted(SparkContext.scala:521)
[2025-03-06T15:36:24.866+0000] {spark_submit.py:641} INFO - at scala.collection.mutable.ResizableArray.foreach(ResizableArray.scala:62)
[2025-03-06T15:36:24.867+0000] {spark_submit.py:641} INFO - at scala.collection.mutable.ResizableArray.foreach$(ResizableArray.scala:55)
[2025-03-06T15:36:24.867+0000] {spark_submit.py:641} INFO - at scala.collection.mutable.ArrayBuffer.foreach(ArrayBuffer.scala:49)
[2025-03-06T15:36:24.868+0000] {spark_submit.py:641} INFO - at org.apache.spark.SparkContext.<init>(SparkContext.scala:521)
[2025-03-06T15:36:24.868+0000] {spark_submit.py:641} INFO - at org.apache.spark.api.java.JavaSparkContext.<init>(JavaSparkContext.scala:58)
[2025-03-06T15:36:24.869+0000] {spark_submit.py:641} INFO - at java.base/jdk.internal.reflect.NativeConstructorAccessorImpl.newInstance0(Native Method)
[2025-03-06T15:36:24.870+0000] {spark_submit.py:641} INFO - at java.base/jdk.internal.reflect.NativeConstructorAccessorImpl.newInstance(NativeConstructorAccessorImpl.java:77)
[2025-03-06T15:36:24.870+0000] {spark_submit.py:641} INFO - at java.base/jdk.internal.reflect.DelegatingConstructorAccessorImpl.newInstance(DelegatingConstructorAccessorImpl.java:45)
[2025-03-06T15:36:24.871+0000] {spark_submit.py:641} INFO - at java.base/java.lang.reflect.Constructor.newInstanceWithCaller(Constructor.java:500)
[2025-03-06T15:36:24.872+0000] {spark_submit.py:641} INFO - at java.base/java.lang.reflect.Constructor.newInstance(Constructor.java:481)
[2025-03-06T15:36:24.872+0000] {spark_submit.py:641} INFO - at py4j.reflection.MethodInvoker.invoke(MethodInvoker.java:247)
[2025-03-06T15:36:24.873+0000] {spark_submit.py:641} INFO - at py4j.reflection.ReflectionEngine.invoke(ReflectionEngine.java:374)
[2025-03-06T15:36:24.874+0000] {spark_submit.py:641} INFO - at py4j.Gateway.invoke(Gateway.java:238)
[2025-03-06T15:36:24.874+0000] {spark_submit.py:641} INFO - at py4j.commands.ConstructorCommand.invokeConstructor(ConstructorCommand.java:80)
[2025-03-06T15:36:24.875+0000] {spark_submit.py:641} INFO - at py4j.commands.ConstructorCommand.execute(ConstructorCommand.java:69)
[2025-03-06T15:36:24.875+0000] {spark_submit.py:641} INFO - at py4j.ClientServerConnection.waitForCommands(ClientServerConnection.java:182)
[2025-03-06T15:36:24.876+0000] {spark_submit.py:641} INFO - at py4j.ClientServerConnection.run(ClientServerConnection.java:106)
[2025-03-06T15:36:24.877+0000] {spark_submit.py:641} INFO - at java.base/java.lang.Thread.run(Thread.java:840)
[2025-03-06T15:36:24.941+0000] {spark_submit.py:641} INFO - 25/03/06 15:36:24 INFO StandaloneAppClient$ClientEndpoint: Connecting to master spark://172.18.0.4:7077...
[2025-03-06T15:36:24.980+0000] {spark_submit.py:641} INFO - 25/03/06 15:36:24 INFO TransportClientFactory: Successfully created connection to /172.18.0.4:7077 after 20 ms (0 ms spent in bootstraps)
[2025-03-06T15:36:25.057+0000] {spark_submit.py:641} INFO - 25/03/06 15:36:25 INFO StandaloneSchedulerBackend: Connected to Spark cluster with app ID app-20250306153625-0004
[2025-03-06T15:36:25.060+0000] {spark_submit.py:641} INFO - 25/03/06 15:36:25 INFO StandaloneAppClient$ClientEndpoint: Executor added: app-20250306153625-0004/0 on worker-20250306150809-172.18.0.7-35707 (172.18.0.7:35707) with 2 core(s)
[2025-03-06T15:36:25.063+0000] {spark_submit.py:641} INFO - 25/03/06 15:36:25 INFO StandaloneSchedulerBackend: Granted executor ID app-20250306153625-0004/0 on hostPort 172.18.0.7:35707 with 2 core(s), 1024.0 MiB RAM
[2025-03-06T15:36:25.064+0000] {spark_submit.py:641} INFO - 25/03/06 15:36:25 INFO StandaloneAppClient$ClientEndpoint: Executor added: app-20250306153625-0004/1 on worker-20250306150810-172.18.0.10-33947 (172.18.0.10:33947) with 2 core(s)
[2025-03-06T15:36:25.064+0000] {spark_submit.py:641} INFO - 25/03/06 15:36:25 INFO StandaloneSchedulerBackend: Granted executor ID app-20250306153625-0004/1 on hostPort 172.18.0.10:33947 with 2 core(s), 1024.0 MiB RAM
[2025-03-06T15:36:25.067+0000] {spark_submit.py:641} INFO - 25/03/06 15:36:25 INFO Utils: Successfully started service 'org.apache.spark.network.netty.NettyBlockTransferService' on port 36185.
[2025-03-06T15:36:25.067+0000] {spark_submit.py:641} INFO - 25/03/06 15:36:25 INFO NettyBlockTransferService: Server created on e9dfa152b6ab:36185
[2025-03-06T15:36:25.069+0000] {spark_submit.py:641} INFO - 25/03/06 15:36:25 INFO BlockManager: Using org.apache.spark.storage.RandomBlockReplicationPolicy for block replication policy
[2025-03-06T15:36:25.075+0000] {spark_submit.py:641} INFO - 25/03/06 15:36:25 INFO BlockManagerMaster: Registering BlockManager BlockManagerId(driver, e9dfa152b6ab, 36185, None)
[2025-03-06T15:36:25.080+0000] {spark_submit.py:641} INFO - 25/03/06 15:36:25 INFO BlockManagerMasterEndpoint: Registering block manager e9dfa152b6ab:36185 with 434.4 MiB RAM, BlockManagerId(driver, e9dfa152b6ab, 36185, None)
[2025-03-06T15:36:25.084+0000] {spark_submit.py:641} INFO - 25/03/06 15:36:25 INFO BlockManagerMaster: Registered BlockManager BlockManagerId(driver, e9dfa152b6ab, 36185, None)
[2025-03-06T15:36:25.086+0000] {spark_submit.py:641} INFO - 25/03/06 15:36:25 INFO BlockManager: Initialized BlockManager: BlockManagerId(driver, e9dfa152b6ab, 36185, None)
[2025-03-06T15:36:25.103+0000] {spark_submit.py:641} INFO - 25/03/06 15:36:25 INFO StandaloneAppClient$ClientEndpoint: Executor updated: app-20250306153625-0004/0 is now RUNNING
[2025-03-06T15:36:25.104+0000] {spark_submit.py:641} INFO - 25/03/06 15:36:25 INFO StandaloneAppClient$ClientEndpoint: Executor updated: app-20250306153625-0004/1 is now RUNNING
[2025-03-06T15:36:25.367+0000] {spark_submit.py:641} INFO - 25/03/06 15:36:25 INFO StandaloneSchedulerBackend: SchedulerBackend is ready for scheduling beginning after reached minRegisteredResourcesRatio: 0.0
[2025-03-06T15:36:25.757+0000] {spark_submit.py:641} INFO - 25/03/06 15:36:25 INFO SharedState: Setting hive.metastore.warehouse.dir ('null') to the value of spark.sql.warehouse.dir.
[2025-03-06T15:36:25.771+0000] {spark_submit.py:641} INFO - 25/03/06 15:36:25 INFO SharedState: Warehouse path is 'file:/opt/***/spark-warehouse'.
[2025-03-06T15:36:27.710+0000] {spark_submit.py:641} INFO - Traceback (most recent call last):
[2025-03-06T15:36:27.713+0000] {spark_submit.py:641} INFO - File "/opt/***/jobs/python/load_exchangeRateToDW.py", line 65, in <module>
[2025-03-06T15:36:27.730+0000] {spark_submit.py:641} INFO - .load()
[2025-03-06T15:36:27.736+0000] {spark_submit.py:641} INFO - ^^^^^^
[2025-03-06T15:36:27.737+0000] {spark_submit.py:641} INFO - File "/home/***/.local/lib/python3.12/site-packages/pyspark/python/lib/pyspark.zip/pyspark/sql/streaming/readwriter.py", line 304, in load
[2025-03-06T15:36:27.739+0000] {spark_submit.py:641} INFO - File "/home/***/.local/lib/python3.12/site-packages/pyspark/python/lib/py4j-0.10.9.7-src.zip/py4j/java_gateway.py", line 1322, in __call__
[2025-03-06T15:36:27.740+0000] {spark_submit.py:641} INFO - File "/home/***/.local/lib/python3.12/site-packages/pyspark/python/lib/pyspark.zip/pyspark/errors/exceptions/captured.py", line 185, in deco
[2025-03-06T15:36:27.774+0000] {spark_submit.py:641} INFO - pyspark.errors.exceptions.captured.AnalysisException: Failed to find data source: kafka. Please deploy the application as per the deployment section of Structured Streaming + Kafka Integration Guide.
[2025-03-06T15:36:27.894+0000] {spark_submit.py:641} INFO - 25/03/06 15:36:27 INFO SparkContext: Invoking stop() from shutdown hook
[2025-03-06T15:36:27.895+0000] {spark_submit.py:641} INFO - 25/03/06 15:36:27 INFO SparkContext: SparkContext is stopping with exitCode 0.
[2025-03-06T15:36:27.911+0000] {spark_submit.py:641} INFO - 25/03/06 15:36:27 INFO SparkUI: Stopped Spark web UI at http://e9dfa152b6ab:4040
[2025-03-06T15:36:27.916+0000] {spark_submit.py:641} INFO - 25/03/06 15:36:27 INFO StandaloneSchedulerBackend: Shutting down all executors
[2025-03-06T15:36:27.920+0000] {spark_submit.py:641} INFO - 25/03/06 15:36:27 INFO StandaloneSchedulerBackend$StandaloneDriverEndpoint: Asking each executor to shut down
[2025-03-06T15:36:27.938+0000] {spark_submit.py:641} INFO - 25/03/06 15:36:27 INFO MapOutputTrackerMasterEndpoint: MapOutputTrackerMasterEndpoint stopped!
[2025-03-06T15:36:27.953+0000] {spark_submit.py:641} INFO - 25/03/06 15:36:27 INFO MemoryStore: MemoryStore cleared
[2025-03-06T15:36:27.954+0000] {spark_submit.py:641} INFO - 25/03/06 15:36:27 INFO BlockManager: BlockManager stopped
[2025-03-06T15:36:27.960+0000] {spark_submit.py:641} INFO - 25/03/06 15:36:27 INFO BlockManagerMaster: BlockManagerMaster stopped
[2025-03-06T15:36:27.963+0000] {spark_submit.py:641} INFO - 25/03/06 15:36:27 INFO OutputCommitCoordinator$OutputCommitCoordinatorEndpoint: OutputCommitCoordinator stopped!
[2025-03-06T15:36:27.996+0000] {spark_submit.py:641} INFO - 25/03/06 15:36:27 INFO SparkContext: Successfully stopped SparkContext
[2025-03-06T15:36:27.997+0000] {spark_submit.py:641} INFO - 25/03/06 15:36:27 INFO ShutdownHookManager: Shutdown hook called
[2025-03-06T15:36:27.997+0000] {spark_submit.py:641} INFO - 25/03/06 15:36:27 INFO ShutdownHookManager: Deleting directory /tmp/spark-2fc90011-5f9f-4ea1-b5a6-b2965a199bfb
[2025-03-06T15:36:27.998+0000] {spark_submit.py:641} INFO - 25/03/06 15:36:27 INFO ShutdownHookManager: Deleting directory /tmp/spark-2fc90011-5f9f-4ea1-b5a6-b2965a199bfb/pyspark-4dd7b351-e96d-485c-b83c-ecbf72997fc3
[2025-03-06T15:36:27.998+0000] {spark_submit.py:641} INFO - 25/03/06 15:36:27 INFO ShutdownHookManager: Deleting directory /tmp/spark-ba7f40d9-035c-4cb1-8aa8-0574f17bd100
[2025-03-06T15:36:28.026+0000] {taskinstance.py:3313} ERROR - Task failed with exception
Traceback (most recent call last):
  File "/home/airflow/.local/lib/python3.12/site-packages/airflow/models/taskinstance.py", line 768, in _execute_task
    result = _execute_callable(context=context, **execute_callable_kwargs)
             ^^^^^^^^^^^^^^^^^^^^^^^^^^^^^^^^^^^^^^^^^^^^^^^^^^^^^^^^^^^^^
  File "/home/airflow/.local/lib/python3.12/site-packages/airflow/models/taskinstance.py", line 734, in _execute_callable
    return ExecutionCallableRunner(
           ^^^^^^^^^^^^^^^^^^^^^^^^
  File "/home/airflow/.local/lib/python3.12/site-packages/airflow/utils/operator_helpers.py", line 252, in run
    return self.func(*args, **kwargs)
           ^^^^^^^^^^^^^^^^^^^^^^^^^^
  File "/home/airflow/.local/lib/python3.12/site-packages/airflow/models/baseoperator.py", line 424, in wrapper
    return func(self, *args, **kwargs)
           ^^^^^^^^^^^^^^^^^^^^^^^^^^^
  File "/home/airflow/.local/lib/python3.12/site-packages/airflow/providers/apache/spark/operators/spark_submit.py", line 177, in execute
    self._hook.submit(self.application)
  File "/home/airflow/.local/lib/python3.12/site-packages/airflow/providers/apache/spark/hooks/spark_submit.py", line 567, in submit
    raise AirflowException(
airflow.exceptions.AirflowException: Cannot execute: spark-submit --master spark://172.18.0.4:7077 --name arrow-spark --deploy-mode client jobs/python/load_exchangeRateToDW.py. Error code is: 1.
[2025-03-06T15:36:28.031+0000] {taskinstance.py:1226} INFO - Marking task as FAILED. dag_id=spark_flow, task_id=load_exchangeRate_python_job, run_id=manual__2025-03-06T15:36:17.759858+00:00, execution_date=20250306T153617, start_date=20250306T153620, end_date=20250306T153628
[2025-03-06T15:36:28.066+0000] {taskinstance.py:341} INFO - ::group::Post task execution logs
[2025-03-06T15:36:28.068+0000] {standard_task_runner.py:124} ERROR - Failed to execute job 22 for task load_exchangeRate_python_job (Cannot execute: spark-submit --master spark://172.18.0.4:7077 --name arrow-spark --deploy-mode client jobs/python/load_exchangeRateToDW.py. Error code is: 1.; 1596)
Traceback (most recent call last):
  File "/home/airflow/.local/lib/python3.12/site-packages/airflow/task/task_runner/standard_task_runner.py", line 117, in _start_by_fork
    ret = args.func(args, dag=self.dag)
          ^^^^^^^^^^^^^^^^^^^^^^^^^^^^^
  File "/home/airflow/.local/lib/python3.12/site-packages/airflow/cli/cli_config.py", line 49, in command
    return func(*args, **kwargs)
           ^^^^^^^^^^^^^^^^^^^^^
  File "/home/airflow/.local/lib/python3.12/site-packages/airflow/utils/cli.py", line 116, in wrapper
    return f(*args, **kwargs)
           ^^^^^^^^^^^^^^^^^^
  File "/home/airflow/.local/lib/python3.12/site-packages/airflow/cli/commands/task_command.py", line 483, in task_run
    task_return_code = _run_task_by_selected_method(args, _dag, ti)
                       ^^^^^^^^^^^^^^^^^^^^^^^^^^^^^^^^^^^^^^^^^^^^
  File "/home/airflow/.local/lib/python3.12/site-packages/airflow/cli/commands/task_command.py", line 256, in _run_task_by_selected_method
    return _run_raw_task(args, ti)
           ^^^^^^^^^^^^^^^^^^^^^^^
  File "/home/airflow/.local/lib/python3.12/site-packages/airflow/cli/commands/task_command.py", line 341, in _run_raw_task
    return ti._run_raw_task(
           ^^^^^^^^^^^^^^^^^
  File "/home/airflow/.local/lib/python3.12/site-packages/airflow/utils/session.py", line 97, in wrapper
    return func(*args, session=session, **kwargs)
           ^^^^^^^^^^^^^^^^^^^^^^^^^^^^^^^^^^^^^^
  File "/home/airflow/.local/lib/python3.12/site-packages/airflow/models/taskinstance.py", line 3006, in _run_raw_task
    return _run_raw_task(
           ^^^^^^^^^^^^^^
  File "/home/airflow/.local/lib/python3.12/site-packages/airflow/models/taskinstance.py", line 274, in _run_raw_task
    TaskInstance._execute_task_with_callbacks(
  File "/home/airflow/.local/lib/python3.12/site-packages/airflow/models/taskinstance.py", line 3161, in _execute_task_with_callbacks
    result = self._execute_task(context, task_orig)
             ^^^^^^^^^^^^^^^^^^^^^^^^^^^^^^^^^^^^^^
  File "/home/airflow/.local/lib/python3.12/site-packages/airflow/models/taskinstance.py", line 3185, in _execute_task
    return _execute_task(self, context, task_orig)
           ^^^^^^^^^^^^^^^^^^^^^^^^^^^^^^^^^^^^^^^
  File "/home/airflow/.local/lib/python3.12/site-packages/airflow/models/taskinstance.py", line 768, in _execute_task
    result = _execute_callable(context=context, **execute_callable_kwargs)
             ^^^^^^^^^^^^^^^^^^^^^^^^^^^^^^^^^^^^^^^^^^^^^^^^^^^^^^^^^^^^^
  File "/home/airflow/.local/lib/python3.12/site-packages/airflow/models/taskinstance.py", line 734, in _execute_callable
    return ExecutionCallableRunner(
           ^^^^^^^^^^^^^^^^^^^^^^^^
  File "/home/airflow/.local/lib/python3.12/site-packages/airflow/utils/operator_helpers.py", line 252, in run
    return self.func(*args, **kwargs)
           ^^^^^^^^^^^^^^^^^^^^^^^^^^
  File "/home/airflow/.local/lib/python3.12/site-packages/airflow/models/baseoperator.py", line 424, in wrapper
    return func(self, *args, **kwargs)
           ^^^^^^^^^^^^^^^^^^^^^^^^^^^
  File "/home/airflow/.local/lib/python3.12/site-packages/airflow/providers/apache/spark/operators/spark_submit.py", line 177, in execute
    self._hook.submit(self.application)
  File "/home/airflow/.local/lib/python3.12/site-packages/airflow/providers/apache/spark/hooks/spark_submit.py", line 567, in submit
    raise AirflowException(
airflow.exceptions.AirflowException: Cannot execute: spark-submit --master spark://172.18.0.4:7077 --name arrow-spark --deploy-mode client jobs/python/load_exchangeRateToDW.py. Error code is: 1.
[2025-03-06T15:36:28.091+0000] {local_task_job_runner.py:266} INFO - Task exited with return code 1
[2025-03-06T15:36:28.119+0000] {taskinstance.py:3901} INFO - 0 downstream tasks scheduled from follow-on schedule check
[2025-03-06T15:36:28.123+0000] {local_task_job_runner.py:245} INFO - ::endgroup::
