[2025-03-06T14:26:38.989+0000] {local_task_job_runner.py:123} INFO - ::group::Pre task execution logs
[2025-03-06T14:26:39.017+0000] {taskinstance.py:2614} INFO - Dependencies all met for dep_context=non-requeueable deps ti=<TaskInstance: spark_flow.load_exchangeRate_python_job manual__2025-03-06T14:26:35.923131+00:00 [queued]>
[2025-03-06T14:26:39.028+0000] {taskinstance.py:2614} INFO - Dependencies all met for dep_context=requeueable deps ti=<TaskInstance: spark_flow.load_exchangeRate_python_job manual__2025-03-06T14:26:35.923131+00:00 [queued]>
[2025-03-06T14:26:39.031+0000] {taskinstance.py:2867} INFO - Starting attempt 1 of 1
[2025-03-06T14:26:39.046+0000] {taskinstance.py:2890} INFO - Executing <Task(SparkSubmitOperator): load_exchangeRate_python_job> on 2025-03-06 14:26:35.923131+00:00
[2025-03-06T14:26:39.053+0000] {standard_task_runner.py:104} INFO - Running: ['***', 'tasks', 'run', 'spark_flow', 'load_exchangeRate_python_job', 'manual__2025-03-06T14:26:35.923131+00:00', '--job-id', '13', '--raw', '--subdir', 'DAGS_FOLDER/dag_***_spark.py', '--cfg-path', '/tmp/tmp0wt9t9m9']
[2025-03-06T14:26:39.056+0000] {standard_task_runner.py:105} INFO - Job 13: Subtask load_exchangeRate_python_job
[2025-03-06T14:26:39.057+0000] {logging_mixin.py:190} WARNING - /home/***/.local/lib/python3.12/site-packages/***/task/task_runner/standard_task_runner.py:70 DeprecationWarning: This process (pid=647) is multi-threaded, use of fork() may lead to deadlocks in the child.
[2025-03-06T14:26:39.058+0000] {standard_task_runner.py:72} INFO - Started process 648 to run task
[2025-03-06T14:26:39.116+0000] {task_command.py:467} INFO - Running <TaskInstance: spark_flow.load_exchangeRate_python_job manual__2025-03-06T14:26:35.923131+00:00 [running]> on host 13fb702d3c09
[2025-03-06T14:26:39.217+0000] {taskinstance.py:3134} INFO - Exporting env vars: AIRFLOW_CTX_DAG_OWNER='haonv' AIRFLOW_CTX_DAG_ID='spark_flow' AIRFLOW_CTX_TASK_ID='load_exchangeRate_python_job' AIRFLOW_CTX_EXECUTION_DATE='2025-03-06T14:26:35.923131+00:00' AIRFLOW_CTX_TRY_NUMBER='1' AIRFLOW_CTX_DAG_RUN_ID='manual__2025-03-06T14:26:35.923131+00:00'
[2025-03-06T14:26:39.218+0000] {taskinstance.py:732} INFO - ::endgroup::
[2025-03-06T14:26:39.246+0000] {base.py:84} INFO - Retrieving connection 'spark-conn'
[2025-03-06T14:26:39.248+0000] {spark_submit.py:474} INFO - Spark-Submit cmd: spark-submit --master spark://spark-master-1:7077 --name arrow-spark --deploy-mode client jobs/python/load_exchangeRateToDW.py
[2025-03-06T14:26:42.653+0000] {spark_submit.py:641} INFO - 25/03/06 14:26:42 INFO SparkContext: Running Spark version 3.5.5
[2025-03-06T14:26:42.655+0000] {spark_submit.py:641} INFO - 25/03/06 14:26:42 INFO SparkContext: OS info Linux, 5.15.167.4-microsoft-standard-WSL2, amd64
[2025-03-06T14:26:42.656+0000] {spark_submit.py:641} INFO - 25/03/06 14:26:42 INFO SparkContext: Java version 17.0.14
[2025-03-06T14:26:42.747+0000] {spark_submit.py:641} INFO - 25/03/06 14:26:42 WARN NativeCodeLoader: Unable to load native-hadoop library for your platform... using builtin-java classes where applicable
[2025-03-06T14:26:42.864+0000] {spark_submit.py:641} INFO - 25/03/06 14:26:42 INFO ResourceUtils: ==============================================================
[2025-03-06T14:26:42.865+0000] {spark_submit.py:641} INFO - 25/03/06 14:26:42 INFO ResourceUtils: No custom resources configured for spark.driver.
[2025-03-06T14:26:42.866+0000] {spark_submit.py:641} INFO - 25/03/06 14:26:42 INFO ResourceUtils: ==============================================================
[2025-03-06T14:26:42.866+0000] {spark_submit.py:641} INFO - 25/03/06 14:26:42 INFO SparkContext: Submitted application: ExchangeRateToDW
[2025-03-06T14:26:42.888+0000] {spark_submit.py:641} INFO - 25/03/06 14:26:42 INFO ResourceProfile: Default ResourceProfile created, executor resources: Map(memory -> name: memory, amount: 1024, script: , vendor: , offHeap -> name: offHeap, amount: 0, script: , vendor: ), task resources: Map(cpus -> name: cpus, amount: 1.0)
[2025-03-06T14:26:42.896+0000] {spark_submit.py:641} INFO - 25/03/06 14:26:42 INFO ResourceProfile: Limiting resource is cpu
[2025-03-06T14:26:42.897+0000] {spark_submit.py:641} INFO - 25/03/06 14:26:42 INFO ResourceProfileManager: Added ResourceProfile id: 0
[2025-03-06T14:26:42.982+0000] {spark_submit.py:641} INFO - 25/03/06 14:26:42 INFO SecurityManager: Changing view acls to: ***
[2025-03-06T14:26:42.982+0000] {spark_submit.py:641} INFO - 25/03/06 14:26:42 INFO SecurityManager: Changing modify acls to: ***
[2025-03-06T14:26:42.983+0000] {spark_submit.py:641} INFO - 25/03/06 14:26:42 INFO SecurityManager: Changing view acls groups to:
[2025-03-06T14:26:42.984+0000] {spark_submit.py:641} INFO - 25/03/06 14:26:42 INFO SecurityManager: Changing modify acls groups to:
[2025-03-06T14:26:42.985+0000] {spark_submit.py:641} INFO - 25/03/06 14:26:42 INFO SecurityManager: SecurityManager: authentication disabled; ui acls disabled; users with view permissions: ***; groups with view permissions: EMPTY; users with modify permissions: ***; groups with modify permissions: EMPTY
[2025-03-06T14:26:43.265+0000] {spark_submit.py:641} INFO - 25/03/06 14:26:43 INFO Utils: Successfully started service 'sparkDriver' on port 42161.
[2025-03-06T14:26:43.307+0000] {spark_submit.py:641} INFO - 25/03/06 14:26:43 INFO SparkEnv: Registering MapOutputTracker
[2025-03-06T14:26:43.356+0000] {spark_submit.py:641} INFO - 25/03/06 14:26:43 INFO SparkEnv: Registering BlockManagerMaster
[2025-03-06T14:26:43.382+0000] {spark_submit.py:641} INFO - 25/03/06 14:26:43 INFO BlockManagerMasterEndpoint: Using org.apache.spark.storage.DefaultTopologyMapper for getting topology information
[2025-03-06T14:26:43.383+0000] {spark_submit.py:641} INFO - 25/03/06 14:26:43 INFO BlockManagerMasterEndpoint: BlockManagerMasterEndpoint up
[2025-03-06T14:26:43.388+0000] {spark_submit.py:641} INFO - 25/03/06 14:26:43 INFO SparkEnv: Registering BlockManagerMasterHeartbeat
[2025-03-06T14:26:43.426+0000] {spark_submit.py:641} INFO - 25/03/06 14:26:43 INFO DiskBlockManager: Created local directory at /tmp/blockmgr-6265c1e9-507e-4062-8501-1be5e7721b32
[2025-03-06T14:26:43.448+0000] {spark_submit.py:641} INFO - 25/03/06 14:26:43 INFO MemoryStore: MemoryStore started with capacity 434.4 MiB
[2025-03-06T14:26:43.469+0000] {spark_submit.py:641} INFO - 25/03/06 14:26:43 INFO SparkEnv: Registering OutputCommitCoordinator
[2025-03-06T14:26:43.650+0000] {spark_submit.py:641} INFO - 25/03/06 14:26:43 INFO JettyUtils: Start Jetty 0.0.0.0:4040 for SparkUI
[2025-03-06T14:26:43.731+0000] {spark_submit.py:641} INFO - 25/03/06 14:26:43 INFO Utils: Successfully started service 'SparkUI' on port 4040.
[2025-03-06T14:26:43.782+0000] {spark_submit.py:641} INFO - 25/03/06 14:26:43 ERROR SparkContext: Failed to add /opt/spark/jars/postgresql-42.7.5.jar to Spark environment
[2025-03-06T14:26:43.783+0000] {spark_submit.py:641} INFO - java.io.FileNotFoundException: Jar /opt/spark/jars/postgresql-42.7.5.jar not found
[2025-03-06T14:26:43.784+0000] {spark_submit.py:641} INFO - at org.apache.spark.SparkContext.addLocalJarFile$1(SparkContext.scala:2095)
[2025-03-06T14:26:43.785+0000] {spark_submit.py:641} INFO - at org.apache.spark.SparkContext.addJar(SparkContext.scala:2151)
[2025-03-06T14:26:43.785+0000] {spark_submit.py:641} INFO - at org.apache.spark.SparkContext.$anonfun$new$15(SparkContext.scala:521)
[2025-03-06T14:26:43.786+0000] {spark_submit.py:641} INFO - at org.apache.spark.SparkContext.$anonfun$new$15$adapted(SparkContext.scala:521)
[2025-03-06T14:26:43.787+0000] {spark_submit.py:641} INFO - at scala.collection.mutable.ResizableArray.foreach(ResizableArray.scala:62)
[2025-03-06T14:26:43.788+0000] {spark_submit.py:641} INFO - at scala.collection.mutable.ResizableArray.foreach$(ResizableArray.scala:55)
[2025-03-06T14:26:43.789+0000] {spark_submit.py:641} INFO - at scala.collection.mutable.ArrayBuffer.foreach(ArrayBuffer.scala:49)
[2025-03-06T14:26:43.790+0000] {spark_submit.py:641} INFO - at org.apache.spark.SparkContext.<init>(SparkContext.scala:521)
[2025-03-06T14:26:43.790+0000] {spark_submit.py:641} INFO - at org.apache.spark.api.java.JavaSparkContext.<init>(JavaSparkContext.scala:58)
[2025-03-06T14:26:43.791+0000] {spark_submit.py:641} INFO - at java.base/jdk.internal.reflect.NativeConstructorAccessorImpl.newInstance0(Native Method)
[2025-03-06T14:26:43.792+0000] {spark_submit.py:641} INFO - at java.base/jdk.internal.reflect.NativeConstructorAccessorImpl.newInstance(NativeConstructorAccessorImpl.java:77)
[2025-03-06T14:26:43.793+0000] {spark_submit.py:641} INFO - at java.base/jdk.internal.reflect.DelegatingConstructorAccessorImpl.newInstance(DelegatingConstructorAccessorImpl.java:45)
[2025-03-06T14:26:43.793+0000] {spark_submit.py:641} INFO - at java.base/java.lang.reflect.Constructor.newInstanceWithCaller(Constructor.java:500)
[2025-03-06T14:26:43.794+0000] {spark_submit.py:641} INFO - at java.base/java.lang.reflect.Constructor.newInstance(Constructor.java:481)
[2025-03-06T14:26:43.795+0000] {spark_submit.py:641} INFO - at py4j.reflection.MethodInvoker.invoke(MethodInvoker.java:247)
[2025-03-06T14:26:43.796+0000] {spark_submit.py:641} INFO - at py4j.reflection.ReflectionEngine.invoke(ReflectionEngine.java:374)
[2025-03-06T14:26:43.797+0000] {spark_submit.py:641} INFO - at py4j.Gateway.invoke(Gateway.java:238)
[2025-03-06T14:26:43.798+0000] {spark_submit.py:641} INFO - at py4j.commands.ConstructorCommand.invokeConstructor(ConstructorCommand.java:80)
[2025-03-06T14:26:43.798+0000] {spark_submit.py:641} INFO - at py4j.commands.ConstructorCommand.execute(ConstructorCommand.java:69)
[2025-03-06T14:26:43.799+0000] {spark_submit.py:641} INFO - at py4j.ClientServerConnection.waitForCommands(ClientServerConnection.java:182)
[2025-03-06T14:26:43.800+0000] {spark_submit.py:641} INFO - at py4j.ClientServerConnection.run(ClientServerConnection.java:106)
[2025-03-06T14:26:43.801+0000] {spark_submit.py:641} INFO - at java.base/java.lang.Thread.run(Thread.java:840)
[2025-03-06T14:26:43.895+0000] {spark_submit.py:641} INFO - 25/03/06 14:26:43 INFO StandaloneAppClient$ClientEndpoint: Connecting to master spark://spark-master-1:7077...
[2025-03-06T14:26:44.991+0000] {spark_submit.py:641} INFO - 25/03/06 14:26:44 WARN StandaloneAppClient$ClientEndpoint: Failed to connect to master spark-master-1:7077
[2025-03-06T14:26:44.991+0000] {spark_submit.py:641} INFO - org.apache.spark.SparkException: Exception thrown in awaitResult:
[2025-03-06T14:26:44.992+0000] {spark_submit.py:641} INFO - at org.apache.spark.util.SparkThreadUtils$.awaitResult(SparkThreadUtils.scala:56)
[2025-03-06T14:26:44.992+0000] {spark_submit.py:641} INFO - at org.apache.spark.util.ThreadUtils$.awaitResult(ThreadUtils.scala:310)
[2025-03-06T14:26:44.993+0000] {spark_submit.py:641} INFO - at org.apache.spark.rpc.RpcTimeout.awaitResult(RpcTimeout.scala:75)
[2025-03-06T14:26:44.993+0000] {spark_submit.py:641} INFO - at org.apache.spark.rpc.RpcEnv.setupEndpointRefByURI(RpcEnv.scala:102)
[2025-03-06T14:26:44.994+0000] {spark_submit.py:641} INFO - at org.apache.spark.rpc.RpcEnv.setupEndpointRef(RpcEnv.scala:110)
[2025-03-06T14:26:44.994+0000] {spark_submit.py:641} INFO - at org.apache.spark.deploy.client.StandaloneAppClient$ClientEndpoint$$anon$1.run(StandaloneAppClient.scala:108)
[2025-03-06T14:26:44.995+0000] {spark_submit.py:641} INFO - at java.base/java.util.concurrent.Executors$RunnableAdapter.call(Executors.java:539)
[2025-03-06T14:26:44.996+0000] {spark_submit.py:641} INFO - at java.base/java.util.concurrent.FutureTask.run(FutureTask.java:264)
[2025-03-06T14:26:44.996+0000] {spark_submit.py:641} INFO - at java.base/java.util.concurrent.ThreadPoolExecutor.runWorker(ThreadPoolExecutor.java:1136)
[2025-03-06T14:26:44.996+0000] {spark_submit.py:641} INFO - at java.base/java.util.concurrent.ThreadPoolExecutor$Worker.run(ThreadPoolExecutor.java:635)
[2025-03-06T14:26:44.997+0000] {spark_submit.py:641} INFO - at java.base/java.lang.Thread.run(Thread.java:840)
[2025-03-06T14:26:44.997+0000] {spark_submit.py:641} INFO - Caused by: java.io.IOException: Failed to connect to spark-master-1/<unresolved>:7077
[2025-03-06T14:26:44.998+0000] {spark_submit.py:641} INFO - at org.apache.spark.network.client.TransportClientFactory.createClient(TransportClientFactory.java:294)
[2025-03-06T14:26:44.998+0000] {spark_submit.py:641} INFO - at org.apache.spark.network.client.TransportClientFactory.createClient(TransportClientFactory.java:214)
[2025-03-06T14:26:44.999+0000] {spark_submit.py:641} INFO - at org.apache.spark.network.client.TransportClientFactory.createClient(TransportClientFactory.java:226)
[2025-03-06T14:26:44.999+0000] {spark_submit.py:641} INFO - at org.apache.spark.rpc.netty.NettyRpcEnv.createClient(NettyRpcEnv.scala:204)
[2025-03-06T14:26:45.000+0000] {spark_submit.py:641} INFO - at org.apache.spark.rpc.netty.Outbox$$anon$1.call(Outbox.scala:202)
[2025-03-06T14:26:45.000+0000] {spark_submit.py:641} INFO - at org.apache.spark.rpc.netty.Outbox$$anon$1.call(Outbox.scala:198)
[2025-03-06T14:26:45.000+0000] {spark_submit.py:641} INFO - ... 4 more
[2025-03-06T14:26:45.001+0000] {spark_submit.py:641} INFO - Caused by: java.net.UnknownHostException: spark-master-1
[2025-03-06T14:26:45.001+0000] {spark_submit.py:641} INFO - at java.base/java.net.InetAddress$CachedAddresses.get(InetAddress.java:801)
[2025-03-06T14:26:45.002+0000] {spark_submit.py:641} INFO - at java.base/java.net.InetAddress.getAllByName0(InetAddress.java:1533)
[2025-03-06T14:26:45.002+0000] {spark_submit.py:641} INFO - at java.base/java.net.InetAddress.getAllByName(InetAddress.java:1385)
[2025-03-06T14:26:45.002+0000] {spark_submit.py:641} INFO - at java.base/java.net.InetAddress.getAllByName(InetAddress.java:1306)
[2025-03-06T14:26:45.003+0000] {spark_submit.py:641} INFO - at java.base/java.net.InetAddress.getByName(InetAddress.java:1256)
[2025-03-06T14:26:45.003+0000] {spark_submit.py:641} INFO - at io.netty.util.internal.SocketUtils$8.run(SocketUtils.java:156)
[2025-03-06T14:26:45.004+0000] {spark_submit.py:641} INFO - at io.netty.util.internal.SocketUtils$8.run(SocketUtils.java:153)
[2025-03-06T14:26:45.004+0000] {spark_submit.py:641} INFO - at java.base/java.security.AccessController.doPrivileged(AccessController.java:569)
[2025-03-06T14:26:45.005+0000] {spark_submit.py:641} INFO - at io.netty.util.internal.SocketUtils.addressByName(SocketUtils.java:153)
[2025-03-06T14:26:45.005+0000] {spark_submit.py:641} INFO - at io.netty.resolver.DefaultNameResolver.doResolve(DefaultNameResolver.java:41)
[2025-03-06T14:26:45.005+0000] {spark_submit.py:641} INFO - at io.netty.resolver.SimpleNameResolver.resolve(SimpleNameResolver.java:61)
[2025-03-06T14:26:45.006+0000] {spark_submit.py:641} INFO - at io.netty.resolver.SimpleNameResolver.resolve(SimpleNameResolver.java:53)
[2025-03-06T14:26:45.006+0000] {spark_submit.py:641} INFO - at io.netty.resolver.InetSocketAddressResolver.doResolve(InetSocketAddressResolver.java:55)
[2025-03-06T14:26:45.007+0000] {spark_submit.py:641} INFO - at io.netty.resolver.InetSocketAddressResolver.doResolve(InetSocketAddressResolver.java:31)
[2025-03-06T14:26:45.007+0000] {spark_submit.py:641} INFO - at io.netty.resolver.AbstractAddressResolver.resolve(AbstractAddressResolver.java:106)
[2025-03-06T14:26:45.007+0000] {spark_submit.py:641} INFO - at io.netty.bootstrap.Bootstrap.doResolveAndConnect0(Bootstrap.java:220)
[2025-03-06T14:26:45.008+0000] {spark_submit.py:641} INFO - at io.netty.bootstrap.Bootstrap.access$000(Bootstrap.java:46)
[2025-03-06T14:26:45.008+0000] {spark_submit.py:641} INFO - at io.netty.bootstrap.Bootstrap$1.operationComplete(Bootstrap.java:189)
[2025-03-06T14:26:45.008+0000] {spark_submit.py:641} INFO - at io.netty.bootstrap.Bootstrap$1.operationComplete(Bootstrap.java:175)
[2025-03-06T14:26:45.009+0000] {spark_submit.py:641} INFO - at io.netty.util.concurrent.DefaultPromise.notifyListener0(DefaultPromise.java:590)
[2025-03-06T14:26:45.009+0000] {spark_submit.py:641} INFO - at io.netty.util.concurrent.DefaultPromise.notifyListenersNow(DefaultPromise.java:557)
[2025-03-06T14:26:45.009+0000] {spark_submit.py:641} INFO - at io.netty.util.concurrent.DefaultPromise.notifyListeners(DefaultPromise.java:492)
[2025-03-06T14:26:45.010+0000] {spark_submit.py:641} INFO - at io.netty.util.concurrent.DefaultPromise.setValue0(DefaultPromise.java:636)
[2025-03-06T14:26:45.010+0000] {spark_submit.py:641} INFO - at io.netty.util.concurrent.DefaultPromise.setSuccess0(DefaultPromise.java:625)
[2025-03-06T14:26:45.010+0000] {spark_submit.py:641} INFO - at io.netty.util.concurrent.DefaultPromise.trySuccess(DefaultPromise.java:105)
[2025-03-06T14:26:45.011+0000] {spark_submit.py:641} INFO - at io.netty.channel.DefaultChannelPromise.trySuccess(DefaultChannelPromise.java:84)
[2025-03-06T14:26:45.011+0000] {spark_submit.py:641} INFO - at io.netty.channel.AbstractChannel$AbstractUnsafe.safeSetSuccess(AbstractChannel.java:990)
[2025-03-06T14:26:45.011+0000] {spark_submit.py:641} INFO - at io.netty.channel.AbstractChannel$AbstractUnsafe.register0(AbstractChannel.java:516)
[2025-03-06T14:26:45.012+0000] {spark_submit.py:641} INFO - at io.netty.channel.AbstractChannel$AbstractUnsafe.access$200(AbstractChannel.java:429)
[2025-03-06T14:26:45.012+0000] {spark_submit.py:641} INFO - at io.netty.channel.AbstractChannel$AbstractUnsafe$1.run(AbstractChannel.java:486)
[2025-03-06T14:26:45.012+0000] {spark_submit.py:641} INFO - at io.netty.util.concurrent.AbstractEventExecutor.runTask(AbstractEventExecutor.java:174)
[2025-03-06T14:26:45.012+0000] {spark_submit.py:641} INFO - at io.netty.util.concurrent.AbstractEventExecutor.safeExecute(AbstractEventExecutor.java:167)
[2025-03-06T14:26:45.013+0000] {spark_submit.py:641} INFO - at io.netty.util.concurrent.SingleThreadEventExecutor.runAllTasks(SingleThreadEventExecutor.java:470)
[2025-03-06T14:26:45.013+0000] {spark_submit.py:641} INFO - at io.netty.channel.nio.NioEventLoop.run(NioEventLoop.java:569)
[2025-03-06T14:26:45.013+0000] {spark_submit.py:641} INFO - at io.netty.util.concurrent.SingleThreadEventExecutor$4.run(SingleThreadEventExecutor.java:997)
[2025-03-06T14:26:45.014+0000] {spark_submit.py:641} INFO - at io.netty.util.internal.ThreadExecutorMap$2.run(ThreadExecutorMap.java:74)
[2025-03-06T14:26:45.014+0000] {spark_submit.py:641} INFO - at io.netty.util.concurrent.FastThreadLocalRunnable.run(FastThreadLocalRunnable.java:30)
[2025-03-06T14:26:45.014+0000] {spark_submit.py:641} INFO - ... 1 more
[2025-03-06T14:27:03.895+0000] {spark_submit.py:641} INFO - 25/03/06 14:27:03 INFO StandaloneAppClient$ClientEndpoint: Connecting to master spark://spark-master-1:7077...
[2025-03-06T14:27:04.934+0000] {spark_submit.py:641} INFO - 25/03/06 14:27:04 WARN StandaloneAppClient$ClientEndpoint: Failed to connect to master spark-master-1:7077
[2025-03-06T14:27:04.935+0000] {spark_submit.py:641} INFO - org.apache.spark.SparkException: Exception thrown in awaitResult:
[2025-03-06T14:27:04.935+0000] {spark_submit.py:641} INFO - at org.apache.spark.util.SparkThreadUtils$.awaitResult(SparkThreadUtils.scala:56)
[2025-03-06T14:27:04.936+0000] {spark_submit.py:641} INFO - at org.apache.spark.util.ThreadUtils$.awaitResult(ThreadUtils.scala:310)
[2025-03-06T14:27:04.936+0000] {spark_submit.py:641} INFO - at org.apache.spark.rpc.RpcTimeout.awaitResult(RpcTimeout.scala:75)
[2025-03-06T14:27:04.937+0000] {spark_submit.py:641} INFO - at org.apache.spark.rpc.RpcEnv.setupEndpointRefByURI(RpcEnv.scala:102)
[2025-03-06T14:27:04.937+0000] {spark_submit.py:641} INFO - at org.apache.spark.rpc.RpcEnv.setupEndpointRef(RpcEnv.scala:110)
[2025-03-06T14:27:04.938+0000] {spark_submit.py:641} INFO - at org.apache.spark.deploy.client.StandaloneAppClient$ClientEndpoint$$anon$1.run(StandaloneAppClient.scala:108)
[2025-03-06T14:27:04.938+0000] {spark_submit.py:641} INFO - at java.base/java.util.concurrent.Executors$RunnableAdapter.call(Executors.java:539)
[2025-03-06T14:27:04.939+0000] {spark_submit.py:641} INFO - at java.base/java.util.concurrent.FutureTask.run(FutureTask.java:264)
[2025-03-06T14:27:04.939+0000] {spark_submit.py:641} INFO - at java.base/java.util.concurrent.ThreadPoolExecutor.runWorker(ThreadPoolExecutor.java:1136)
[2025-03-06T14:27:04.940+0000] {spark_submit.py:641} INFO - at java.base/java.util.concurrent.ThreadPoolExecutor$Worker.run(ThreadPoolExecutor.java:635)
[2025-03-06T14:27:04.940+0000] {spark_submit.py:641} INFO - at java.base/java.lang.Thread.run(Thread.java:840)
[2025-03-06T14:27:04.941+0000] {spark_submit.py:641} INFO - Caused by: java.io.IOException: Failed to connect to spark-master-1/<unresolved>:7077
[2025-03-06T14:27:04.941+0000] {spark_submit.py:641} INFO - at org.apache.spark.network.client.TransportClientFactory.createClient(TransportClientFactory.java:294)
[2025-03-06T14:27:04.942+0000] {spark_submit.py:641} INFO - at org.apache.spark.network.client.TransportClientFactory.createClient(TransportClientFactory.java:214)
[2025-03-06T14:27:04.942+0000] {spark_submit.py:641} INFO - at org.apache.spark.network.client.TransportClientFactory.createClient(TransportClientFactory.java:226)
[2025-03-06T14:27:04.942+0000] {spark_submit.py:641} INFO - at org.apache.spark.rpc.netty.NettyRpcEnv.createClient(NettyRpcEnv.scala:204)
[2025-03-06T14:27:04.943+0000] {spark_submit.py:641} INFO - at org.apache.spark.rpc.netty.Outbox$$anon$1.call(Outbox.scala:202)
[2025-03-06T14:27:04.943+0000] {spark_submit.py:641} INFO - at org.apache.spark.rpc.netty.Outbox$$anon$1.call(Outbox.scala:198)
[2025-03-06T14:27:04.944+0000] {spark_submit.py:641} INFO - ... 4 more
[2025-03-06T14:27:04.944+0000] {spark_submit.py:641} INFO - Caused by: java.net.UnknownHostException: spark-master-1
[2025-03-06T14:27:04.945+0000] {spark_submit.py:641} INFO - at java.base/java.net.InetAddress$CachedAddresses.get(InetAddress.java:801)
[2025-03-06T14:27:04.945+0000] {spark_submit.py:641} INFO - at java.base/java.net.InetAddress.getAllByName0(InetAddress.java:1533)
[2025-03-06T14:27:04.946+0000] {spark_submit.py:641} INFO - at java.base/java.net.InetAddress.getAllByName(InetAddress.java:1385)
[2025-03-06T14:27:04.946+0000] {spark_submit.py:641} INFO - at java.base/java.net.InetAddress.getAllByName(InetAddress.java:1306)
[2025-03-06T14:27:04.947+0000] {spark_submit.py:641} INFO - at java.base/java.net.InetAddress.getByName(InetAddress.java:1256)
[2025-03-06T14:27:04.947+0000] {spark_submit.py:641} INFO - at io.netty.util.internal.SocketUtils$8.run(SocketUtils.java:156)
[2025-03-06T14:27:04.948+0000] {spark_submit.py:641} INFO - at io.netty.util.internal.SocketUtils$8.run(SocketUtils.java:153)
[2025-03-06T14:27:04.948+0000] {spark_submit.py:641} INFO - at java.base/java.security.AccessController.doPrivileged(AccessController.java:569)
[2025-03-06T14:27:04.949+0000] {spark_submit.py:641} INFO - at io.netty.util.internal.SocketUtils.addressByName(SocketUtils.java:153)
[2025-03-06T14:27:04.949+0000] {spark_submit.py:641} INFO - at io.netty.resolver.DefaultNameResolver.doResolve(DefaultNameResolver.java:41)
[2025-03-06T14:27:04.950+0000] {spark_submit.py:641} INFO - at io.netty.resolver.SimpleNameResolver.resolve(SimpleNameResolver.java:61)
[2025-03-06T14:27:04.950+0000] {spark_submit.py:641} INFO - at io.netty.resolver.SimpleNameResolver.resolve(SimpleNameResolver.java:53)
[2025-03-06T14:27:04.950+0000] {spark_submit.py:641} INFO - at io.netty.resolver.InetSocketAddressResolver.doResolve(InetSocketAddressResolver.java:55)
[2025-03-06T14:27:04.951+0000] {spark_submit.py:641} INFO - at io.netty.resolver.InetSocketAddressResolver.doResolve(InetSocketAddressResolver.java:31)
[2025-03-06T14:27:04.951+0000] {spark_submit.py:641} INFO - at io.netty.resolver.AbstractAddressResolver.resolve(AbstractAddressResolver.java:106)
[2025-03-06T14:27:04.952+0000] {spark_submit.py:641} INFO - at io.netty.bootstrap.Bootstrap.doResolveAndConnect0(Bootstrap.java:220)
[2025-03-06T14:27:04.952+0000] {spark_submit.py:641} INFO - at io.netty.bootstrap.Bootstrap.access$000(Bootstrap.java:46)
[2025-03-06T14:27:04.952+0000] {spark_submit.py:641} INFO - at io.netty.bootstrap.Bootstrap$1.operationComplete(Bootstrap.java:189)
[2025-03-06T14:27:04.953+0000] {spark_submit.py:641} INFO - at io.netty.bootstrap.Bootstrap$1.operationComplete(Bootstrap.java:175)
[2025-03-06T14:27:04.953+0000] {spark_submit.py:641} INFO - at io.netty.util.concurrent.DefaultPromise.notifyListener0(DefaultPromise.java:590)
[2025-03-06T14:27:04.953+0000] {spark_submit.py:641} INFO - at io.netty.util.concurrent.DefaultPromise.notifyListenersNow(DefaultPromise.java:557)
[2025-03-06T14:27:04.954+0000] {spark_submit.py:641} INFO - at io.netty.util.concurrent.DefaultPromise.notifyListeners(DefaultPromise.java:492)
[2025-03-06T14:27:04.954+0000] {spark_submit.py:641} INFO - at io.netty.util.concurrent.DefaultPromise.setValue0(DefaultPromise.java:636)
[2025-03-06T14:27:04.955+0000] {spark_submit.py:641} INFO - at io.netty.util.concurrent.DefaultPromise.setSuccess0(DefaultPromise.java:625)
[2025-03-06T14:27:04.955+0000] {spark_submit.py:641} INFO - at io.netty.util.concurrent.DefaultPromise.trySuccess(DefaultPromise.java:105)
[2025-03-06T14:27:04.956+0000] {spark_submit.py:641} INFO - at io.netty.channel.DefaultChannelPromise.trySuccess(DefaultChannelPromise.java:84)
[2025-03-06T14:27:04.956+0000] {spark_submit.py:641} INFO - at io.netty.channel.AbstractChannel$AbstractUnsafe.safeSetSuccess(AbstractChannel.java:990)
[2025-03-06T14:27:04.957+0000] {spark_submit.py:641} INFO - at io.netty.channel.AbstractChannel$AbstractUnsafe.register0(AbstractChannel.java:516)
[2025-03-06T14:27:04.957+0000] {spark_submit.py:641} INFO - at io.netty.channel.AbstractChannel$AbstractUnsafe.access$200(AbstractChannel.java:429)
[2025-03-06T14:27:04.958+0000] {spark_submit.py:641} INFO - at io.netty.channel.AbstractChannel$AbstractUnsafe$1.run(AbstractChannel.java:486)
[2025-03-06T14:27:04.958+0000] {spark_submit.py:641} INFO - at io.netty.util.concurrent.AbstractEventExecutor.runTask(AbstractEventExecutor.java:174)
[2025-03-06T14:27:04.959+0000] {spark_submit.py:641} INFO - at io.netty.util.concurrent.AbstractEventExecutor.safeExecute(AbstractEventExecutor.java:167)
[2025-03-06T14:27:04.960+0000] {spark_submit.py:641} INFO - at io.netty.util.concurrent.SingleThreadEventExecutor.runAllTasks(SingleThreadEventExecutor.java:470)
[2025-03-06T14:27:04.960+0000] {spark_submit.py:641} INFO - at io.netty.channel.nio.NioEventLoop.run(NioEventLoop.java:569)
[2025-03-06T14:27:04.961+0000] {spark_submit.py:641} INFO - at io.netty.util.concurrent.SingleThreadEventExecutor$4.run(SingleThreadEventExecutor.java:997)
[2025-03-06T14:27:04.962+0000] {spark_submit.py:641} INFO - at io.netty.util.internal.ThreadExecutorMap$2.run(ThreadExecutorMap.java:74)
[2025-03-06T14:27:04.962+0000] {spark_submit.py:641} INFO - at io.netty.util.concurrent.FastThreadLocalRunnable.run(FastThreadLocalRunnable.java:30)
[2025-03-06T14:27:04.963+0000] {spark_submit.py:641} INFO - ... 1 more
[2025-03-06T14:27:23.894+0000] {spark_submit.py:641} INFO - 25/03/06 14:27:23 INFO StandaloneAppClient$ClientEndpoint: Connecting to master spark://spark-master-1:7077...
[2025-03-06T14:27:24.932+0000] {spark_submit.py:641} INFO - 25/03/06 14:27:24 WARN StandaloneAppClient$ClientEndpoint: Failed to connect to master spark-master-1:7077
[2025-03-06T14:27:24.932+0000] {spark_submit.py:641} INFO - org.apache.spark.SparkException: Exception thrown in awaitResult:
[2025-03-06T14:27:24.933+0000] {spark_submit.py:641} INFO - at org.apache.spark.util.SparkThreadUtils$.awaitResult(SparkThreadUtils.scala:56)
[2025-03-06T14:27:24.933+0000] {spark_submit.py:641} INFO - at org.apache.spark.util.ThreadUtils$.awaitResult(ThreadUtils.scala:310)
[2025-03-06T14:27:24.934+0000] {spark_submit.py:641} INFO - at org.apache.spark.rpc.RpcTimeout.awaitResult(RpcTimeout.scala:75)
[2025-03-06T14:27:24.934+0000] {spark_submit.py:641} INFO - at org.apache.spark.rpc.RpcEnv.setupEndpointRefByURI(RpcEnv.scala:102)
[2025-03-06T14:27:24.935+0000] {spark_submit.py:641} INFO - at org.apache.spark.rpc.RpcEnv.setupEndpointRef(RpcEnv.scala:110)
[2025-03-06T14:27:24.935+0000] {spark_submit.py:641} INFO - at org.apache.spark.deploy.client.StandaloneAppClient$ClientEndpoint$$anon$1.run(StandaloneAppClient.scala:108)
[2025-03-06T14:27:24.936+0000] {spark_submit.py:641} INFO - at java.base/java.util.concurrent.Executors$RunnableAdapter.call(Executors.java:539)
[2025-03-06T14:27:24.936+0000] {spark_submit.py:641} INFO - at java.base/java.util.concurrent.FutureTask.run(FutureTask.java:264)
[2025-03-06T14:27:24.937+0000] {spark_submit.py:641} INFO - at java.base/java.util.concurrent.ThreadPoolExecutor.runWorker(ThreadPoolExecutor.java:1136)
[2025-03-06T14:27:24.937+0000] {spark_submit.py:641} INFO - at java.base/java.util.concurrent.ThreadPoolExecutor$Worker.run(ThreadPoolExecutor.java:635)
[2025-03-06T14:27:24.938+0000] {spark_submit.py:641} INFO - at java.base/java.lang.Thread.run(Thread.java:840)
[2025-03-06T14:27:24.938+0000] {spark_submit.py:641} INFO - Caused by: java.io.IOException: Failed to connect to spark-master-1/<unresolved>:7077
[2025-03-06T14:27:24.939+0000] {spark_submit.py:641} INFO - at org.apache.spark.network.client.TransportClientFactory.createClient(TransportClientFactory.java:294)
[2025-03-06T14:27:24.939+0000] {spark_submit.py:641} INFO - at org.apache.spark.network.client.TransportClientFactory.createClient(TransportClientFactory.java:214)
[2025-03-06T14:27:24.940+0000] {spark_submit.py:641} INFO - at org.apache.spark.network.client.TransportClientFactory.createClient(TransportClientFactory.java:226)
[2025-03-06T14:27:24.940+0000] {spark_submit.py:641} INFO - at org.apache.spark.rpc.netty.NettyRpcEnv.createClient(NettyRpcEnv.scala:204)
[2025-03-06T14:27:24.940+0000] {spark_submit.py:641} INFO - at org.apache.spark.rpc.netty.Outbox$$anon$1.call(Outbox.scala:202)
[2025-03-06T14:27:24.941+0000] {spark_submit.py:641} INFO - at org.apache.spark.rpc.netty.Outbox$$anon$1.call(Outbox.scala:198)
[2025-03-06T14:27:24.941+0000] {spark_submit.py:641} INFO - ... 4 more
[2025-03-06T14:27:24.942+0000] {spark_submit.py:641} INFO - Caused by: java.net.UnknownHostException: spark-master-1
[2025-03-06T14:27:24.942+0000] {spark_submit.py:641} INFO - at java.base/java.net.InetAddress$CachedAddresses.get(InetAddress.java:801)
[2025-03-06T14:27:24.942+0000] {spark_submit.py:641} INFO - at java.base/java.net.InetAddress.getAllByName0(InetAddress.java:1533)
[2025-03-06T14:27:24.943+0000] {spark_submit.py:641} INFO - at java.base/java.net.InetAddress.getAllByName(InetAddress.java:1385)
[2025-03-06T14:27:24.943+0000] {spark_submit.py:641} INFO - at java.base/java.net.InetAddress.getAllByName(InetAddress.java:1306)
[2025-03-06T14:27:24.944+0000] {spark_submit.py:641} INFO - at java.base/java.net.InetAddress.getByName(InetAddress.java:1256)
[2025-03-06T14:27:24.944+0000] {spark_submit.py:641} INFO - at io.netty.util.internal.SocketUtils$8.run(SocketUtils.java:156)
[2025-03-06T14:27:24.944+0000] {spark_submit.py:641} INFO - at io.netty.util.internal.SocketUtils$8.run(SocketUtils.java:153)
[2025-03-06T14:27:24.945+0000] {spark_submit.py:641} INFO - at java.base/java.security.AccessController.doPrivileged(AccessController.java:569)
[2025-03-06T14:27:24.945+0000] {spark_submit.py:641} INFO - at io.netty.util.internal.SocketUtils.addressByName(SocketUtils.java:153)
[2025-03-06T14:27:24.946+0000] {spark_submit.py:641} INFO - at io.netty.resolver.DefaultNameResolver.doResolve(DefaultNameResolver.java:41)
[2025-03-06T14:27:24.946+0000] {spark_submit.py:641} INFO - at io.netty.resolver.SimpleNameResolver.resolve(SimpleNameResolver.java:61)
[2025-03-06T14:27:24.946+0000] {spark_submit.py:641} INFO - at io.netty.resolver.SimpleNameResolver.resolve(SimpleNameResolver.java:53)
[2025-03-06T14:27:24.947+0000] {spark_submit.py:641} INFO - at io.netty.resolver.InetSocketAddressResolver.doResolve(InetSocketAddressResolver.java:55)
[2025-03-06T14:27:24.947+0000] {spark_submit.py:641} INFO - at io.netty.resolver.InetSocketAddressResolver.doResolve(InetSocketAddressResolver.java:31)
[2025-03-06T14:27:24.947+0000] {spark_submit.py:641} INFO - at io.netty.resolver.AbstractAddressResolver.resolve(AbstractAddressResolver.java:106)
[2025-03-06T14:27:24.948+0000] {spark_submit.py:641} INFO - at io.netty.bootstrap.Bootstrap.doResolveAndConnect0(Bootstrap.java:220)
[2025-03-06T14:27:24.948+0000] {spark_submit.py:641} INFO - at io.netty.bootstrap.Bootstrap.access$000(Bootstrap.java:46)
[2025-03-06T14:27:24.948+0000] {spark_submit.py:641} INFO - at io.netty.bootstrap.Bootstrap$1.operationComplete(Bootstrap.java:189)
[2025-03-06T14:27:24.949+0000] {spark_submit.py:641} INFO - at io.netty.bootstrap.Bootstrap$1.operationComplete(Bootstrap.java:175)
[2025-03-06T14:27:24.949+0000] {spark_submit.py:641} INFO - at io.netty.util.concurrent.DefaultPromise.notifyListener0(DefaultPromise.java:590)
[2025-03-06T14:27:24.949+0000] {spark_submit.py:641} INFO - at io.netty.util.concurrent.DefaultPromise.notifyListenersNow(DefaultPromise.java:557)
[2025-03-06T14:27:24.950+0000] {spark_submit.py:641} INFO - at io.netty.util.concurrent.DefaultPromise.notifyListeners(DefaultPromise.java:492)
[2025-03-06T14:27:24.950+0000] {spark_submit.py:641} INFO - at io.netty.util.concurrent.DefaultPromise.setValue0(DefaultPromise.java:636)
[2025-03-06T14:27:24.950+0000] {spark_submit.py:641} INFO - at io.netty.util.concurrent.DefaultPromise.setSuccess0(DefaultPromise.java:625)
[2025-03-06T14:27:24.951+0000] {spark_submit.py:641} INFO - at io.netty.util.concurrent.DefaultPromise.trySuccess(DefaultPromise.java:105)
[2025-03-06T14:27:24.951+0000] {spark_submit.py:641} INFO - at io.netty.channel.DefaultChannelPromise.trySuccess(DefaultChannelPromise.java:84)
[2025-03-06T14:27:24.951+0000] {spark_submit.py:641} INFO - at io.netty.channel.AbstractChannel$AbstractUnsafe.safeSetSuccess(AbstractChannel.java:990)
[2025-03-06T14:27:24.952+0000] {spark_submit.py:641} INFO - at io.netty.channel.AbstractChannel$AbstractUnsafe.register0(AbstractChannel.java:516)
[2025-03-06T14:27:24.952+0000] {spark_submit.py:641} INFO - at io.netty.channel.AbstractChannel$AbstractUnsafe.access$200(AbstractChannel.java:429)
[2025-03-06T14:27:24.952+0000] {spark_submit.py:641} INFO - at io.netty.channel.AbstractChannel$AbstractUnsafe$1.run(AbstractChannel.java:486)
[2025-03-06T14:27:24.953+0000] {spark_submit.py:641} INFO - at io.netty.util.concurrent.AbstractEventExecutor.runTask(AbstractEventExecutor.java:174)
[2025-03-06T14:27:24.953+0000] {spark_submit.py:641} INFO - at io.netty.util.concurrent.AbstractEventExecutor.safeExecute(AbstractEventExecutor.java:167)
[2025-03-06T14:27:24.953+0000] {spark_submit.py:641} INFO - at io.netty.util.concurrent.SingleThreadEventExecutor.runAllTasks(SingleThreadEventExecutor.java:470)
[2025-03-06T14:27:24.954+0000] {spark_submit.py:641} INFO - at io.netty.channel.nio.NioEventLoop.run(NioEventLoop.java:569)
[2025-03-06T14:27:24.954+0000] {spark_submit.py:641} INFO - at io.netty.util.concurrent.SingleThreadEventExecutor$4.run(SingleThreadEventExecutor.java:997)
[2025-03-06T14:27:24.954+0000] {spark_submit.py:641} INFO - at io.netty.util.internal.ThreadExecutorMap$2.run(ThreadExecutorMap.java:74)
[2025-03-06T14:27:24.954+0000] {spark_submit.py:641} INFO - at io.netty.util.concurrent.FastThreadLocalRunnable.run(FastThreadLocalRunnable.java:30)
[2025-03-06T14:27:24.955+0000] {spark_submit.py:641} INFO - ... 1 more
[2025-03-06T14:27:43.894+0000] {spark_submit.py:641} INFO - 25/03/06 14:27:43 WARN StandaloneSchedulerBackend: Application ID is not initialized yet.
[2025-03-06T14:27:43.895+0000] {spark_submit.py:641} INFO - 25/03/06 14:27:43 ERROR StandaloneSchedulerBackend: Application has been killed. Reason: All masters are unresponsive! Giving up.
[2025-03-06T14:27:43.907+0000] {spark_submit.py:641} INFO - 25/03/06 14:27:43 INFO Utils: Successfully started service 'org.apache.spark.network.netty.NettyBlockTransferService' on port 38955.
[2025-03-06T14:27:43.908+0000] {spark_submit.py:641} INFO - 25/03/06 14:27:43 INFO NettyBlockTransferService: Server created on 13fb702d3c09:38955
[2025-03-06T14:27:43.910+0000] {spark_submit.py:641} INFO - 25/03/06 14:27:43 INFO BlockManager: Using org.apache.spark.storage.RandomBlockReplicationPolicy for block replication policy
[2025-03-06T14:27:43.918+0000] {spark_submit.py:641} INFO - 25/03/06 14:27:43 INFO BlockManagerMaster: Registering BlockManager BlockManagerId(driver, 13fb702d3c09, 38955, None)
[2025-03-06T14:27:43.923+0000] {spark_submit.py:641} INFO - 25/03/06 14:27:43 INFO BlockManagerMasterEndpoint: Registering block manager 13fb702d3c09:38955 with 434.4 MiB RAM, BlockManagerId(driver, 13fb702d3c09, 38955, None)
[2025-03-06T14:27:43.926+0000] {spark_submit.py:641} INFO - 25/03/06 14:27:43 INFO BlockManagerMaster: Registered BlockManager BlockManagerId(driver, 13fb702d3c09, 38955, None)
[2025-03-06T14:27:43.928+0000] {spark_submit.py:641} INFO - 25/03/06 14:27:43 INFO BlockManager: Initialized BlockManager: BlockManagerId(driver, 13fb702d3c09, 38955, None)
[2025-03-06T14:27:44.153+0000] {spark_submit.py:641} INFO - 25/03/06 14:27:44 INFO StandaloneSchedulerBackend: SchedulerBackend is ready for scheduling beginning after reached minRegisteredResourcesRatio: 0.0
[2025-03-06T14:27:44.374+0000] {spark_submit.py:641} INFO - 25/03/06 14:27:44 INFO SparkContext: SparkContext is stopping with exitCode 0.
[2025-03-06T14:27:44.388+0000] {spark_submit.py:641} INFO - 25/03/06 14:27:44 INFO SparkUI: Stopped Spark web UI at http://13fb702d3c09:4040
[2025-03-06T14:27:44.393+0000] {spark_submit.py:641} INFO - 25/03/06 14:27:44 INFO StandaloneSchedulerBackend: Shutting down all executors
[2025-03-06T14:27:44.397+0000] {spark_submit.py:641} INFO - 25/03/06 14:27:44 INFO StandaloneSchedulerBackend$StandaloneDriverEndpoint: Asking each executor to shut down
[2025-03-06T14:27:44.405+0000] {spark_submit.py:641} INFO - 25/03/06 14:27:44 WARN StandaloneAppClient$ClientEndpoint: Drop UnregisterApplication(null) because has not yet connected to master
[2025-03-06T14:27:44.413+0000] {spark_submit.py:641} INFO - 25/03/06 14:27:44 INFO MapOutputTrackerMasterEndpoint: MapOutputTrackerMasterEndpoint stopped!
[2025-03-06T14:27:44.428+0000] {spark_submit.py:641} INFO - 25/03/06 14:27:44 INFO MemoryStore: MemoryStore cleared
[2025-03-06T14:27:44.429+0000] {spark_submit.py:641} INFO - 25/03/06 14:27:44 INFO BlockManager: BlockManager stopped
[2025-03-06T14:27:44.439+0000] {spark_submit.py:641} INFO - 25/03/06 14:27:44 INFO BlockManagerMaster: BlockManagerMaster stopped
[2025-03-06T14:27:44.443+0000] {spark_submit.py:641} INFO - 25/03/06 14:27:44 INFO OutputCommitCoordinator$OutputCommitCoordinatorEndpoint: OutputCommitCoordinator stopped!
[2025-03-06T14:27:44.454+0000] {spark_submit.py:641} INFO - 25/03/06 14:27:44 INFO SparkContext: Successfully stopped SparkContext
[2025-03-06T14:27:44.477+0000] {spark_submit.py:641} INFO - 25/03/06 14:27:44 INFO SharedState: Setting hive.metastore.warehouse.dir ('null') to the value of spark.sql.warehouse.dir.
[2025-03-06T14:27:44.485+0000] {spark_submit.py:641} INFO - 25/03/06 14:27:44 INFO SharedState: Warehouse path is 'file:/opt/***/spark-warehouse'.
[2025-03-06T14:27:44.540+0000] {spark_submit.py:641} INFO - Traceback (most recent call last):
[2025-03-06T14:27:44.540+0000] {spark_submit.py:641} INFO - File "/opt/***/jobs/python/load_exchangeRateToDW.py", line 59, in <module>
[2025-03-06T14:27:44.544+0000] {spark_submit.py:641} INFO - df = spark.readStream \
[2025-03-06T14:27:44.544+0000] {spark_submit.py:641} INFO - ^^^^^^^^^^^^^^^^
[2025-03-06T14:27:44.544+0000] {spark_submit.py:641} INFO - File "/home/***/.local/lib/python3.12/site-packages/pyspark/python/lib/pyspark.zip/pyspark/sql/session.py", line 1743, in readStream
[2025-03-06T14:27:44.545+0000] {spark_submit.py:641} INFO - File "/home/***/.local/lib/python3.12/site-packages/pyspark/python/lib/pyspark.zip/pyspark/sql/streaming/readwriter.py", line 77, in __init__
[2025-03-06T14:27:44.546+0000] {spark_submit.py:641} INFO - File "/home/***/.local/lib/python3.12/site-packages/pyspark/python/lib/py4j-0.10.9.7-src.zip/py4j/java_gateway.py", line 1322, in __call__
[2025-03-06T14:27:44.546+0000] {spark_submit.py:641} INFO - File "/home/***/.local/lib/python3.12/site-packages/pyspark/python/lib/pyspark.zip/pyspark/errors/exceptions/captured.py", line 179, in deco
[2025-03-06T14:27:44.547+0000] {spark_submit.py:641} INFO - File "/home/***/.local/lib/python3.12/site-packages/pyspark/python/lib/py4j-0.10.9.7-src.zip/py4j/protocol.py", line 326, in get_return_value
[2025-03-06T14:27:44.549+0000] {spark_submit.py:641} INFO - py4j.protocol.Py4JJavaError: An error occurred while calling o25.readStream.
[2025-03-06T14:27:44.549+0000] {spark_submit.py:641} INFO - : java.lang.IllegalStateException: LiveListenerBus is stopped.
[2025-03-06T14:27:44.550+0000] {spark_submit.py:641} INFO - at org.apache.spark.scheduler.LiveListenerBus.addToQueue(LiveListenerBus.scala:92)
[2025-03-06T14:27:44.550+0000] {spark_submit.py:641} INFO - at org.apache.spark.scheduler.LiveListenerBus.addToStatusQueue(LiveListenerBus.scala:75)
[2025-03-06T14:27:44.551+0000] {spark_submit.py:641} INFO - at org.apache.spark.sql.internal.SharedState.<init>(SharedState.scala:115)
[2025-03-06T14:27:44.551+0000] {spark_submit.py:641} INFO - at org.apache.spark.sql.SparkSession.$anonfun$sharedState$1(SparkSession.scala:143)
[2025-03-06T14:27:44.552+0000] {spark_submit.py:641} INFO - at scala.Option.getOrElse(Option.scala:189)
[2025-03-06T14:27:44.552+0000] {spark_submit.py:641} INFO - at org.apache.spark.sql.SparkSession.sharedState$lzycompute(SparkSession.scala:143)
[2025-03-06T14:27:44.553+0000] {spark_submit.py:641} INFO - at org.apache.spark.sql.SparkSession.sharedState(SparkSession.scala:142)
[2025-03-06T14:27:44.553+0000] {spark_submit.py:641} INFO - at org.apache.spark.sql.SparkSession.$anonfun$sessionState$2(SparkSession.scala:162)
[2025-03-06T14:27:44.554+0000] {spark_submit.py:641} INFO - at scala.Option.getOrElse(Option.scala:189)
[2025-03-06T14:27:44.554+0000] {spark_submit.py:641} INFO - at org.apache.spark.sql.SparkSession.sessionState$lzycompute(SparkSession.scala:160)
[2025-03-06T14:27:44.555+0000] {spark_submit.py:641} INFO - at org.apache.spark.sql.SparkSession.sessionState(SparkSession.scala:157)
[2025-03-06T14:27:44.555+0000] {spark_submit.py:641} INFO - at org.apache.spark.sql.streaming.DataStreamReader.<init>(DataStreamReader.scala:380)
[2025-03-06T14:27:44.555+0000] {spark_submit.py:641} INFO - at org.apache.spark.sql.SparkSession.readStream(SparkSession.scala:794)
[2025-03-06T14:27:44.556+0000] {spark_submit.py:641} INFO - at java.base/jdk.internal.reflect.NativeMethodAccessorImpl.invoke0(Native Method)
[2025-03-06T14:27:44.556+0000] {spark_submit.py:641} INFO - at java.base/jdk.internal.reflect.NativeMethodAccessorImpl.invoke(NativeMethodAccessorImpl.java:77)
[2025-03-06T14:27:44.557+0000] {spark_submit.py:641} INFO - at java.base/jdk.internal.reflect.DelegatingMethodAccessorImpl.invoke(DelegatingMethodAccessorImpl.java:43)
[2025-03-06T14:27:44.557+0000] {spark_submit.py:641} INFO - at java.base/java.lang.reflect.Method.invoke(Method.java:569)
[2025-03-06T14:27:44.557+0000] {spark_submit.py:641} INFO - at py4j.reflection.MethodInvoker.invoke(MethodInvoker.java:244)
[2025-03-06T14:27:44.558+0000] {spark_submit.py:641} INFO - at py4j.reflection.ReflectionEngine.invoke(ReflectionEngine.java:374)
[2025-03-06T14:27:44.558+0000] {spark_submit.py:641} INFO - at py4j.Gateway.invoke(Gateway.java:282)
[2025-03-06T14:27:44.559+0000] {spark_submit.py:641} INFO - at py4j.commands.AbstractCommand.invokeMethod(AbstractCommand.java:132)
[2025-03-06T14:27:44.559+0000] {spark_submit.py:641} INFO - at py4j.commands.CallCommand.execute(CallCommand.java:79)
[2025-03-06T14:27:44.560+0000] {spark_submit.py:641} INFO - at py4j.ClientServerConnection.waitForCommands(ClientServerConnection.java:182)
[2025-03-06T14:27:44.560+0000] {spark_submit.py:641} INFO - at py4j.ClientServerConnection.run(ClientServerConnection.java:106)
[2025-03-06T14:27:44.561+0000] {spark_submit.py:641} INFO - at java.base/java.lang.Thread.run(Thread.java:840)
[2025-03-06T14:27:44.561+0000] {spark_submit.py:641} INFO - 
[2025-03-06T14:27:44.606+0000] {spark_submit.py:641} INFO - 25/03/06 14:27:44 INFO ShutdownHookManager: Shutdown hook called
[2025-03-06T14:27:44.606+0000] {spark_submit.py:641} INFO - 25/03/06 14:27:44 INFO ShutdownHookManager: Deleting directory /tmp/spark-6a0f66a0-05f3-4bdf-aa26-094a33267a5a
[2025-03-06T14:27:44.610+0000] {spark_submit.py:641} INFO - 25/03/06 14:27:44 INFO ShutdownHookManager: Deleting directory /tmp/spark-b3b21999-0392-4d48-a36f-b8a18c7a31b9
[2025-03-06T14:27:44.615+0000] {spark_submit.py:641} INFO - 25/03/06 14:27:44 INFO ShutdownHookManager: Deleting directory /tmp/spark-6a0f66a0-05f3-4bdf-aa26-094a33267a5a/pyspark-6ee9b7b5-b908-453f-a761-b7952a21e98f
[2025-03-06T14:27:44.661+0000] {taskinstance.py:3313} ERROR - Task failed with exception
Traceback (most recent call last):
  File "/home/airflow/.local/lib/python3.12/site-packages/airflow/models/taskinstance.py", line 768, in _execute_task
    result = _execute_callable(context=context, **execute_callable_kwargs)
             ^^^^^^^^^^^^^^^^^^^^^^^^^^^^^^^^^^^^^^^^^^^^^^^^^^^^^^^^^^^^^
  File "/home/airflow/.local/lib/python3.12/site-packages/airflow/models/taskinstance.py", line 734, in _execute_callable
    return ExecutionCallableRunner(
           ^^^^^^^^^^^^^^^^^^^^^^^^
  File "/home/airflow/.local/lib/python3.12/site-packages/airflow/utils/operator_helpers.py", line 252, in run
    return self.func(*args, **kwargs)
           ^^^^^^^^^^^^^^^^^^^^^^^^^^
  File "/home/airflow/.local/lib/python3.12/site-packages/airflow/models/baseoperator.py", line 424, in wrapper
    return func(self, *args, **kwargs)
           ^^^^^^^^^^^^^^^^^^^^^^^^^^^
  File "/home/airflow/.local/lib/python3.12/site-packages/airflow/providers/apache/spark/operators/spark_submit.py", line 177, in execute
    self._hook.submit(self.application)
  File "/home/airflow/.local/lib/python3.12/site-packages/airflow/providers/apache/spark/hooks/spark_submit.py", line 567, in submit
    raise AirflowException(
airflow.exceptions.AirflowException: Cannot execute: spark-submit --master spark://spark-master-1:7077 --name arrow-spark --deploy-mode client jobs/python/load_exchangeRateToDW.py. Error code is: 1.
[2025-03-06T14:27:44.666+0000] {taskinstance.py:1226} INFO - Marking task as FAILED. dag_id=spark_flow, task_id=load_exchangeRate_python_job, run_id=manual__2025-03-06T14:26:35.923131+00:00, execution_date=20250306T142635, start_date=20250306T142639, end_date=20250306T142744
[2025-03-06T14:27:44.701+0000] {taskinstance.py:341} INFO - ::group::Post task execution logs
[2025-03-06T14:27:44.702+0000] {standard_task_runner.py:124} ERROR - Failed to execute job 13 for task load_exchangeRate_python_job (Cannot execute: spark-submit --master spark://spark-master-1:7077 --name arrow-spark --deploy-mode client jobs/python/load_exchangeRateToDW.py. Error code is: 1.; 648)
Traceback (most recent call last):
  File "/home/airflow/.local/lib/python3.12/site-packages/airflow/task/task_runner/standard_task_runner.py", line 117, in _start_by_fork
    ret = args.func(args, dag=self.dag)
          ^^^^^^^^^^^^^^^^^^^^^^^^^^^^^
  File "/home/airflow/.local/lib/python3.12/site-packages/airflow/cli/cli_config.py", line 49, in command
    return func(*args, **kwargs)
           ^^^^^^^^^^^^^^^^^^^^^
  File "/home/airflow/.local/lib/python3.12/site-packages/airflow/utils/cli.py", line 116, in wrapper
    return f(*args, **kwargs)
           ^^^^^^^^^^^^^^^^^^
  File "/home/airflow/.local/lib/python3.12/site-packages/airflow/cli/commands/task_command.py", line 483, in task_run
    task_return_code = _run_task_by_selected_method(args, _dag, ti)
                       ^^^^^^^^^^^^^^^^^^^^^^^^^^^^^^^^^^^^^^^^^^^^
  File "/home/airflow/.local/lib/python3.12/site-packages/airflow/cli/commands/task_command.py", line 256, in _run_task_by_selected_method
    return _run_raw_task(args, ti)
           ^^^^^^^^^^^^^^^^^^^^^^^
  File "/home/airflow/.local/lib/python3.12/site-packages/airflow/cli/commands/task_command.py", line 341, in _run_raw_task
    return ti._run_raw_task(
           ^^^^^^^^^^^^^^^^^
  File "/home/airflow/.local/lib/python3.12/site-packages/airflow/utils/session.py", line 97, in wrapper
    return func(*args, session=session, **kwargs)
           ^^^^^^^^^^^^^^^^^^^^^^^^^^^^^^^^^^^^^^
  File "/home/airflow/.local/lib/python3.12/site-packages/airflow/models/taskinstance.py", line 3006, in _run_raw_task
    return _run_raw_task(
           ^^^^^^^^^^^^^^
  File "/home/airflow/.local/lib/python3.12/site-packages/airflow/models/taskinstance.py", line 274, in _run_raw_task
    TaskInstance._execute_task_with_callbacks(
  File "/home/airflow/.local/lib/python3.12/site-packages/airflow/models/taskinstance.py", line 3161, in _execute_task_with_callbacks
    result = self._execute_task(context, task_orig)
             ^^^^^^^^^^^^^^^^^^^^^^^^^^^^^^^^^^^^^^
  File "/home/airflow/.local/lib/python3.12/site-packages/airflow/models/taskinstance.py", line 3185, in _execute_task
    return _execute_task(self, context, task_orig)
           ^^^^^^^^^^^^^^^^^^^^^^^^^^^^^^^^^^^^^^^
  File "/home/airflow/.local/lib/python3.12/site-packages/airflow/models/taskinstance.py", line 768, in _execute_task
    result = _execute_callable(context=context, **execute_callable_kwargs)
             ^^^^^^^^^^^^^^^^^^^^^^^^^^^^^^^^^^^^^^^^^^^^^^^^^^^^^^^^^^^^^
  File "/home/airflow/.local/lib/python3.12/site-packages/airflow/models/taskinstance.py", line 734, in _execute_callable
    return ExecutionCallableRunner(
           ^^^^^^^^^^^^^^^^^^^^^^^^
  File "/home/airflow/.local/lib/python3.12/site-packages/airflow/utils/operator_helpers.py", line 252, in run
    return self.func(*args, **kwargs)
           ^^^^^^^^^^^^^^^^^^^^^^^^^^
  File "/home/airflow/.local/lib/python3.12/site-packages/airflow/models/baseoperator.py", line 424, in wrapper
    return func(self, *args, **kwargs)
           ^^^^^^^^^^^^^^^^^^^^^^^^^^^
  File "/home/airflow/.local/lib/python3.12/site-packages/airflow/providers/apache/spark/operators/spark_submit.py", line 177, in execute
    self._hook.submit(self.application)
  File "/home/airflow/.local/lib/python3.12/site-packages/airflow/providers/apache/spark/hooks/spark_submit.py", line 567, in submit
    raise AirflowException(
airflow.exceptions.AirflowException: Cannot execute: spark-submit --master spark://spark-master-1:7077 --name arrow-spark --deploy-mode client jobs/python/load_exchangeRateToDW.py. Error code is: 1.
[2025-03-06T14:27:44.750+0000] {local_task_job_runner.py:266} INFO - Task exited with return code 1
[2025-03-06T14:27:44.774+0000] {taskinstance.py:3901} INFO - 0 downstream tasks scheduled from follow-on schedule check
[2025-03-06T14:27:44.781+0000] {local_task_job_runner.py:245} INFO - ::endgroup::
