[2025-03-06T16:29:12.473+0000] {local_task_job_runner.py:123} INFO - ::group::Pre task execution logs
[2025-03-06T16:29:12.503+0000] {taskinstance.py:2614} INFO - Dependencies all met for dep_context=non-requeueable deps ti=<TaskInstance: spark_flow.load_exchangeRate_python_job manual__2025-03-06T16:29:08.637612+00:00 [queued]>
[2025-03-06T16:29:12.515+0000] {taskinstance.py:2614} INFO - Dependencies all met for dep_context=requeueable deps ti=<TaskInstance: spark_flow.load_exchangeRate_python_job manual__2025-03-06T16:29:08.637612+00:00 [queued]>
[2025-03-06T16:29:12.518+0000] {taskinstance.py:2867} INFO - Starting attempt 1 of 1
[2025-03-06T16:29:12.533+0000] {taskinstance.py:2890} INFO - Executing <Task(SparkSubmitOperator): load_exchangeRate_python_job> on 2025-03-06 16:29:08.637612+00:00
[2025-03-06T16:29:12.541+0000] {standard_task_runner.py:104} INFO - Running: ['***', 'tasks', 'run', 'spark_flow', 'load_exchangeRate_python_job', 'manual__2025-03-06T16:29:08.637612+00:00', '--job-id', '13', '--raw', '--subdir', 'DAGS_FOLDER/dag_***_spark.py', '--cfg-path', '/tmp/tmp6yqdv6he']
[2025-03-06T16:29:12.544+0000] {standard_task_runner.py:105} INFO - Job 13: Subtask load_exchangeRate_python_job
[2025-03-06T16:29:12.546+0000] {logging_mixin.py:190} WARNING - /home/***/.local/lib/python3.12/site-packages/***/task/task_runner/standard_task_runner.py:70 DeprecationWarning: This process (pid=804) is multi-threaded, use of fork() may lead to deadlocks in the child.
[2025-03-06T16:29:12.547+0000] {standard_task_runner.py:72} INFO - Started process 805 to run task
[2025-03-06T16:29:12.603+0000] {task_command.py:467} INFO - Running <TaskInstance: spark_flow.load_exchangeRate_python_job manual__2025-03-06T16:29:08.637612+00:00 [running]> on host bfcfbd2155da
[2025-03-06T16:29:12.697+0000] {taskinstance.py:3134} INFO - Exporting env vars: AIRFLOW_CTX_DAG_OWNER='haonv' AIRFLOW_CTX_DAG_ID='spark_flow' AIRFLOW_CTX_TASK_ID='load_exchangeRate_python_job' AIRFLOW_CTX_EXECUTION_DATE='2025-03-06T16:29:08.637612+00:00' AIRFLOW_CTX_TRY_NUMBER='1' AIRFLOW_CTX_DAG_RUN_ID='manual__2025-03-06T16:29:08.637612+00:00'
[2025-03-06T16:29:12.698+0000] {taskinstance.py:732} INFO - ::endgroup::
[2025-03-06T16:29:12.728+0000] {base.py:84} INFO - Retrieving connection 'spark-conn'
[2025-03-06T16:29:12.729+0000] {spark_submit.py:474} INFO - Spark-Submit cmd: spark-submit --master spark://172.18.0.3:7077 --name arrow-spark --deploy-mode client jobs/python/load_exchangeRateToDW.py
[2025-03-06T16:29:15.869+0000] {spark_submit.py:641} INFO - 25/03/06 16:29:15 INFO SparkContext: Running Spark version 3.5.5
[2025-03-06T16:29:15.871+0000] {spark_submit.py:641} INFO - 25/03/06 16:29:15 INFO SparkContext: OS info Linux, 5.15.167.4-microsoft-standard-WSL2, amd64
[2025-03-06T16:29:15.872+0000] {spark_submit.py:641} INFO - 25/03/06 16:29:15 INFO SparkContext: Java version 17.0.14
[2025-03-06T16:29:15.922+0000] {spark_submit.py:641} INFO - 25/03/06 16:29:15 WARN NativeCodeLoader: Unable to load native-hadoop library for your platform... using builtin-java classes where applicable
[2025-03-06T16:29:16.012+0000] {spark_submit.py:641} INFO - 25/03/06 16:29:16 INFO ResourceUtils: ==============================================================
[2025-03-06T16:29:16.013+0000] {spark_submit.py:641} INFO - 25/03/06 16:29:16 INFO ResourceUtils: No custom resources configured for spark.driver.
[2025-03-06T16:29:16.014+0000] {spark_submit.py:641} INFO - 25/03/06 16:29:16 INFO ResourceUtils: ==============================================================
[2025-03-06T16:29:16.014+0000] {spark_submit.py:641} INFO - 25/03/06 16:29:16 INFO SparkContext: Submitted application: ExchangeRateToDW
[2025-03-06T16:29:16.034+0000] {spark_submit.py:641} INFO - 25/03/06 16:29:16 INFO ResourceProfile: Default ResourceProfile created, executor resources: Map(memory -> name: memory, amount: 1024, script: , vendor: , offHeap -> name: offHeap, amount: 0, script: , vendor: ), task resources: Map(cpus -> name: cpus, amount: 1.0)
[2025-03-06T16:29:16.042+0000] {spark_submit.py:641} INFO - 25/03/06 16:29:16 INFO ResourceProfile: Limiting resource is cpu
[2025-03-06T16:29:16.043+0000] {spark_submit.py:641} INFO - 25/03/06 16:29:16 INFO ResourceProfileManager: Added ResourceProfile id: 0
[2025-03-06T16:29:16.093+0000] {spark_submit.py:641} INFO - 25/03/06 16:29:16 INFO SecurityManager: Changing view acls to: ***
[2025-03-06T16:29:16.093+0000] {spark_submit.py:641} INFO - 25/03/06 16:29:16 INFO SecurityManager: Changing modify acls to: ***
[2025-03-06T16:29:16.094+0000] {spark_submit.py:641} INFO - 25/03/06 16:29:16 INFO SecurityManager: Changing view acls groups to:
[2025-03-06T16:29:16.095+0000] {spark_submit.py:641} INFO - 25/03/06 16:29:16 INFO SecurityManager: Changing modify acls groups to:
[2025-03-06T16:29:16.096+0000] {spark_submit.py:641} INFO - 25/03/06 16:29:16 INFO SecurityManager: SecurityManager: authentication disabled; ui acls disabled; users with view permissions: ***; groups with view permissions: EMPTY; users with modify permissions: ***; groups with modify permissions: EMPTY
[2025-03-06T16:29:16.316+0000] {spark_submit.py:641} INFO - 25/03/06 16:29:16 INFO Utils: Successfully started service 'sparkDriver' on port 35681.
[2025-03-06T16:29:16.340+0000] {spark_submit.py:641} INFO - 25/03/06 16:29:16 INFO SparkEnv: Registering MapOutputTracker
[2025-03-06T16:29:16.371+0000] {spark_submit.py:641} INFO - 25/03/06 16:29:16 INFO SparkEnv: Registering BlockManagerMaster
[2025-03-06T16:29:16.384+0000] {spark_submit.py:641} INFO - 25/03/06 16:29:16 INFO BlockManagerMasterEndpoint: Using org.apache.spark.storage.DefaultTopologyMapper for getting topology information
[2025-03-06T16:29:16.385+0000] {spark_submit.py:641} INFO - 25/03/06 16:29:16 INFO BlockManagerMasterEndpoint: BlockManagerMasterEndpoint up
[2025-03-06T16:29:16.389+0000] {spark_submit.py:641} INFO - 25/03/06 16:29:16 INFO SparkEnv: Registering BlockManagerMasterHeartbeat
[2025-03-06T16:29:16.408+0000] {spark_submit.py:641} INFO - 25/03/06 16:29:16 INFO DiskBlockManager: Created local directory at /tmp/blockmgr-aca1b342-ff8f-4419-888a-e9f7c2f7cad8
[2025-03-06T16:29:16.421+0000] {spark_submit.py:641} INFO - 25/03/06 16:29:16 INFO MemoryStore: MemoryStore started with capacity 434.4 MiB
[2025-03-06T16:29:16.434+0000] {spark_submit.py:641} INFO - 25/03/06 16:29:16 INFO SparkEnv: Registering OutputCommitCoordinator
[2025-03-06T16:29:16.544+0000] {spark_submit.py:641} INFO - 25/03/06 16:29:16 INFO JettyUtils: Start Jetty 0.0.0.0:4040 for SparkUI
[2025-03-06T16:29:16.613+0000] {spark_submit.py:641} INFO - 25/03/06 16:29:16 INFO Utils: Successfully started service 'SparkUI' on port 4040.
[2025-03-06T16:29:16.730+0000] {spark_submit.py:641} INFO - 25/03/06 16:29:16 INFO StandaloneAppClient$ClientEndpoint: Connecting to master spark://172.18.0.3:7077...
[2025-03-06T16:29:16.771+0000] {spark_submit.py:641} INFO - 25/03/06 16:29:16 INFO TransportClientFactory: Successfully created connection to /172.18.0.3:7077 after 22 ms (0 ms spent in bootstraps)
[2025-03-06T16:29:16.850+0000] {spark_submit.py:641} INFO - 25/03/06 16:29:16 INFO StandaloneSchedulerBackend: Connected to Spark cluster with app ID app-20250306162916-0003
[2025-03-06T16:29:16.853+0000] {spark_submit.py:641} INFO - 25/03/06 16:29:16 INFO StandaloneAppClient$ClientEndpoint: Executor added: app-20250306162916-0003/0 on worker-20250306162317-172.18.0.10-36791 (172.18.0.10:36791) with 2 core(s)
[2025-03-06T16:29:16.856+0000] {spark_submit.py:641} INFO - 25/03/06 16:29:16 INFO StandaloneSchedulerBackend: Granted executor ID app-20250306162916-0003/0 on hostPort 172.18.0.10:36791 with 2 core(s), 1024.0 MiB RAM
[2025-03-06T16:29:16.856+0000] {spark_submit.py:641} INFO - 25/03/06 16:29:16 INFO StandaloneAppClient$ClientEndpoint: Executor added: app-20250306162916-0003/1 on worker-20250306162317-172.18.0.8-46753 (172.18.0.8:46753) with 2 core(s)
[2025-03-06T16:29:16.857+0000] {spark_submit.py:641} INFO - 25/03/06 16:29:16 INFO StandaloneSchedulerBackend: Granted executor ID app-20250306162916-0003/1 on hostPort 172.18.0.8:46753 with 2 core(s), 1024.0 MiB RAM
[2025-03-06T16:29:16.862+0000] {spark_submit.py:641} INFO - 25/03/06 16:29:16 INFO Utils: Successfully started service 'org.apache.spark.network.netty.NettyBlockTransferService' on port 39135.
[2025-03-06T16:29:16.863+0000] {spark_submit.py:641} INFO - 25/03/06 16:29:16 INFO NettyBlockTransferService: Server created on bfcfbd2155da:39135
[2025-03-06T16:29:16.864+0000] {spark_submit.py:641} INFO - 25/03/06 16:29:16 INFO BlockManager: Using org.apache.spark.storage.RandomBlockReplicationPolicy for block replication policy
[2025-03-06T16:29:16.873+0000] {spark_submit.py:641} INFO - 25/03/06 16:29:16 INFO BlockManagerMaster: Registering BlockManager BlockManagerId(driver, bfcfbd2155da, 39135, None)
[2025-03-06T16:29:16.878+0000] {spark_submit.py:641} INFO - 25/03/06 16:29:16 INFO BlockManagerMasterEndpoint: Registering block manager bfcfbd2155da:39135 with 434.4 MiB RAM, BlockManagerId(driver, bfcfbd2155da, 39135, None)
[2025-03-06T16:29:16.881+0000] {spark_submit.py:641} INFO - 25/03/06 16:29:16 INFO BlockManagerMaster: Registered BlockManager BlockManagerId(driver, bfcfbd2155da, 39135, None)
[2025-03-06T16:29:16.882+0000] {spark_submit.py:641} INFO - 25/03/06 16:29:16 INFO BlockManager: Initialized BlockManager: BlockManagerId(driver, bfcfbd2155da, 39135, None)
[2025-03-06T16:29:16.891+0000] {spark_submit.py:641} INFO - 25/03/06 16:29:16 INFO StandaloneAppClient$ClientEndpoint: Executor updated: app-20250306162916-0003/0 is now RUNNING
[2025-03-06T16:29:16.893+0000] {spark_submit.py:641} INFO - 25/03/06 16:29:16 INFO StandaloneAppClient$ClientEndpoint: Executor updated: app-20250306162916-0003/1 is now RUNNING
[2025-03-06T16:29:17.145+0000] {spark_submit.py:641} INFO - 25/03/06 16:29:17 INFO StandaloneSchedulerBackend: SchedulerBackend is ready for scheduling beginning after reached minRegisteredResourcesRatio: 0.0
[2025-03-06T16:29:17.506+0000] {spark_submit.py:641} INFO - 25/03/06 16:29:17 INFO SharedState: Setting hive.metastore.warehouse.dir ('null') to the value of spark.sql.warehouse.dir.
[2025-03-06T16:29:17.519+0000] {spark_submit.py:641} INFO - 25/03/06 16:29:17 INFO SharedState: Warehouse path is 'file:/opt/***/spark-warehouse'.
[2025-03-06T16:29:19.372+0000] {spark_submit.py:641} INFO - Traceback (most recent call last):
[2025-03-06T16:29:19.373+0000] {spark_submit.py:641} INFO - File "/opt/***/jobs/python/load_exchangeRateToDW.py", line 65, in <module>
[2025-03-06T16:29:19.377+0000] {spark_submit.py:641} INFO - .load()
[2025-03-06T16:29:19.382+0000] {spark_submit.py:641} INFO - ^^^^^^
[2025-03-06T16:29:19.383+0000] {spark_submit.py:641} INFO - File "/home/***/.local/lib/python3.12/site-packages/pyspark/python/lib/pyspark.zip/pyspark/sql/streaming/readwriter.py", line 304, in load
[2025-03-06T16:29:19.386+0000] {spark_submit.py:641} INFO - File "/home/***/.local/lib/python3.12/site-packages/pyspark/python/lib/py4j-0.10.9.7-src.zip/py4j/java_gateway.py", line 1322, in __call__
[2025-03-06T16:29:19.389+0000] {spark_submit.py:641} INFO - File "/home/***/.local/lib/python3.12/site-packages/pyspark/python/lib/pyspark.zip/pyspark/errors/exceptions/captured.py", line 185, in deco
[2025-03-06T16:29:19.415+0000] {spark_submit.py:641} INFO - pyspark.errors.exceptions.captured.AnalysisException: Failed to find data source: kafka. Please deploy the application as per the deployment section of Structured Streaming + Kafka Integration Guide.
[2025-03-06T16:29:19.553+0000] {spark_submit.py:641} INFO - 25/03/06 16:29:19 INFO SparkContext: Invoking stop() from shutdown hook
[2025-03-06T16:29:19.554+0000] {spark_submit.py:641} INFO - 25/03/06 16:29:19 INFO SparkContext: SparkContext is stopping with exitCode 0.
[2025-03-06T16:29:19.576+0000] {spark_submit.py:641} INFO - 25/03/06 16:29:19 INFO SparkUI: Stopped Spark web UI at http://bfcfbd2155da:4040
[2025-03-06T16:29:19.587+0000] {spark_submit.py:641} INFO - 25/03/06 16:29:19 INFO StandaloneSchedulerBackend: Shutting down all executors
[2025-03-06T16:29:19.595+0000] {spark_submit.py:641} INFO - 25/03/06 16:29:19 INFO StandaloneSchedulerBackend$StandaloneDriverEndpoint: Asking each executor to shut down
[2025-03-06T16:29:19.626+0000] {spark_submit.py:641} INFO - 25/03/06 16:29:19 INFO MapOutputTrackerMasterEndpoint: MapOutputTrackerMasterEndpoint stopped!
[2025-03-06T16:29:19.661+0000] {spark_submit.py:641} INFO - 25/03/06 16:29:19 INFO MemoryStore: MemoryStore cleared
[2025-03-06T16:29:19.661+0000] {spark_submit.py:641} INFO - 25/03/06 16:29:19 INFO BlockManager: BlockManager stopped
[2025-03-06T16:29:19.669+0000] {spark_submit.py:641} INFO - 25/03/06 16:29:19 INFO BlockManagerMaster: BlockManagerMaster stopped
[2025-03-06T16:29:19.672+0000] {spark_submit.py:641} INFO - 25/03/06 16:29:19 INFO OutputCommitCoordinator$OutputCommitCoordinatorEndpoint: OutputCommitCoordinator stopped!
[2025-03-06T16:29:19.681+0000] {spark_submit.py:641} INFO - 25/03/06 16:29:19 INFO SparkContext: Successfully stopped SparkContext
[2025-03-06T16:29:19.681+0000] {spark_submit.py:641} INFO - 25/03/06 16:29:19 INFO ShutdownHookManager: Shutdown hook called
[2025-03-06T16:29:19.682+0000] {spark_submit.py:641} INFO - 25/03/06 16:29:19 INFO ShutdownHookManager: Deleting directory /tmp/spark-a1d27255-82e8-43d1-aaa3-6d9230b487dd/pyspark-64b3be3c-aa1b-4e57-9760-ed6c070d7e51
[2025-03-06T16:29:19.686+0000] {spark_submit.py:641} INFO - 25/03/06 16:29:19 INFO ShutdownHookManager: Deleting directory /tmp/spark-564ff70e-3072-45e1-a298-8545e2e36566
[2025-03-06T16:29:19.690+0000] {spark_submit.py:641} INFO - 25/03/06 16:29:19 INFO ShutdownHookManager: Deleting directory /tmp/spark-a1d27255-82e8-43d1-aaa3-6d9230b487dd
[2025-03-06T16:29:19.741+0000] {taskinstance.py:3313} ERROR - Task failed with exception
Traceback (most recent call last):
  File "/home/airflow/.local/lib/python3.12/site-packages/airflow/models/taskinstance.py", line 768, in _execute_task
    result = _execute_callable(context=context, **execute_callable_kwargs)
             ^^^^^^^^^^^^^^^^^^^^^^^^^^^^^^^^^^^^^^^^^^^^^^^^^^^^^^^^^^^^^
  File "/home/airflow/.local/lib/python3.12/site-packages/airflow/models/taskinstance.py", line 734, in _execute_callable
    return ExecutionCallableRunner(
           ^^^^^^^^^^^^^^^^^^^^^^^^
  File "/home/airflow/.local/lib/python3.12/site-packages/airflow/utils/operator_helpers.py", line 252, in run
    return self.func(*args, **kwargs)
           ^^^^^^^^^^^^^^^^^^^^^^^^^^
  File "/home/airflow/.local/lib/python3.12/site-packages/airflow/models/baseoperator.py", line 424, in wrapper
    return func(self, *args, **kwargs)
           ^^^^^^^^^^^^^^^^^^^^^^^^^^^
  File "/home/airflow/.local/lib/python3.12/site-packages/airflow/providers/apache/spark/operators/spark_submit.py", line 177, in execute
    self._hook.submit(self.application)
  File "/home/airflow/.local/lib/python3.12/site-packages/airflow/providers/apache/spark/hooks/spark_submit.py", line 567, in submit
    raise AirflowException(
airflow.exceptions.AirflowException: Cannot execute: spark-submit --master spark://172.18.0.3:7077 --name arrow-spark --deploy-mode client jobs/python/load_exchangeRateToDW.py. Error code is: 1.
[2025-03-06T16:29:19.745+0000] {taskinstance.py:1226} INFO - Marking task as FAILED. dag_id=spark_flow, task_id=load_exchangeRate_python_job, run_id=manual__2025-03-06T16:29:08.637612+00:00, execution_date=20250306T162908, start_date=20250306T162912, end_date=20250306T162919
[2025-03-06T16:29:19.784+0000] {taskinstance.py:341} INFO - ::group::Post task execution logs
[2025-03-06T16:29:19.785+0000] {standard_task_runner.py:124} ERROR - Failed to execute job 13 for task load_exchangeRate_python_job (Cannot execute: spark-submit --master spark://172.18.0.3:7077 --name arrow-spark --deploy-mode client jobs/python/load_exchangeRateToDW.py. Error code is: 1.; 805)
Traceback (most recent call last):
  File "/home/airflow/.local/lib/python3.12/site-packages/airflow/task/task_runner/standard_task_runner.py", line 117, in _start_by_fork
    ret = args.func(args, dag=self.dag)
          ^^^^^^^^^^^^^^^^^^^^^^^^^^^^^
  File "/home/airflow/.local/lib/python3.12/site-packages/airflow/cli/cli_config.py", line 49, in command
    return func(*args, **kwargs)
           ^^^^^^^^^^^^^^^^^^^^^
  File "/home/airflow/.local/lib/python3.12/site-packages/airflow/utils/cli.py", line 116, in wrapper
    return f(*args, **kwargs)
           ^^^^^^^^^^^^^^^^^^
  File "/home/airflow/.local/lib/python3.12/site-packages/airflow/cli/commands/task_command.py", line 483, in task_run
    task_return_code = _run_task_by_selected_method(args, _dag, ti)
                       ^^^^^^^^^^^^^^^^^^^^^^^^^^^^^^^^^^^^^^^^^^^^
  File "/home/airflow/.local/lib/python3.12/site-packages/airflow/cli/commands/task_command.py", line 256, in _run_task_by_selected_method
    return _run_raw_task(args, ti)
           ^^^^^^^^^^^^^^^^^^^^^^^
  File "/home/airflow/.local/lib/python3.12/site-packages/airflow/cli/commands/task_command.py", line 341, in _run_raw_task
    return ti._run_raw_task(
           ^^^^^^^^^^^^^^^^^
  File "/home/airflow/.local/lib/python3.12/site-packages/airflow/utils/session.py", line 97, in wrapper
    return func(*args, session=session, **kwargs)
           ^^^^^^^^^^^^^^^^^^^^^^^^^^^^^^^^^^^^^^
  File "/home/airflow/.local/lib/python3.12/site-packages/airflow/models/taskinstance.py", line 3006, in _run_raw_task
    return _run_raw_task(
           ^^^^^^^^^^^^^^
  File "/home/airflow/.local/lib/python3.12/site-packages/airflow/models/taskinstance.py", line 274, in _run_raw_task
    TaskInstance._execute_task_with_callbacks(
  File "/home/airflow/.local/lib/python3.12/site-packages/airflow/models/taskinstance.py", line 3161, in _execute_task_with_callbacks
    result = self._execute_task(context, task_orig)
             ^^^^^^^^^^^^^^^^^^^^^^^^^^^^^^^^^^^^^^
  File "/home/airflow/.local/lib/python3.12/site-packages/airflow/models/taskinstance.py", line 3185, in _execute_task
    return _execute_task(self, context, task_orig)
           ^^^^^^^^^^^^^^^^^^^^^^^^^^^^^^^^^^^^^^^
  File "/home/airflow/.local/lib/python3.12/site-packages/airflow/models/taskinstance.py", line 768, in _execute_task
    result = _execute_callable(context=context, **execute_callable_kwargs)
             ^^^^^^^^^^^^^^^^^^^^^^^^^^^^^^^^^^^^^^^^^^^^^^^^^^^^^^^^^^^^^
  File "/home/airflow/.local/lib/python3.12/site-packages/airflow/models/taskinstance.py", line 734, in _execute_callable
    return ExecutionCallableRunner(
           ^^^^^^^^^^^^^^^^^^^^^^^^
  File "/home/airflow/.local/lib/python3.12/site-packages/airflow/utils/operator_helpers.py", line 252, in run
    return self.func(*args, **kwargs)
           ^^^^^^^^^^^^^^^^^^^^^^^^^^
  File "/home/airflow/.local/lib/python3.12/site-packages/airflow/models/baseoperator.py", line 424, in wrapper
    return func(self, *args, **kwargs)
           ^^^^^^^^^^^^^^^^^^^^^^^^^^^
  File "/home/airflow/.local/lib/python3.12/site-packages/airflow/providers/apache/spark/operators/spark_submit.py", line 177, in execute
    self._hook.submit(self.application)
  File "/home/airflow/.local/lib/python3.12/site-packages/airflow/providers/apache/spark/hooks/spark_submit.py", line 567, in submit
    raise AirflowException(
airflow.exceptions.AirflowException: Cannot execute: spark-submit --master spark://172.18.0.3:7077 --name arrow-spark --deploy-mode client jobs/python/load_exchangeRateToDW.py. Error code is: 1.
[2025-03-06T16:29:19.821+0000] {local_task_job_runner.py:266} INFO - Task exited with return code 1
[2025-03-06T16:29:19.848+0000] {taskinstance.py:3901} INFO - 0 downstream tasks scheduled from follow-on schedule check
[2025-03-06T16:29:19.854+0000] {local_task_job_runner.py:245} INFO - ::endgroup::
