[2025-03-06T15:35:23.336+0000] {local_task_job_runner.py:123} INFO - ::group::Pre task execution logs
[2025-03-06T15:35:23.364+0000] {taskinstance.py:2614} INFO - Dependencies all met for dep_context=non-requeueable deps ti=<TaskInstance: spark_flow.load_exchangeRate_python_job manual__2025-03-06T15:35:19.199825+00:00 [queued]>
[2025-03-06T15:35:23.376+0000] {taskinstance.py:2614} INFO - Dependencies all met for dep_context=requeueable deps ti=<TaskInstance: spark_flow.load_exchangeRate_python_job manual__2025-03-06T15:35:19.199825+00:00 [queued]>
[2025-03-06T15:35:23.379+0000] {taskinstance.py:2867} INFO - Starting attempt 1 of 1
[2025-03-06T15:35:23.394+0000] {taskinstance.py:2890} INFO - Executing <Task(SparkSubmitOperator): load_exchangeRate_python_job> on 2025-03-06 15:35:19.199825+00:00
[2025-03-06T15:35:23.402+0000] {standard_task_runner.py:104} INFO - Running: ['***', 'tasks', 'run', 'spark_flow', 'load_exchangeRate_python_job', 'manual__2025-03-06T15:35:19.199825+00:00', '--job-id', '16', '--raw', '--subdir', 'DAGS_FOLDER/dag_***_spark.py', '--cfg-path', '/tmp/tmp3fc_3i6j']
[2025-03-06T15:35:23.404+0000] {standard_task_runner.py:105} INFO - Job 16: Subtask load_exchangeRate_python_job
[2025-03-06T15:35:23.406+0000] {logging_mixin.py:190} WARNING - /home/***/.local/lib/python3.12/site-packages/***/task/task_runner/standard_task_runner.py:70 DeprecationWarning: This process (pid=1218) is multi-threaded, use of fork() may lead to deadlocks in the child.
[2025-03-06T15:35:23.407+0000] {standard_task_runner.py:72} INFO - Started process 1219 to run task
[2025-03-06T15:35:23.464+0000] {task_command.py:467} INFO - Running <TaskInstance: spark_flow.load_exchangeRate_python_job manual__2025-03-06T15:35:19.199825+00:00 [running]> on host e9dfa152b6ab
[2025-03-06T15:35:23.560+0000] {taskinstance.py:3134} INFO - Exporting env vars: AIRFLOW_CTX_DAG_OWNER='haonv' AIRFLOW_CTX_DAG_ID='spark_flow' AIRFLOW_CTX_TASK_ID='load_exchangeRate_python_job' AIRFLOW_CTX_EXECUTION_DATE='2025-03-06T15:35:19.199825+00:00' AIRFLOW_CTX_TRY_NUMBER='1' AIRFLOW_CTX_DAG_RUN_ID='manual__2025-03-06T15:35:19.199825+00:00'
[2025-03-06T15:35:23.561+0000] {taskinstance.py:732} INFO - ::endgroup::
[2025-03-06T15:35:23.588+0000] {base.py:84} INFO - Retrieving connection 'spark-conn'
[2025-03-06T15:35:23.590+0000] {spark_submit.py:474} INFO - Spark-Submit cmd: spark-submit --master spark://172.18.0.4:7077 --name arrow-spark --deploy-mode client jobs/python/load_exchangeRateToDW.py
[2025-03-06T15:35:26.661+0000] {spark_submit.py:641} INFO - 25/03/06 15:35:26 INFO SparkContext: Running Spark version 3.5.5
[2025-03-06T15:35:26.663+0000] {spark_submit.py:641} INFO - 25/03/06 15:35:26 INFO SparkContext: OS info Linux, 5.15.167.4-microsoft-standard-WSL2, amd64
[2025-03-06T15:35:26.664+0000] {spark_submit.py:641} INFO - 25/03/06 15:35:26 INFO SparkContext: Java version 17.0.14
[2025-03-06T15:35:26.720+0000] {spark_submit.py:641} INFO - 25/03/06 15:35:26 WARN NativeCodeLoader: Unable to load native-hadoop library for your platform... using builtin-java classes where applicable
[2025-03-06T15:35:26.804+0000] {spark_submit.py:641} INFO - 25/03/06 15:35:26 INFO ResourceUtils: ==============================================================
[2025-03-06T15:35:26.805+0000] {spark_submit.py:641} INFO - 25/03/06 15:35:26 INFO ResourceUtils: No custom resources configured for spark.driver.
[2025-03-06T15:35:26.805+0000] {spark_submit.py:641} INFO - 25/03/06 15:35:26 INFO ResourceUtils: ==============================================================
[2025-03-06T15:35:26.806+0000] {spark_submit.py:641} INFO - 25/03/06 15:35:26 INFO SparkContext: Submitted application: ExchangeRateToDW
[2025-03-06T15:35:26.825+0000] {spark_submit.py:641} INFO - 25/03/06 15:35:26 INFO ResourceProfile: Default ResourceProfile created, executor resources: Map(memory -> name: memory, amount: 1024, script: , vendor: , offHeap -> name: offHeap, amount: 0, script: , vendor: ), task resources: Map(cpus -> name: cpus, amount: 1.0)
[2025-03-06T15:35:26.833+0000] {spark_submit.py:641} INFO - 25/03/06 15:35:26 INFO ResourceProfile: Limiting resource is cpu
[2025-03-06T15:35:26.834+0000] {spark_submit.py:641} INFO - 25/03/06 15:35:26 INFO ResourceProfileManager: Added ResourceProfile id: 0
[2025-03-06T15:35:26.876+0000] {spark_submit.py:641} INFO - 25/03/06 15:35:26 INFO SecurityManager: Changing view acls to: ***
[2025-03-06T15:35:26.877+0000] {spark_submit.py:641} INFO - 25/03/06 15:35:26 INFO SecurityManager: Changing modify acls to: ***
[2025-03-06T15:35:26.877+0000] {spark_submit.py:641} INFO - 25/03/06 15:35:26 INFO SecurityManager: Changing view acls groups to:
[2025-03-06T15:35:26.878+0000] {spark_submit.py:641} INFO - 25/03/06 15:35:26 INFO SecurityManager: Changing modify acls groups to:
[2025-03-06T15:35:26.879+0000] {spark_submit.py:641} INFO - 25/03/06 15:35:26 INFO SecurityManager: SecurityManager: authentication disabled; ui acls disabled; users with view permissions: ***; groups with view permissions: EMPTY; users with modify permissions: ***; groups with modify permissions: EMPTY
[2025-03-06T15:35:27.105+0000] {spark_submit.py:641} INFO - 25/03/06 15:35:27 INFO Utils: Successfully started service 'sparkDriver' on port 33647.
[2025-03-06T15:35:27.132+0000] {spark_submit.py:641} INFO - 25/03/06 15:35:27 INFO SparkEnv: Registering MapOutputTracker
[2025-03-06T15:35:27.169+0000] {spark_submit.py:641} INFO - 25/03/06 15:35:27 INFO SparkEnv: Registering BlockManagerMaster
[2025-03-06T15:35:27.187+0000] {spark_submit.py:641} INFO - 25/03/06 15:35:27 INFO BlockManagerMasterEndpoint: Using org.apache.spark.storage.DefaultTopologyMapper for getting topology information
[2025-03-06T15:35:27.188+0000] {spark_submit.py:641} INFO - 25/03/06 15:35:27 INFO BlockManagerMasterEndpoint: BlockManagerMasterEndpoint up
[2025-03-06T15:35:27.191+0000] {spark_submit.py:641} INFO - 25/03/06 15:35:27 INFO SparkEnv: Registering BlockManagerMasterHeartbeat
[2025-03-06T15:35:27.213+0000] {spark_submit.py:641} INFO - 25/03/06 15:35:27 INFO DiskBlockManager: Created local directory at /tmp/blockmgr-f590948d-f3d3-4c02-b5f5-8da0ee0a2825
[2025-03-06T15:35:27.226+0000] {spark_submit.py:641} INFO - 25/03/06 15:35:27 INFO MemoryStore: MemoryStore started with capacity 434.4 MiB
[2025-03-06T15:35:27.243+0000] {spark_submit.py:641} INFO - 25/03/06 15:35:27 INFO SparkEnv: Registering OutputCommitCoordinator
[2025-03-06T15:35:27.364+0000] {spark_submit.py:641} INFO - 25/03/06 15:35:27 INFO JettyUtils: Start Jetty 0.0.0.0:4040 for SparkUI
[2025-03-06T15:35:27.423+0000] {spark_submit.py:641} INFO - 25/03/06 15:35:27 INFO Utils: Successfully started service 'SparkUI' on port 4040.
[2025-03-06T15:35:27.457+0000] {spark_submit.py:641} INFO - 25/03/06 15:35:27 ERROR SparkContext: Failed to add file:///opt/bitnami/spark/jars/postgresql-42.7.5.jar to Spark environment
[2025-03-06T15:35:27.457+0000] {spark_submit.py:641} INFO - java.io.FileNotFoundException: Jar /opt/bitnami/spark/jars/postgresql-42.7.5.jar not found
[2025-03-06T15:35:27.458+0000] {spark_submit.py:641} INFO - at org.apache.spark.SparkContext.addLocalJarFile$1(SparkContext.scala:2095)
[2025-03-06T15:35:27.459+0000] {spark_submit.py:641} INFO - at org.apache.spark.SparkContext.addJar(SparkContext.scala:2151)
[2025-03-06T15:35:27.459+0000] {spark_submit.py:641} INFO - at org.apache.spark.SparkContext.$anonfun$new$15(SparkContext.scala:521)
[2025-03-06T15:35:27.460+0000] {spark_submit.py:641} INFO - at org.apache.spark.SparkContext.$anonfun$new$15$adapted(SparkContext.scala:521)
[2025-03-06T15:35:27.460+0000] {spark_submit.py:641} INFO - at scala.collection.mutable.ResizableArray.foreach(ResizableArray.scala:62)
[2025-03-06T15:35:27.461+0000] {spark_submit.py:641} INFO - at scala.collection.mutable.ResizableArray.foreach$(ResizableArray.scala:55)
[2025-03-06T15:35:27.461+0000] {spark_submit.py:641} INFO - at scala.collection.mutable.ArrayBuffer.foreach(ArrayBuffer.scala:49)
[2025-03-06T15:35:27.462+0000] {spark_submit.py:641} INFO - at org.apache.spark.SparkContext.<init>(SparkContext.scala:521)
[2025-03-06T15:35:27.462+0000] {spark_submit.py:641} INFO - at org.apache.spark.api.java.JavaSparkContext.<init>(JavaSparkContext.scala:58)
[2025-03-06T15:35:27.463+0000] {spark_submit.py:641} INFO - at java.base/jdk.internal.reflect.NativeConstructorAccessorImpl.newInstance0(Native Method)
[2025-03-06T15:35:27.463+0000] {spark_submit.py:641} INFO - at java.base/jdk.internal.reflect.NativeConstructorAccessorImpl.newInstance(NativeConstructorAccessorImpl.java:77)
[2025-03-06T15:35:27.464+0000] {spark_submit.py:641} INFO - at java.base/jdk.internal.reflect.DelegatingConstructorAccessorImpl.newInstance(DelegatingConstructorAccessorImpl.java:45)
[2025-03-06T15:35:27.464+0000] {spark_submit.py:641} INFO - at java.base/java.lang.reflect.Constructor.newInstanceWithCaller(Constructor.java:500)
[2025-03-06T15:35:27.465+0000] {spark_submit.py:641} INFO - at java.base/java.lang.reflect.Constructor.newInstance(Constructor.java:481)
[2025-03-06T15:35:27.466+0000] {spark_submit.py:641} INFO - at py4j.reflection.MethodInvoker.invoke(MethodInvoker.java:247)
[2025-03-06T15:35:27.467+0000] {spark_submit.py:641} INFO - at py4j.reflection.ReflectionEngine.invoke(ReflectionEngine.java:374)
[2025-03-06T15:35:27.468+0000] {spark_submit.py:641} INFO - at py4j.Gateway.invoke(Gateway.java:238)
[2025-03-06T15:35:27.469+0000] {spark_submit.py:641} INFO - at py4j.commands.ConstructorCommand.invokeConstructor(ConstructorCommand.java:80)
[2025-03-06T15:35:27.469+0000] {spark_submit.py:641} INFO - at py4j.commands.ConstructorCommand.execute(ConstructorCommand.java:69)
[2025-03-06T15:35:27.470+0000] {spark_submit.py:641} INFO - at py4j.ClientServerConnection.waitForCommands(ClientServerConnection.java:182)
[2025-03-06T15:35:27.471+0000] {spark_submit.py:641} INFO - at py4j.ClientServerConnection.run(ClientServerConnection.java:106)
[2025-03-06T15:35:27.472+0000] {spark_submit.py:641} INFO - at java.base/java.lang.Thread.run(Thread.java:840)
[2025-03-06T15:35:27.549+0000] {spark_submit.py:641} INFO - 25/03/06 15:35:27 INFO StandaloneAppClient$ClientEndpoint: Connecting to master spark://172.18.0.4:7077...
[2025-03-06T15:35:27.598+0000] {spark_submit.py:641} INFO - 25/03/06 15:35:27 INFO TransportClientFactory: Successfully created connection to /172.18.0.4:7077 after 27 ms (0 ms spent in bootstraps)
[2025-03-06T15:35:27.679+0000] {spark_submit.py:641} INFO - 25/03/06 15:35:27 INFO StandaloneSchedulerBackend: Connected to Spark cluster with app ID app-20250306153527-0002
[2025-03-06T15:35:27.684+0000] {spark_submit.py:641} INFO - 25/03/06 15:35:27 INFO StandaloneAppClient$ClientEndpoint: Executor added: app-20250306153527-0002/0 on worker-20250306150809-172.18.0.7-35707 (172.18.0.7:35707) with 2 core(s)
[2025-03-06T15:35:27.687+0000] {spark_submit.py:641} INFO - 25/03/06 15:35:27 INFO StandaloneSchedulerBackend: Granted executor ID app-20250306153527-0002/0 on hostPort 172.18.0.7:35707 with 2 core(s), 1024.0 MiB RAM
[2025-03-06T15:35:27.688+0000] {spark_submit.py:641} INFO - 25/03/06 15:35:27 INFO StandaloneAppClient$ClientEndpoint: Executor added: app-20250306153527-0002/1 on worker-20250306150810-172.18.0.10-33947 (172.18.0.10:33947) with 2 core(s)
[2025-03-06T15:35:27.689+0000] {spark_submit.py:641} INFO - 25/03/06 15:35:27 INFO StandaloneSchedulerBackend: Granted executor ID app-20250306153527-0002/1 on hostPort 172.18.0.10:33947 with 2 core(s), 1024.0 MiB RAM
[2025-03-06T15:35:27.691+0000] {spark_submit.py:641} INFO - 25/03/06 15:35:27 INFO Utils: Successfully started service 'org.apache.spark.network.netty.NettyBlockTransferService' on port 32859.
[2025-03-06T15:35:27.692+0000] {spark_submit.py:641} INFO - 25/03/06 15:35:27 INFO NettyBlockTransferService: Server created on e9dfa152b6ab:32859
[2025-03-06T15:35:27.694+0000] {spark_submit.py:641} INFO - 25/03/06 15:35:27 INFO BlockManager: Using org.apache.spark.storage.RandomBlockReplicationPolicy for block replication policy
[2025-03-06T15:35:27.702+0000] {spark_submit.py:641} INFO - 25/03/06 15:35:27 INFO BlockManagerMaster: Registering BlockManager BlockManagerId(driver, e9dfa152b6ab, 32859, None)
[2025-03-06T15:35:27.707+0000] {spark_submit.py:641} INFO - 25/03/06 15:35:27 INFO BlockManagerMasterEndpoint: Registering block manager e9dfa152b6ab:32859 with 434.4 MiB RAM, BlockManagerId(driver, e9dfa152b6ab, 32859, None)
[2025-03-06T15:35:27.710+0000] {spark_submit.py:641} INFO - 25/03/06 15:35:27 INFO BlockManagerMaster: Registered BlockManager BlockManagerId(driver, e9dfa152b6ab, 32859, None)
[2025-03-06T15:35:27.712+0000] {spark_submit.py:641} INFO - 25/03/06 15:35:27 INFO BlockManager: Initialized BlockManager: BlockManagerId(driver, e9dfa152b6ab, 32859, None)
[2025-03-06T15:35:27.723+0000] {spark_submit.py:641} INFO - 25/03/06 15:35:27 INFO StandaloneAppClient$ClientEndpoint: Executor updated: app-20250306153527-0002/1 is now RUNNING
[2025-03-06T15:35:27.725+0000] {spark_submit.py:641} INFO - 25/03/06 15:35:27 INFO StandaloneAppClient$ClientEndpoint: Executor updated: app-20250306153527-0002/0 is now RUNNING
[2025-03-06T15:35:28.007+0000] {spark_submit.py:641} INFO - 25/03/06 15:35:28 INFO StandaloneSchedulerBackend: SchedulerBackend is ready for scheduling beginning after reached minRegisteredResourcesRatio: 0.0
[2025-03-06T15:35:28.423+0000] {spark_submit.py:641} INFO - 25/03/06 15:35:28 INFO SharedState: Setting hive.metastore.warehouse.dir ('null') to the value of spark.sql.warehouse.dir.
[2025-03-06T15:35:28.436+0000] {spark_submit.py:641} INFO - 25/03/06 15:35:28 INFO SharedState: Warehouse path is 'file:/opt/***/spark-warehouse'.
[2025-03-06T15:35:30.520+0000] {spark_submit.py:641} INFO - Traceback (most recent call last):
[2025-03-06T15:35:30.521+0000] {spark_submit.py:641} INFO - File "/opt/***/jobs/python/load_exchangeRateToDW.py", line 65, in <module>
[2025-03-06T15:35:30.523+0000] {spark_submit.py:641} INFO - .load()
[2025-03-06T15:35:30.524+0000] {spark_submit.py:641} INFO - ^^^^^^
[2025-03-06T15:35:30.526+0000] {spark_submit.py:641} INFO - File "/home/***/.local/lib/python3.12/site-packages/pyspark/python/lib/pyspark.zip/pyspark/sql/streaming/readwriter.py", line 304, in load
[2025-03-06T15:35:30.527+0000] {spark_submit.py:641} INFO - File "/home/***/.local/lib/python3.12/site-packages/pyspark/python/lib/py4j-0.10.9.7-src.zip/py4j/java_gateway.py", line 1322, in __call__
[2025-03-06T15:35:30.528+0000] {spark_submit.py:641} INFO - File "/home/***/.local/lib/python3.12/site-packages/pyspark/python/lib/pyspark.zip/pyspark/errors/exceptions/captured.py", line 185, in deco
[2025-03-06T15:35:30.546+0000] {spark_submit.py:641} INFO - pyspark.errors.exceptions.captured.AnalysisException: Failed to find data source: kafka. Please deploy the application as per the deployment section of Structured Streaming + Kafka Integration Guide.
[2025-03-06T15:35:30.657+0000] {spark_submit.py:641} INFO - 25/03/06 15:35:30 INFO SparkContext: Invoking stop() from shutdown hook
[2025-03-06T15:35:30.657+0000] {spark_submit.py:641} INFO - 25/03/06 15:35:30 INFO SparkContext: SparkContext is stopping with exitCode 0.
[2025-03-06T15:35:30.671+0000] {spark_submit.py:641} INFO - 25/03/06 15:35:30 INFO SparkUI: Stopped Spark web UI at http://e9dfa152b6ab:4040
[2025-03-06T15:35:30.678+0000] {spark_submit.py:641} INFO - 25/03/06 15:35:30 INFO StandaloneSchedulerBackend: Shutting down all executors
[2025-03-06T15:35:30.685+0000] {spark_submit.py:641} INFO - 25/03/06 15:35:30 INFO StandaloneSchedulerBackend$StandaloneDriverEndpoint: Asking each executor to shut down
[2025-03-06T15:35:30.717+0000] {spark_submit.py:641} INFO - 25/03/06 15:35:30 INFO MapOutputTrackerMasterEndpoint: MapOutputTrackerMasterEndpoint stopped!
[2025-03-06T15:35:30.735+0000] {spark_submit.py:641} INFO - 25/03/06 15:35:30 INFO MemoryStore: MemoryStore cleared
[2025-03-06T15:35:30.736+0000] {spark_submit.py:641} INFO - 25/03/06 15:35:30 INFO BlockManager: BlockManager stopped
[2025-03-06T15:35:30.749+0000] {spark_submit.py:641} INFO - 25/03/06 15:35:30 INFO BlockManagerMaster: BlockManagerMaster stopped
[2025-03-06T15:35:30.752+0000] {spark_submit.py:641} INFO - 25/03/06 15:35:30 INFO OutputCommitCoordinator$OutputCommitCoordinatorEndpoint: OutputCommitCoordinator stopped!
[2025-03-06T15:35:30.764+0000] {spark_submit.py:641} INFO - 25/03/06 15:35:30 INFO SparkContext: Successfully stopped SparkContext
[2025-03-06T15:35:30.764+0000] {spark_submit.py:641} INFO - 25/03/06 15:35:30 INFO ShutdownHookManager: Shutdown hook called
[2025-03-06T15:35:30.765+0000] {spark_submit.py:641} INFO - 25/03/06 15:35:30 INFO ShutdownHookManager: Deleting directory /tmp/spark-1c2431fb-6c9c-48ea-bf74-2f4d50935539
[2025-03-06T15:35:30.770+0000] {spark_submit.py:641} INFO - 25/03/06 15:35:30 INFO ShutdownHookManager: Deleting directory /tmp/spark-848fae63-a925-4bfd-9f0a-f581bad3ed5d/pyspark-473caa81-0a2e-4af8-ba4f-a744727bfb12
[2025-03-06T15:35:30.777+0000] {spark_submit.py:641} INFO - 25/03/06 15:35:30 INFO ShutdownHookManager: Deleting directory /tmp/spark-848fae63-a925-4bfd-9f0a-f581bad3ed5d
[2025-03-06T15:35:30.825+0000] {taskinstance.py:3313} ERROR - Task failed with exception
Traceback (most recent call last):
  File "/home/airflow/.local/lib/python3.12/site-packages/airflow/models/taskinstance.py", line 768, in _execute_task
    result = _execute_callable(context=context, **execute_callable_kwargs)
             ^^^^^^^^^^^^^^^^^^^^^^^^^^^^^^^^^^^^^^^^^^^^^^^^^^^^^^^^^^^^^
  File "/home/airflow/.local/lib/python3.12/site-packages/airflow/models/taskinstance.py", line 734, in _execute_callable
    return ExecutionCallableRunner(
           ^^^^^^^^^^^^^^^^^^^^^^^^
  File "/home/airflow/.local/lib/python3.12/site-packages/airflow/utils/operator_helpers.py", line 252, in run
    return self.func(*args, **kwargs)
           ^^^^^^^^^^^^^^^^^^^^^^^^^^
  File "/home/airflow/.local/lib/python3.12/site-packages/airflow/models/baseoperator.py", line 424, in wrapper
    return func(self, *args, **kwargs)
           ^^^^^^^^^^^^^^^^^^^^^^^^^^^
  File "/home/airflow/.local/lib/python3.12/site-packages/airflow/providers/apache/spark/operators/spark_submit.py", line 177, in execute
    self._hook.submit(self.application)
  File "/home/airflow/.local/lib/python3.12/site-packages/airflow/providers/apache/spark/hooks/spark_submit.py", line 567, in submit
    raise AirflowException(
airflow.exceptions.AirflowException: Cannot execute: spark-submit --master spark://172.18.0.4:7077 --name arrow-spark --deploy-mode client jobs/python/load_exchangeRateToDW.py. Error code is: 1.
[2025-03-06T15:35:30.830+0000] {taskinstance.py:1226} INFO - Marking task as FAILED. dag_id=spark_flow, task_id=load_exchangeRate_python_job, run_id=manual__2025-03-06T15:35:19.199825+00:00, execution_date=20250306T153519, start_date=20250306T153523, end_date=20250306T153530
[2025-03-06T15:35:30.871+0000] {taskinstance.py:341} INFO - ::group::Post task execution logs
[2025-03-06T15:35:30.872+0000] {standard_task_runner.py:124} ERROR - Failed to execute job 16 for task load_exchangeRate_python_job (Cannot execute: spark-submit --master spark://172.18.0.4:7077 --name arrow-spark --deploy-mode client jobs/python/load_exchangeRateToDW.py. Error code is: 1.; 1219)
Traceback (most recent call last):
  File "/home/airflow/.local/lib/python3.12/site-packages/airflow/task/task_runner/standard_task_runner.py", line 117, in _start_by_fork
    ret = args.func(args, dag=self.dag)
          ^^^^^^^^^^^^^^^^^^^^^^^^^^^^^
  File "/home/airflow/.local/lib/python3.12/site-packages/airflow/cli/cli_config.py", line 49, in command
    return func(*args, **kwargs)
           ^^^^^^^^^^^^^^^^^^^^^
  File "/home/airflow/.local/lib/python3.12/site-packages/airflow/utils/cli.py", line 116, in wrapper
    return f(*args, **kwargs)
           ^^^^^^^^^^^^^^^^^^
  File "/home/airflow/.local/lib/python3.12/site-packages/airflow/cli/commands/task_command.py", line 483, in task_run
    task_return_code = _run_task_by_selected_method(args, _dag, ti)
                       ^^^^^^^^^^^^^^^^^^^^^^^^^^^^^^^^^^^^^^^^^^^^
  File "/home/airflow/.local/lib/python3.12/site-packages/airflow/cli/commands/task_command.py", line 256, in _run_task_by_selected_method
    return _run_raw_task(args, ti)
           ^^^^^^^^^^^^^^^^^^^^^^^
  File "/home/airflow/.local/lib/python3.12/site-packages/airflow/cli/commands/task_command.py", line 341, in _run_raw_task
    return ti._run_raw_task(
           ^^^^^^^^^^^^^^^^^
  File "/home/airflow/.local/lib/python3.12/site-packages/airflow/utils/session.py", line 97, in wrapper
    return func(*args, session=session, **kwargs)
           ^^^^^^^^^^^^^^^^^^^^^^^^^^^^^^^^^^^^^^
  File "/home/airflow/.local/lib/python3.12/site-packages/airflow/models/taskinstance.py", line 3006, in _run_raw_task
    return _run_raw_task(
           ^^^^^^^^^^^^^^
  File "/home/airflow/.local/lib/python3.12/site-packages/airflow/models/taskinstance.py", line 274, in _run_raw_task
    TaskInstance._execute_task_with_callbacks(
  File "/home/airflow/.local/lib/python3.12/site-packages/airflow/models/taskinstance.py", line 3161, in _execute_task_with_callbacks
    result = self._execute_task(context, task_orig)
             ^^^^^^^^^^^^^^^^^^^^^^^^^^^^^^^^^^^^^^
  File "/home/airflow/.local/lib/python3.12/site-packages/airflow/models/taskinstance.py", line 3185, in _execute_task
    return _execute_task(self, context, task_orig)
           ^^^^^^^^^^^^^^^^^^^^^^^^^^^^^^^^^^^^^^^
  File "/home/airflow/.local/lib/python3.12/site-packages/airflow/models/taskinstance.py", line 768, in _execute_task
    result = _execute_callable(context=context, **execute_callable_kwargs)
             ^^^^^^^^^^^^^^^^^^^^^^^^^^^^^^^^^^^^^^^^^^^^^^^^^^^^^^^^^^^^^
  File "/home/airflow/.local/lib/python3.12/site-packages/airflow/models/taskinstance.py", line 734, in _execute_callable
    return ExecutionCallableRunner(
           ^^^^^^^^^^^^^^^^^^^^^^^^
  File "/home/airflow/.local/lib/python3.12/site-packages/airflow/utils/operator_helpers.py", line 252, in run
    return self.func(*args, **kwargs)
           ^^^^^^^^^^^^^^^^^^^^^^^^^^
  File "/home/airflow/.local/lib/python3.12/site-packages/airflow/models/baseoperator.py", line 424, in wrapper
    return func(self, *args, **kwargs)
           ^^^^^^^^^^^^^^^^^^^^^^^^^^^
  File "/home/airflow/.local/lib/python3.12/site-packages/airflow/providers/apache/spark/operators/spark_submit.py", line 177, in execute
    self._hook.submit(self.application)
  File "/home/airflow/.local/lib/python3.12/site-packages/airflow/providers/apache/spark/hooks/spark_submit.py", line 567, in submit
    raise AirflowException(
airflow.exceptions.AirflowException: Cannot execute: spark-submit --master spark://172.18.0.4:7077 --name arrow-spark --deploy-mode client jobs/python/load_exchangeRateToDW.py. Error code is: 1.
[2025-03-06T15:35:30.890+0000] {local_task_job_runner.py:266} INFO - Task exited with return code 1
[2025-03-06T15:35:30.924+0000] {taskinstance.py:3901} INFO - 0 downstream tasks scheduled from follow-on schedule check
[2025-03-06T15:35:30.929+0000] {local_task_job_runner.py:245} INFO - ::endgroup::
