[2025-03-06T16:39:18.068+0000] {local_task_job_runner.py:123} INFO - ::group::Pre task execution logs
[2025-03-06T16:39:18.111+0000] {taskinstance.py:2614} INFO - Dependencies all met for dep_context=non-requeueable deps ti=<TaskInstance: spark_flow.load_exchangeRate_python_job manual__2025-03-06T16:39:14.629862+00:00 [queued]>
[2025-03-06T16:39:18.127+0000] {taskinstance.py:2614} INFO - Dependencies all met for dep_context=requeueable deps ti=<TaskInstance: spark_flow.load_exchangeRate_python_job manual__2025-03-06T16:39:14.629862+00:00 [queued]>
[2025-03-06T16:39:18.129+0000] {taskinstance.py:2867} INFO - Starting attempt 1 of 1
[2025-03-06T16:39:18.146+0000] {taskinstance.py:2890} INFO - Executing <Task(SparkSubmitOperator): load_exchangeRate_python_job> on 2025-03-06 16:39:14.629862+00:00
[2025-03-06T16:39:18.155+0000] {standard_task_runner.py:104} INFO - Running: ['***', 'tasks', 'run', 'spark_flow', 'load_exchangeRate_python_job', 'manual__2025-03-06T16:39:14.629862+00:00', '--job-id', '37', '--raw', '--subdir', 'DAGS_FOLDER/dag_***_spark.py', '--cfg-path', '/tmp/tmpihy1_cwx']
[2025-03-06T16:39:18.157+0000] {logging_mixin.py:190} WARNING - /home/***/.local/lib/python3.12/site-packages/***/task/task_runner/standard_task_runner.py:70 DeprecationWarning: This process (pid=2389) is multi-threaded, use of fork() may lead to deadlocks in the child.
[2025-03-06T16:39:18.158+0000] {standard_task_runner.py:105} INFO - Job 37: Subtask load_exchangeRate_python_job
[2025-03-06T16:39:18.158+0000] {standard_task_runner.py:72} INFO - Started process 2390 to run task
[2025-03-06T16:39:18.220+0000] {task_command.py:467} INFO - Running <TaskInstance: spark_flow.load_exchangeRate_python_job manual__2025-03-06T16:39:14.629862+00:00 [running]> on host bfcfbd2155da
[2025-03-06T16:39:18.323+0000] {taskinstance.py:3134} INFO - Exporting env vars: AIRFLOW_CTX_DAG_OWNER='haonv' AIRFLOW_CTX_DAG_ID='spark_flow' AIRFLOW_CTX_TASK_ID='load_exchangeRate_python_job' AIRFLOW_CTX_EXECUTION_DATE='2025-03-06T16:39:14.629862+00:00' AIRFLOW_CTX_TRY_NUMBER='1' AIRFLOW_CTX_DAG_RUN_ID='manual__2025-03-06T16:39:14.629862+00:00'
[2025-03-06T16:39:18.324+0000] {taskinstance.py:732} INFO - ::endgroup::
[2025-03-06T16:39:18.352+0000] {base.py:84} INFO - Retrieving connection 'spark-conn'
[2025-03-06T16:39:18.354+0000] {spark_submit.py:474} INFO - Spark-Submit cmd: spark-submit --master spark://172.18.0.3:7077 --name arrow-spark --deploy-mode client jobs/python/load_exchangeRateToDW.py
[2025-03-06T16:39:21.647+0000] {spark_submit.py:641} INFO - 25/03/06 16:39:21 INFO SparkContext: Running Spark version 3.5.5
[2025-03-06T16:39:21.649+0000] {spark_submit.py:641} INFO - 25/03/06 16:39:21 INFO SparkContext: OS info Linux, 5.15.167.4-microsoft-standard-WSL2, amd64
[2025-03-06T16:39:21.650+0000] {spark_submit.py:641} INFO - 25/03/06 16:39:21 INFO SparkContext: Java version 17.0.14
[2025-03-06T16:39:21.718+0000] {spark_submit.py:641} INFO - 25/03/06 16:39:21 WARN NativeCodeLoader: Unable to load native-hadoop library for your platform... using builtin-java classes where applicable
[2025-03-06T16:39:21.827+0000] {spark_submit.py:641} INFO - 25/03/06 16:39:21 INFO ResourceUtils: ==============================================================
[2025-03-06T16:39:21.827+0000] {spark_submit.py:641} INFO - 25/03/06 16:39:21 INFO ResourceUtils: No custom resources configured for spark.driver.
[2025-03-06T16:39:21.828+0000] {spark_submit.py:641} INFO - 25/03/06 16:39:21 INFO ResourceUtils: ==============================================================
[2025-03-06T16:39:21.828+0000] {spark_submit.py:641} INFO - 25/03/06 16:39:21 INFO SparkContext: Submitted application: ExchangeRateToDW
[2025-03-06T16:39:21.852+0000] {spark_submit.py:641} INFO - 25/03/06 16:39:21 INFO ResourceProfile: Default ResourceProfile created, executor resources: Map(memory -> name: memory, amount: 1024, script: , vendor: , offHeap -> name: offHeap, amount: 0, script: , vendor: ), task resources: Map(cpus -> name: cpus, amount: 1.0)
[2025-03-06T16:39:21.860+0000] {spark_submit.py:641} INFO - 25/03/06 16:39:21 INFO ResourceProfile: Limiting resource is cpu
[2025-03-06T16:39:21.861+0000] {spark_submit.py:641} INFO - 25/03/06 16:39:21 INFO ResourceProfileManager: Added ResourceProfile id: 0
[2025-03-06T16:39:21.916+0000] {spark_submit.py:641} INFO - 25/03/06 16:39:21 INFO SecurityManager: Changing view acls to: ***
[2025-03-06T16:39:21.917+0000] {spark_submit.py:641} INFO - 25/03/06 16:39:21 INFO SecurityManager: Changing modify acls to: ***
[2025-03-06T16:39:21.918+0000] {spark_submit.py:641} INFO - 25/03/06 16:39:21 INFO SecurityManager: Changing view acls groups to:
[2025-03-06T16:39:21.919+0000] {spark_submit.py:641} INFO - 25/03/06 16:39:21 INFO SecurityManager: Changing modify acls groups to:
[2025-03-06T16:39:21.919+0000] {spark_submit.py:641} INFO - 25/03/06 16:39:21 INFO SecurityManager: SecurityManager: authentication disabled; ui acls disabled; users with view permissions: ***; groups with view permissions: EMPTY; users with modify permissions: ***; groups with modify permissions: EMPTY
[2025-03-06T16:39:22.153+0000] {spark_submit.py:641} INFO - 25/03/06 16:39:22 INFO Utils: Successfully started service 'sparkDriver' on port 39245.
[2025-03-06T16:39:22.184+0000] {spark_submit.py:641} INFO - 25/03/06 16:39:22 INFO SparkEnv: Registering MapOutputTracker
[2025-03-06T16:39:22.222+0000] {spark_submit.py:641} INFO - 25/03/06 16:39:22 INFO SparkEnv: Registering BlockManagerMaster
[2025-03-06T16:39:22.237+0000] {spark_submit.py:641} INFO - 25/03/06 16:39:22 INFO BlockManagerMasterEndpoint: Using org.apache.spark.storage.DefaultTopologyMapper for getting topology information
[2025-03-06T16:39:22.238+0000] {spark_submit.py:641} INFO - 25/03/06 16:39:22 INFO BlockManagerMasterEndpoint: BlockManagerMasterEndpoint up
[2025-03-06T16:39:22.242+0000] {spark_submit.py:641} INFO - 25/03/06 16:39:22 INFO SparkEnv: Registering BlockManagerMasterHeartbeat
[2025-03-06T16:39:22.264+0000] {spark_submit.py:641} INFO - 25/03/06 16:39:22 INFO DiskBlockManager: Created local directory at /tmp/blockmgr-597288db-fb96-4075-af20-185920359abf
[2025-03-06T16:39:22.280+0000] {spark_submit.py:641} INFO - 25/03/06 16:39:22 INFO MemoryStore: MemoryStore started with capacity 434.4 MiB
[2025-03-06T16:39:22.298+0000] {spark_submit.py:641} INFO - 25/03/06 16:39:22 INFO SparkEnv: Registering OutputCommitCoordinator
[2025-03-06T16:39:22.432+0000] {spark_submit.py:641} INFO - 25/03/06 16:39:22 INFO JettyUtils: Start Jetty 0.0.0.0:4040 for SparkUI
[2025-03-06T16:39:22.489+0000] {spark_submit.py:641} INFO - 25/03/06 16:39:22 INFO Utils: Successfully started service 'SparkUI' on port 4040.
[2025-03-06T16:39:22.620+0000] {spark_submit.py:641} INFO - 25/03/06 16:39:22 INFO StandaloneAppClient$ClientEndpoint: Connecting to master spark://172.18.0.3:7077...
[2025-03-06T16:39:22.660+0000] {spark_submit.py:641} INFO - 25/03/06 16:39:22 INFO TransportClientFactory: Successfully created connection to /172.18.0.3:7077 after 22 ms (0 ms spent in bootstraps)
[2025-03-06T16:39:22.739+0000] {spark_submit.py:641} INFO - 25/03/06 16:39:22 INFO StandaloneSchedulerBackend: Connected to Spark cluster with app ID app-20250306163922-0011
[2025-03-06T16:39:22.745+0000] {spark_submit.py:641} INFO - 25/03/06 16:39:22 INFO StandaloneAppClient$ClientEndpoint: Executor added: app-20250306163922-0011/0 on worker-20250306162317-172.18.0.10-36791 (172.18.0.10:36791) with 2 core(s)
[2025-03-06T16:39:22.749+0000] {spark_submit.py:641} INFO - 25/03/06 16:39:22 INFO StandaloneSchedulerBackend: Granted executor ID app-20250306163922-0011/0 on hostPort 172.18.0.10:36791 with 2 core(s), 1024.0 MiB RAM
[2025-03-06T16:39:22.751+0000] {spark_submit.py:641} INFO - 25/03/06 16:39:22 INFO StandaloneAppClient$ClientEndpoint: Executor added: app-20250306163922-0011/1 on worker-20250306162317-172.18.0.8-46753 (172.18.0.8:46753) with 2 core(s)
[2025-03-06T16:39:22.753+0000] {spark_submit.py:641} INFO - 25/03/06 16:39:22 INFO StandaloneSchedulerBackend: Granted executor ID app-20250306163922-0011/1 on hostPort 172.18.0.8:46753 with 2 core(s), 1024.0 MiB RAM
[2025-03-06T16:39:22.761+0000] {spark_submit.py:641} INFO - 25/03/06 16:39:22 INFO Utils: Successfully started service 'org.apache.spark.network.netty.NettyBlockTransferService' on port 39383.
[2025-03-06T16:39:22.762+0000] {spark_submit.py:641} INFO - 25/03/06 16:39:22 INFO NettyBlockTransferService: Server created on bfcfbd2155da:39383
[2025-03-06T16:39:22.764+0000] {spark_submit.py:641} INFO - 25/03/06 16:39:22 INFO BlockManager: Using org.apache.spark.storage.RandomBlockReplicationPolicy for block replication policy
[2025-03-06T16:39:22.772+0000] {spark_submit.py:641} INFO - 25/03/06 16:39:22 INFO BlockManagerMaster: Registering BlockManager BlockManagerId(driver, bfcfbd2155da, 39383, None)
[2025-03-06T16:39:22.779+0000] {spark_submit.py:641} INFO - 25/03/06 16:39:22 INFO BlockManagerMasterEndpoint: Registering block manager bfcfbd2155da:39383 with 434.4 MiB RAM, BlockManagerId(driver, bfcfbd2155da, 39383, None)
[2025-03-06T16:39:22.782+0000] {spark_submit.py:641} INFO - 25/03/06 16:39:22 INFO BlockManagerMaster: Registered BlockManager BlockManagerId(driver, bfcfbd2155da, 39383, None)
[2025-03-06T16:39:22.786+0000] {spark_submit.py:641} INFO - 25/03/06 16:39:22 INFO BlockManager: Initialized BlockManager: BlockManagerId(driver, bfcfbd2155da, 39383, None)
[2025-03-06T16:39:22.793+0000] {spark_submit.py:641} INFO - 25/03/06 16:39:22 INFO StandaloneAppClient$ClientEndpoint: Executor updated: app-20250306163922-0011/0 is now RUNNING
[2025-03-06T16:39:22.795+0000] {spark_submit.py:641} INFO - 25/03/06 16:39:22 INFO StandaloneAppClient$ClientEndpoint: Executor updated: app-20250306163922-0011/1 is now RUNNING
[2025-03-06T16:39:23.067+0000] {spark_submit.py:641} INFO - 25/03/06 16:39:23 INFO StandaloneSchedulerBackend: SchedulerBackend is ready for scheduling beginning after reached minRegisteredResourcesRatio: 0.0
[2025-03-06T16:39:23.493+0000] {spark_submit.py:641} INFO - 25/03/06 16:39:23 INFO SharedState: Setting hive.metastore.warehouse.dir ('null') to the value of spark.sql.warehouse.dir.
[2025-03-06T16:39:23.507+0000] {spark_submit.py:641} INFO - 25/03/06 16:39:23 INFO SharedState: Warehouse path is 'file:/opt/***/spark-warehouse'.
[2025-03-06T16:39:25.549+0000] {spark_submit.py:641} INFO - Traceback (most recent call last):
[2025-03-06T16:39:25.550+0000] {spark_submit.py:641} INFO - File "/opt/***/jobs/python/load_exchangeRateToDW.py", line 65, in <module>
[2025-03-06T16:39:25.551+0000] {spark_submit.py:641} INFO - .load()
[2025-03-06T16:39:25.553+0000] {spark_submit.py:641} INFO - ^^^^^^
[2025-03-06T16:39:25.554+0000] {spark_submit.py:641} INFO - File "/home/***/.local/lib/python3.12/site-packages/pyspark/python/lib/pyspark.zip/pyspark/sql/streaming/readwriter.py", line 304, in load
[2025-03-06T16:39:25.555+0000] {spark_submit.py:641} INFO - File "/home/***/.local/lib/python3.12/site-packages/pyspark/python/lib/py4j-0.10.9.7-src.zip/py4j/java_gateway.py", line 1322, in __call__
[2025-03-06T16:39:25.556+0000] {spark_submit.py:641} INFO - File "/home/***/.local/lib/python3.12/site-packages/pyspark/python/lib/pyspark.zip/pyspark/errors/exceptions/captured.py", line 185, in deco
[2025-03-06T16:39:25.579+0000] {spark_submit.py:641} INFO - pyspark.errors.exceptions.captured.AnalysisException: Failed to find data source: kafka. Please deploy the application as per the deployment section of Structured Streaming + Kafka Integration Guide.
[2025-03-06T16:39:25.667+0000] {spark_submit.py:641} INFO - 25/03/06 16:39:25 INFO SparkContext: Invoking stop() from shutdown hook
[2025-03-06T16:39:25.668+0000] {spark_submit.py:641} INFO - 25/03/06 16:39:25 INFO SparkContext: SparkContext is stopping with exitCode 0.
[2025-03-06T16:39:25.687+0000] {spark_submit.py:641} INFO - 25/03/06 16:39:25 INFO SparkUI: Stopped Spark web UI at http://bfcfbd2155da:4040
[2025-03-06T16:39:25.692+0000] {spark_submit.py:641} INFO - 25/03/06 16:39:25 INFO StandaloneSchedulerBackend: Shutting down all executors
[2025-03-06T16:39:25.697+0000] {spark_submit.py:641} INFO - 25/03/06 16:39:25 INFO StandaloneSchedulerBackend$StandaloneDriverEndpoint: Asking each executor to shut down
[2025-03-06T16:39:25.717+0000] {spark_submit.py:641} INFO - 25/03/06 16:39:25 INFO MapOutputTrackerMasterEndpoint: MapOutputTrackerMasterEndpoint stopped!
[2025-03-06T16:39:25.732+0000] {spark_submit.py:641} INFO - 25/03/06 16:39:25 INFO MemoryStore: MemoryStore cleared
[2025-03-06T16:39:25.733+0000] {spark_submit.py:641} INFO - 25/03/06 16:39:25 INFO BlockManager: BlockManager stopped
[2025-03-06T16:39:25.741+0000] {spark_submit.py:641} INFO - 25/03/06 16:39:25 INFO BlockManagerMaster: BlockManagerMaster stopped
[2025-03-06T16:39:25.743+0000] {spark_submit.py:641} INFO - 25/03/06 16:39:25 INFO OutputCommitCoordinator$OutputCommitCoordinatorEndpoint: OutputCommitCoordinator stopped!
[2025-03-06T16:39:25.753+0000] {spark_submit.py:641} INFO - 25/03/06 16:39:25 INFO SparkContext: Successfully stopped SparkContext
[2025-03-06T16:39:25.754+0000] {spark_submit.py:641} INFO - 25/03/06 16:39:25 INFO ShutdownHookManager: Shutdown hook called
[2025-03-06T16:39:25.754+0000] {spark_submit.py:641} INFO - 25/03/06 16:39:25 INFO ShutdownHookManager: Deleting directory /tmp/spark-5c1efe34-aee1-4a39-850c-39ce28763082/pyspark-389dacf2-e066-4277-952b-c75e63ee335a
[2025-03-06T16:39:25.759+0000] {spark_submit.py:641} INFO - 25/03/06 16:39:25 INFO ShutdownHookManager: Deleting directory /tmp/spark-5c1efe34-aee1-4a39-850c-39ce28763082
[2025-03-06T16:39:25.763+0000] {spark_submit.py:641} INFO - 25/03/06 16:39:25 INFO ShutdownHookManager: Deleting directory /tmp/spark-d6b02a15-9ab2-4762-bd99-889dc4879f2d
[2025-03-06T16:39:25.803+0000] {taskinstance.py:3313} ERROR - Task failed with exception
Traceback (most recent call last):
  File "/home/airflow/.local/lib/python3.12/site-packages/airflow/models/taskinstance.py", line 768, in _execute_task
    result = _execute_callable(context=context, **execute_callable_kwargs)
             ^^^^^^^^^^^^^^^^^^^^^^^^^^^^^^^^^^^^^^^^^^^^^^^^^^^^^^^^^^^^^
  File "/home/airflow/.local/lib/python3.12/site-packages/airflow/models/taskinstance.py", line 734, in _execute_callable
    return ExecutionCallableRunner(
           ^^^^^^^^^^^^^^^^^^^^^^^^
  File "/home/airflow/.local/lib/python3.12/site-packages/airflow/utils/operator_helpers.py", line 252, in run
    return self.func(*args, **kwargs)
           ^^^^^^^^^^^^^^^^^^^^^^^^^^
  File "/home/airflow/.local/lib/python3.12/site-packages/airflow/models/baseoperator.py", line 424, in wrapper
    return func(self, *args, **kwargs)
           ^^^^^^^^^^^^^^^^^^^^^^^^^^^
  File "/home/airflow/.local/lib/python3.12/site-packages/airflow/providers/apache/spark/operators/spark_submit.py", line 177, in execute
    self._hook.submit(self.application)
  File "/home/airflow/.local/lib/python3.12/site-packages/airflow/providers/apache/spark/hooks/spark_submit.py", line 567, in submit
    raise AirflowException(
airflow.exceptions.AirflowException: Cannot execute: spark-submit --master spark://172.18.0.3:7077 --name arrow-spark --deploy-mode client jobs/python/load_exchangeRateToDW.py. Error code is: 1.
[2025-03-06T16:39:25.808+0000] {taskinstance.py:1226} INFO - Marking task as FAILED. dag_id=spark_flow, task_id=load_exchangeRate_python_job, run_id=manual__2025-03-06T16:39:14.629862+00:00, execution_date=20250306T163914, start_date=20250306T163918, end_date=20250306T163925
[2025-03-06T16:39:25.847+0000] {taskinstance.py:341} INFO - ::group::Post task execution logs
[2025-03-06T16:39:25.848+0000] {standard_task_runner.py:124} ERROR - Failed to execute job 37 for task load_exchangeRate_python_job (Cannot execute: spark-submit --master spark://172.18.0.3:7077 --name arrow-spark --deploy-mode client jobs/python/load_exchangeRateToDW.py. Error code is: 1.; 2390)
Traceback (most recent call last):
  File "/home/airflow/.local/lib/python3.12/site-packages/airflow/task/task_runner/standard_task_runner.py", line 117, in _start_by_fork
    ret = args.func(args, dag=self.dag)
          ^^^^^^^^^^^^^^^^^^^^^^^^^^^^^
  File "/home/airflow/.local/lib/python3.12/site-packages/airflow/cli/cli_config.py", line 49, in command
    return func(*args, **kwargs)
           ^^^^^^^^^^^^^^^^^^^^^
  File "/home/airflow/.local/lib/python3.12/site-packages/airflow/utils/cli.py", line 116, in wrapper
    return f(*args, **kwargs)
           ^^^^^^^^^^^^^^^^^^
  File "/home/airflow/.local/lib/python3.12/site-packages/airflow/cli/commands/task_command.py", line 483, in task_run
    task_return_code = _run_task_by_selected_method(args, _dag, ti)
                       ^^^^^^^^^^^^^^^^^^^^^^^^^^^^^^^^^^^^^^^^^^^^
  File "/home/airflow/.local/lib/python3.12/site-packages/airflow/cli/commands/task_command.py", line 256, in _run_task_by_selected_method
    return _run_raw_task(args, ti)
           ^^^^^^^^^^^^^^^^^^^^^^^
  File "/home/airflow/.local/lib/python3.12/site-packages/airflow/cli/commands/task_command.py", line 341, in _run_raw_task
    return ti._run_raw_task(
           ^^^^^^^^^^^^^^^^^
  File "/home/airflow/.local/lib/python3.12/site-packages/airflow/utils/session.py", line 97, in wrapper
    return func(*args, session=session, **kwargs)
           ^^^^^^^^^^^^^^^^^^^^^^^^^^^^^^^^^^^^^^
  File "/home/airflow/.local/lib/python3.12/site-packages/airflow/models/taskinstance.py", line 3006, in _run_raw_task
    return _run_raw_task(
           ^^^^^^^^^^^^^^
  File "/home/airflow/.local/lib/python3.12/site-packages/airflow/models/taskinstance.py", line 274, in _run_raw_task
    TaskInstance._execute_task_with_callbacks(
  File "/home/airflow/.local/lib/python3.12/site-packages/airflow/models/taskinstance.py", line 3161, in _execute_task_with_callbacks
    result = self._execute_task(context, task_orig)
             ^^^^^^^^^^^^^^^^^^^^^^^^^^^^^^^^^^^^^^
  File "/home/airflow/.local/lib/python3.12/site-packages/airflow/models/taskinstance.py", line 3185, in _execute_task
    return _execute_task(self, context, task_orig)
           ^^^^^^^^^^^^^^^^^^^^^^^^^^^^^^^^^^^^^^^
  File "/home/airflow/.local/lib/python3.12/site-packages/airflow/models/taskinstance.py", line 768, in _execute_task
    result = _execute_callable(context=context, **execute_callable_kwargs)
             ^^^^^^^^^^^^^^^^^^^^^^^^^^^^^^^^^^^^^^^^^^^^^^^^^^^^^^^^^^^^^
  File "/home/airflow/.local/lib/python3.12/site-packages/airflow/models/taskinstance.py", line 734, in _execute_callable
    return ExecutionCallableRunner(
           ^^^^^^^^^^^^^^^^^^^^^^^^
  File "/home/airflow/.local/lib/python3.12/site-packages/airflow/utils/operator_helpers.py", line 252, in run
    return self.func(*args, **kwargs)
           ^^^^^^^^^^^^^^^^^^^^^^^^^^
  File "/home/airflow/.local/lib/python3.12/site-packages/airflow/models/baseoperator.py", line 424, in wrapper
    return func(self, *args, **kwargs)
           ^^^^^^^^^^^^^^^^^^^^^^^^^^^
  File "/home/airflow/.local/lib/python3.12/site-packages/airflow/providers/apache/spark/operators/spark_submit.py", line 177, in execute
    self._hook.submit(self.application)
  File "/home/airflow/.local/lib/python3.12/site-packages/airflow/providers/apache/spark/hooks/spark_submit.py", line 567, in submit
    raise AirflowException(
airflow.exceptions.AirflowException: Cannot execute: spark-submit --master spark://172.18.0.3:7077 --name arrow-spark --deploy-mode client jobs/python/load_exchangeRateToDW.py. Error code is: 1.
[2025-03-06T16:39:25.859+0000] {local_task_job_runner.py:266} INFO - Task exited with return code 1
[2025-03-06T16:39:25.890+0000] {taskinstance.py:3901} INFO - 0 downstream tasks scheduled from follow-on schedule check
[2025-03-06T16:39:25.895+0000] {local_task_job_runner.py:245} INFO - ::endgroup::
