[2025-03-06T17:13:51.011+0000] {local_task_job_runner.py:123} INFO - ::group::Pre task execution logs
[2025-03-06T17:13:51.038+0000] {taskinstance.py:2614} INFO - Dependencies all met for dep_context=non-requeueable deps ti=<TaskInstance: spark_flow.end scheduled__2025-03-05T00:00:00+00:00 [queued]>
[2025-03-06T17:13:51.050+0000] {taskinstance.py:2614} INFO - Dependencies all met for dep_context=requeueable deps ti=<TaskInstance: spark_flow.end scheduled__2025-03-05T00:00:00+00:00 [queued]>
[2025-03-06T17:13:51.051+0000] {taskinstance.py:2867} INFO - Starting attempt 1 of 1
[2025-03-06T17:13:51.066+0000] {taskinstance.py:2890} INFO - Executing <Task(PythonOperator): end> on 2025-03-05 00:00:00+00:00
[2025-03-06T17:13:51.073+0000] {standard_task_runner.py:104} INFO - Running: ['***', 'tasks', 'run', 'spark_flow', 'end', 'scheduled__2025-03-05T00:00:00+00:00', '--job-id', '7', '--raw', '--subdir', 'DAGS_FOLDER/dag_***_spark.py', '--cfg-path', '/tmp/tmpyjvg2vu3']
[2025-03-06T17:13:51.075+0000] {standard_task_runner.py:105} INFO - Job 7: Subtask end
[2025-03-06T17:13:51.076+0000] {logging_mixin.py:190} WARNING - /home/***/.local/lib/python3.12/site-packages/***/task/task_runner/standard_task_runner.py:70 DeprecationWarning: This process (pid=252) is multi-threaded, use of fork() may lead to deadlocks in the child.
[2025-03-06T17:13:51.077+0000] {standard_task_runner.py:72} INFO - Started process 253 to run task
[2025-03-06T17:13:51.136+0000] {task_command.py:467} INFO - Running <TaskInstance: spark_flow.end scheduled__2025-03-05T00:00:00+00:00 [running]> on host 0bf4ff38bfab
[2025-03-06T17:13:51.234+0000] {taskinstance.py:3134} INFO - Exporting env vars: AIRFLOW_CTX_DAG_OWNER='haonv' AIRFLOW_CTX_DAG_ID='spark_flow' AIRFLOW_CTX_TASK_ID='end' AIRFLOW_CTX_EXECUTION_DATE='2025-03-05T00:00:00+00:00' AIRFLOW_CTX_TRY_NUMBER='1' AIRFLOW_CTX_DAG_RUN_ID='scheduled__2025-03-05T00:00:00+00:00'
[2025-03-06T17:13:51.235+0000] {taskinstance.py:732} INFO - ::endgroup::
[2025-03-06T17:13:51.250+0000] {logging_mixin.py:190} INFO - Jobs completed successfully
[2025-03-06T17:13:51.251+0000] {python.py:240} INFO - Done. Returned value was: None
[2025-03-06T17:13:51.264+0000] {taskinstance.py:341} INFO - ::group::Post task execution logs
[2025-03-06T17:13:51.264+0000] {taskinstance.py:353} INFO - Marking task as SUCCESS. dag_id=spark_flow, task_id=end, run_id=scheduled__2025-03-05T00:00:00+00:00, execution_date=20250305T000000, start_date=20250306T171351, end_date=20250306T171351
[2025-03-06T17:13:51.333+0000] {local_task_job_runner.py:266} INFO - Task exited with return code 0
[2025-03-06T17:13:51.353+0000] {taskinstance.py:3901} INFO - 0 downstream tasks scheduled from follow-on schedule check
[2025-03-06T17:13:51.358+0000] {local_task_job_runner.py:245} INFO - ::endgroup::
[2025-03-06T17:33:39.477+0000] {local_task_job_runner.py:123} INFO - ::group::Pre task execution logs
[2025-03-06T17:33:39.504+0000] {taskinstance.py:2614} INFO - Dependencies all met for dep_context=non-requeueable deps ti=<TaskInstance: spark_flow.end scheduled__2025-03-05T00:00:00+00:00 [queued]>
[2025-03-06T17:33:39.516+0000] {taskinstance.py:2614} INFO - Dependencies all met for dep_context=requeueable deps ti=<TaskInstance: spark_flow.end scheduled__2025-03-05T00:00:00+00:00 [queued]>
[2025-03-06T17:33:39.517+0000] {taskinstance.py:2867} INFO - Starting attempt 1 of 1
[2025-03-06T17:33:39.532+0000] {taskinstance.py:2890} INFO - Executing <Task(PythonOperator): end> on 2025-03-05 00:00:00+00:00
[2025-03-06T17:33:39.539+0000] {standard_task_runner.py:104} INFO - Running: ['***', 'tasks', 'run', 'spark_flow', 'end', 'scheduled__2025-03-05T00:00:00+00:00', '--job-id', '6', '--raw', '--subdir', 'DAGS_FOLDER/dag_***_spark.py', '--cfg-path', '/tmp/tmp6pafzk8d']
[2025-03-06T17:33:39.541+0000] {standard_task_runner.py:105} INFO - Job 6: Subtask end
[2025-03-06T17:33:39.543+0000] {logging_mixin.py:190} WARNING - /home/***/.local/lib/python3.12/site-packages/***/task/task_runner/standard_task_runner.py:70 DeprecationWarning: This process (pid=269) is multi-threaded, use of fork() may lead to deadlocks in the child.
[2025-03-06T17:33:39.544+0000] {standard_task_runner.py:72} INFO - Started process 271 to run task
[2025-03-06T17:33:39.601+0000] {task_command.py:467} INFO - Running <TaskInstance: spark_flow.end scheduled__2025-03-05T00:00:00+00:00 [running]> on host e4b312e1a8d1
[2025-03-06T17:33:39.841+0000] {taskinstance.py:3134} INFO - Exporting env vars: AIRFLOW_CTX_DAG_OWNER='haonv' AIRFLOW_CTX_DAG_ID='spark_flow' AIRFLOW_CTX_TASK_ID='end' AIRFLOW_CTX_EXECUTION_DATE='2025-03-05T00:00:00+00:00' AIRFLOW_CTX_TRY_NUMBER='1' AIRFLOW_CTX_DAG_RUN_ID='scheduled__2025-03-05T00:00:00+00:00'
[2025-03-06T17:33:39.842+0000] {taskinstance.py:732} INFO - ::endgroup::
[2025-03-06T17:33:39.859+0000] {logging_mixin.py:190} INFO - Jobs completed successfully
[2025-03-06T17:33:39.859+0000] {python.py:240} INFO - Done. Returned value was: None
[2025-03-06T17:33:39.872+0000] {taskinstance.py:341} INFO - ::group::Post task execution logs
[2025-03-06T17:33:39.873+0000] {taskinstance.py:353} INFO - Marking task as SUCCESS. dag_id=spark_flow, task_id=end, run_id=scheduled__2025-03-05T00:00:00+00:00, execution_date=20250305T000000, start_date=20250306T173339, end_date=20250306T173339
[2025-03-06T17:33:39.960+0000] {local_task_job_runner.py:266} INFO - Task exited with return code 0
[2025-03-06T17:33:39.979+0000] {taskinstance.py:3901} INFO - 0 downstream tasks scheduled from follow-on schedule check
[2025-03-06T17:33:40.003+0000] {local_task_job_runner.py:245} INFO - ::endgroup::
