[2025-03-06T16:29:45.656+0000] {local_task_job_runner.py:123} INFO - ::group::Pre task execution logs
[2025-03-06T16:29:45.701+0000] {taskinstance.py:2614} INFO - Dependencies all met for dep_context=non-requeueable deps ti=<TaskInstance: spark_flow.load_exchangeRate_python_job manual__2025-03-06T16:29:40.698875+00:00 [queued]>
[2025-03-06T16:29:45.716+0000] {taskinstance.py:2614} INFO - Dependencies all met for dep_context=requeueable deps ti=<TaskInstance: spark_flow.load_exchangeRate_python_job manual__2025-03-06T16:29:40.698875+00:00 [queued]>
[2025-03-06T16:29:45.717+0000] {taskinstance.py:2867} INFO - Starting attempt 1 of 1
[2025-03-06T16:29:45.734+0000] {taskinstance.py:2890} INFO - Executing <Task(SparkSubmitOperator): load_exchangeRate_python_job> on 2025-03-06 16:29:40.698875+00:00
[2025-03-06T16:29:45.742+0000] {standard_task_runner.py:104} INFO - Running: ['***', 'tasks', 'run', 'spark_flow', 'load_exchangeRate_python_job', 'manual__2025-03-06T16:29:40.698875+00:00', '--job-id', '22', '--raw', '--subdir', 'DAGS_FOLDER/dag_***_spark.py', '--cfg-path', '/tmp/tmpjubu7fpc']
[2025-03-06T16:29:45.745+0000] {standard_task_runner.py:105} INFO - Job 22: Subtask load_exchangeRate_python_job
[2025-03-06T16:29:45.747+0000] {logging_mixin.py:190} WARNING - /home/***/.local/lib/python3.12/site-packages/***/task/task_runner/standard_task_runner.py:70 DeprecationWarning: This process (pid=1331) is multi-threaded, use of fork() may lead to deadlocks in the child.
[2025-03-06T16:29:45.748+0000] {standard_task_runner.py:72} INFO - Started process 1371 to run task
[2025-03-06T16:29:45.805+0000] {task_command.py:467} INFO - Running <TaskInstance: spark_flow.load_exchangeRate_python_job manual__2025-03-06T16:29:40.698875+00:00 [running]> on host bfcfbd2155da
[2025-03-06T16:29:45.903+0000] {taskinstance.py:3134} INFO - Exporting env vars: AIRFLOW_CTX_DAG_OWNER='haonv' AIRFLOW_CTX_DAG_ID='spark_flow' AIRFLOW_CTX_TASK_ID='load_exchangeRate_python_job' AIRFLOW_CTX_EXECUTION_DATE='2025-03-06T16:29:40.698875+00:00' AIRFLOW_CTX_TRY_NUMBER='1' AIRFLOW_CTX_DAG_RUN_ID='manual__2025-03-06T16:29:40.698875+00:00'
[2025-03-06T16:29:45.904+0000] {taskinstance.py:732} INFO - ::endgroup::
[2025-03-06T16:29:45.932+0000] {base.py:84} INFO - Retrieving connection 'spark-conn'
[2025-03-06T16:29:45.934+0000] {spark_submit.py:474} INFO - Spark-Submit cmd: spark-submit --master spark://172.18.0.3:7077 --name arrow-spark --deploy-mode client jobs/python/load_exchangeRateToDW.py
[2025-03-06T16:29:49.396+0000] {spark_submit.py:641} INFO - 25/03/06 16:29:49 INFO SparkContext: Running Spark version 3.5.5
[2025-03-06T16:29:49.398+0000] {spark_submit.py:641} INFO - 25/03/06 16:29:49 INFO SparkContext: OS info Linux, 5.15.167.4-microsoft-standard-WSL2, amd64
[2025-03-06T16:29:49.399+0000] {spark_submit.py:641} INFO - 25/03/06 16:29:49 INFO SparkContext: Java version 17.0.14
[2025-03-06T16:29:49.451+0000] {spark_submit.py:641} INFO - 25/03/06 16:29:49 WARN NativeCodeLoader: Unable to load native-hadoop library for your platform... using builtin-java classes where applicable
[2025-03-06T16:29:49.543+0000] {spark_submit.py:641} INFO - 25/03/06 16:29:49 INFO ResourceUtils: ==============================================================
[2025-03-06T16:29:49.544+0000] {spark_submit.py:641} INFO - 25/03/06 16:29:49 INFO ResourceUtils: No custom resources configured for spark.driver.
[2025-03-06T16:29:49.545+0000] {spark_submit.py:641} INFO - 25/03/06 16:29:49 INFO ResourceUtils: ==============================================================
[2025-03-06T16:29:49.545+0000] {spark_submit.py:641} INFO - 25/03/06 16:29:49 INFO SparkContext: Submitted application: ExchangeRateToDW
[2025-03-06T16:29:49.567+0000] {spark_submit.py:641} INFO - 25/03/06 16:29:49 INFO ResourceProfile: Default ResourceProfile created, executor resources: Map(memory -> name: memory, amount: 1024, script: , vendor: , offHeap -> name: offHeap, amount: 0, script: , vendor: ), task resources: Map(cpus -> name: cpus, amount: 1.0)
[2025-03-06T16:29:49.580+0000] {spark_submit.py:641} INFO - 25/03/06 16:29:49 INFO ResourceProfile: Limiting resource is cpu
[2025-03-06T16:29:49.581+0000] {spark_submit.py:641} INFO - 25/03/06 16:29:49 INFO ResourceProfileManager: Added ResourceProfile id: 0
[2025-03-06T16:29:49.642+0000] {spark_submit.py:641} INFO - 25/03/06 16:29:49 INFO SecurityManager: Changing view acls to: ***
[2025-03-06T16:29:49.643+0000] {spark_submit.py:641} INFO - 25/03/06 16:29:49 INFO SecurityManager: Changing modify acls to: ***
[2025-03-06T16:29:49.645+0000] {spark_submit.py:641} INFO - 25/03/06 16:29:49 INFO SecurityManager: Changing view acls groups to:
[2025-03-06T16:29:49.646+0000] {spark_submit.py:641} INFO - 25/03/06 16:29:49 INFO SecurityManager: Changing modify acls groups to:
[2025-03-06T16:29:49.646+0000] {spark_submit.py:641} INFO - 25/03/06 16:29:49 INFO SecurityManager: SecurityManager: authentication disabled; ui acls disabled; users with view permissions: ***; groups with view permissions: EMPTY; users with modify permissions: ***; groups with modify permissions: EMPTY
[2025-03-06T16:29:50.070+0000] {spark_submit.py:641} INFO - 25/03/06 16:29:50 INFO Utils: Successfully started service 'sparkDriver' on port 43063.
[2025-03-06T16:29:50.110+0000] {spark_submit.py:641} INFO - 25/03/06 16:29:50 INFO SparkEnv: Registering MapOutputTracker
[2025-03-06T16:29:50.178+0000] {spark_submit.py:641} INFO - 25/03/06 16:29:50 INFO SparkEnv: Registering BlockManagerMaster
[2025-03-06T16:29:50.206+0000] {spark_submit.py:641} INFO - 25/03/06 16:29:50 INFO BlockManagerMasterEndpoint: Using org.apache.spark.storage.DefaultTopologyMapper for getting topology information
[2025-03-06T16:29:50.207+0000] {spark_submit.py:641} INFO - 25/03/06 16:29:50 INFO BlockManagerMasterEndpoint: BlockManagerMasterEndpoint up
[2025-03-06T16:29:50.218+0000] {spark_submit.py:641} INFO - 25/03/06 16:29:50 INFO SparkEnv: Registering BlockManagerMasterHeartbeat
[2025-03-06T16:29:50.255+0000] {spark_submit.py:641} INFO - 25/03/06 16:29:50 INFO DiskBlockManager: Created local directory at /tmp/blockmgr-ef5cc909-8f65-45c6-9651-bd5b8af26986
[2025-03-06T16:29:50.290+0000] {spark_submit.py:641} INFO - 25/03/06 16:29:50 INFO MemoryStore: MemoryStore started with capacity 434.4 MiB
[2025-03-06T16:29:50.338+0000] {spark_submit.py:641} INFO - 25/03/06 16:29:50 INFO SparkEnv: Registering OutputCommitCoordinator
[2025-03-06T16:29:50.543+0000] {spark_submit.py:641} INFO - 25/03/06 16:29:50 INFO JettyUtils: Start Jetty 0.0.0.0:4040 for SparkUI
[2025-03-06T16:29:50.617+0000] {spark_submit.py:641} INFO - 25/03/06 16:29:50 INFO Utils: Successfully started service 'SparkUI' on port 4040.
[2025-03-06T16:29:50.781+0000] {spark_submit.py:641} INFO - 25/03/06 16:29:50 INFO StandaloneAppClient$ClientEndpoint: Connecting to master spark://172.18.0.3:7077...
[2025-03-06T16:29:50.827+0000] {spark_submit.py:641} INFO - 25/03/06 16:29:50 INFO TransportClientFactory: Successfully created connection to /172.18.0.3:7077 after 24 ms (0 ms spent in bootstraps)
[2025-03-06T16:29:50.916+0000] {spark_submit.py:641} INFO - 25/03/06 16:29:50 INFO StandaloneSchedulerBackend: Connected to Spark cluster with app ID app-20250306162950-0006
[2025-03-06T16:29:50.918+0000] {spark_submit.py:641} INFO - 25/03/06 16:29:50 INFO StandaloneAppClient$ClientEndpoint: Executor added: app-20250306162950-0006/0 on worker-20250306162317-172.18.0.10-36791 (172.18.0.10:36791) with 2 core(s)
[2025-03-06T16:29:50.921+0000] {spark_submit.py:641} INFO - 25/03/06 16:29:50 INFO StandaloneSchedulerBackend: Granted executor ID app-20250306162950-0006/0 on hostPort 172.18.0.10:36791 with 2 core(s), 1024.0 MiB RAM
[2025-03-06T16:29:50.922+0000] {spark_submit.py:641} INFO - 25/03/06 16:29:50 INFO StandaloneAppClient$ClientEndpoint: Executor added: app-20250306162950-0006/1 on worker-20250306162317-172.18.0.8-46753 (172.18.0.8:46753) with 2 core(s)
[2025-03-06T16:29:50.922+0000] {spark_submit.py:641} INFO - 25/03/06 16:29:50 INFO StandaloneSchedulerBackend: Granted executor ID app-20250306162950-0006/1 on hostPort 172.18.0.8:46753 with 2 core(s), 1024.0 MiB RAM
[2025-03-06T16:29:50.932+0000] {spark_submit.py:641} INFO - 25/03/06 16:29:50 INFO Utils: Successfully started service 'org.apache.spark.network.netty.NettyBlockTransferService' on port 41307.
[2025-03-06T16:29:50.932+0000] {spark_submit.py:641} INFO - 25/03/06 16:29:50 INFO NettyBlockTransferService: Server created on bfcfbd2155da:41307
[2025-03-06T16:29:50.935+0000] {spark_submit.py:641} INFO - 25/03/06 16:29:50 INFO BlockManager: Using org.apache.spark.storage.RandomBlockReplicationPolicy for block replication policy
[2025-03-06T16:29:50.946+0000] {spark_submit.py:641} INFO - 25/03/06 16:29:50 INFO BlockManagerMaster: Registering BlockManager BlockManagerId(driver, bfcfbd2155da, 41307, None)
[2025-03-06T16:29:50.950+0000] {spark_submit.py:641} INFO - 25/03/06 16:29:50 INFO BlockManagerMasterEndpoint: Registering block manager bfcfbd2155da:41307 with 434.4 MiB RAM, BlockManagerId(driver, bfcfbd2155da, 41307, None)
[2025-03-06T16:29:50.954+0000] {spark_submit.py:641} INFO - 25/03/06 16:29:50 INFO BlockManagerMaster: Registered BlockManager BlockManagerId(driver, bfcfbd2155da, 41307, None)
[2025-03-06T16:29:50.956+0000] {spark_submit.py:641} INFO - 25/03/06 16:29:50 INFO BlockManager: Initialized BlockManager: BlockManagerId(driver, bfcfbd2155da, 41307, None)
[2025-03-06T16:29:50.964+0000] {spark_submit.py:641} INFO - 25/03/06 16:29:50 INFO StandaloneAppClient$ClientEndpoint: Executor updated: app-20250306162950-0006/1 is now RUNNING
[2025-03-06T16:29:50.966+0000] {spark_submit.py:641} INFO - 25/03/06 16:29:50 INFO StandaloneAppClient$ClientEndpoint: Executor updated: app-20250306162950-0006/0 is now RUNNING
[2025-03-06T16:29:51.321+0000] {spark_submit.py:641} INFO - 25/03/06 16:29:51 INFO StandaloneSchedulerBackend: SchedulerBackend is ready for scheduling beginning after reached minRegisteredResourcesRatio: 0.0
[2025-03-06T16:29:51.759+0000] {spark_submit.py:641} INFO - 25/03/06 16:29:51 INFO SharedState: Setting hive.metastore.warehouse.dir ('null') to the value of spark.sql.warehouse.dir.
[2025-03-06T16:29:51.783+0000] {spark_submit.py:641} INFO - 25/03/06 16:29:51 INFO SharedState: Warehouse path is 'file:/opt/***/spark-warehouse'.
[2025-03-06T16:29:54.044+0000] {spark_submit.py:641} INFO - Traceback (most recent call last):
[2025-03-06T16:29:54.046+0000] {spark_submit.py:641} INFO - File "/opt/***/jobs/python/load_exchangeRateToDW.py", line 65, in <module>
[2025-03-06T16:29:54.048+0000] {spark_submit.py:641} INFO - .load()
[2025-03-06T16:29:54.049+0000] {spark_submit.py:641} INFO - ^^^^^^
[2025-03-06T16:29:54.050+0000] {spark_submit.py:641} INFO - File "/home/***/.local/lib/python3.12/site-packages/pyspark/python/lib/pyspark.zip/pyspark/sql/streaming/readwriter.py", line 304, in load
[2025-03-06T16:29:54.051+0000] {spark_submit.py:641} INFO - File "/home/***/.local/lib/python3.12/site-packages/pyspark/python/lib/py4j-0.10.9.7-src.zip/py4j/java_gateway.py", line 1322, in __call__
[2025-03-06T16:29:54.052+0000] {spark_submit.py:641} INFO - File "/home/***/.local/lib/python3.12/site-packages/pyspark/python/lib/pyspark.zip/pyspark/errors/exceptions/captured.py", line 185, in deco
[2025-03-06T16:29:54.075+0000] {spark_submit.py:641} INFO - pyspark.errors.exceptions.captured.AnalysisException: Failed to find data source: kafka. Please deploy the application as per the deployment section of Structured Streaming + Kafka Integration Guide.
[2025-03-06T16:29:54.198+0000] {spark_submit.py:641} INFO - 25/03/06 16:29:54 INFO SparkContext: Invoking stop() from shutdown hook
[2025-03-06T16:29:54.200+0000] {spark_submit.py:641} INFO - 25/03/06 16:29:54 INFO SparkContext: SparkContext is stopping with exitCode 0.
[2025-03-06T16:29:54.215+0000] {spark_submit.py:641} INFO - 25/03/06 16:29:54 INFO SparkUI: Stopped Spark web UI at http://bfcfbd2155da:4040
[2025-03-06T16:29:54.220+0000] {spark_submit.py:641} INFO - 25/03/06 16:29:54 INFO StandaloneSchedulerBackend: Shutting down all executors
[2025-03-06T16:29:54.225+0000] {spark_submit.py:641} INFO - 25/03/06 16:29:54 INFO StandaloneSchedulerBackend$StandaloneDriverEndpoint: Asking each executor to shut down
[2025-03-06T16:29:54.245+0000] {spark_submit.py:641} INFO - 25/03/06 16:29:54 INFO MapOutputTrackerMasterEndpoint: MapOutputTrackerMasterEndpoint stopped!
[2025-03-06T16:29:54.260+0000] {spark_submit.py:641} INFO - 25/03/06 16:29:54 INFO MemoryStore: MemoryStore cleared
[2025-03-06T16:29:54.261+0000] {spark_submit.py:641} INFO - 25/03/06 16:29:54 INFO BlockManager: BlockManager stopped
[2025-03-06T16:29:54.269+0000] {spark_submit.py:641} INFO - 25/03/06 16:29:54 INFO BlockManagerMaster: BlockManagerMaster stopped
[2025-03-06T16:29:54.274+0000] {spark_submit.py:641} INFO - 25/03/06 16:29:54 INFO OutputCommitCoordinator$OutputCommitCoordinatorEndpoint: OutputCommitCoordinator stopped!
[2025-03-06T16:29:54.284+0000] {spark_submit.py:641} INFO - 25/03/06 16:29:54 INFO SparkContext: Successfully stopped SparkContext
[2025-03-06T16:29:54.285+0000] {spark_submit.py:641} INFO - 25/03/06 16:29:54 INFO ShutdownHookManager: Shutdown hook called
[2025-03-06T16:29:54.285+0000] {spark_submit.py:641} INFO - 25/03/06 16:29:54 INFO ShutdownHookManager: Deleting directory /tmp/spark-847f4b07-6c57-4061-8d27-e0323a886f5f
[2025-03-06T16:29:54.290+0000] {spark_submit.py:641} INFO - 25/03/06 16:29:54 INFO ShutdownHookManager: Deleting directory /tmp/spark-847f4b07-6c57-4061-8d27-e0323a886f5f/pyspark-705d8d5b-4ceb-409f-a022-ff4ec7b03218
[2025-03-06T16:29:54.294+0000] {spark_submit.py:641} INFO - 25/03/06 16:29:54 INFO ShutdownHookManager: Deleting directory /tmp/spark-b1207b84-6d67-443e-bad1-fa4588fe033c
[2025-03-06T16:29:54.346+0000] {taskinstance.py:3313} ERROR - Task failed with exception
Traceback (most recent call last):
  File "/home/airflow/.local/lib/python3.12/site-packages/airflow/models/taskinstance.py", line 768, in _execute_task
    result = _execute_callable(context=context, **execute_callable_kwargs)
             ^^^^^^^^^^^^^^^^^^^^^^^^^^^^^^^^^^^^^^^^^^^^^^^^^^^^^^^^^^^^^
  File "/home/airflow/.local/lib/python3.12/site-packages/airflow/models/taskinstance.py", line 734, in _execute_callable
    return ExecutionCallableRunner(
           ^^^^^^^^^^^^^^^^^^^^^^^^
  File "/home/airflow/.local/lib/python3.12/site-packages/airflow/utils/operator_helpers.py", line 252, in run
    return self.func(*args, **kwargs)
           ^^^^^^^^^^^^^^^^^^^^^^^^^^
  File "/home/airflow/.local/lib/python3.12/site-packages/airflow/models/baseoperator.py", line 424, in wrapper
    return func(self, *args, **kwargs)
           ^^^^^^^^^^^^^^^^^^^^^^^^^^^
  File "/home/airflow/.local/lib/python3.12/site-packages/airflow/providers/apache/spark/operators/spark_submit.py", line 177, in execute
    self._hook.submit(self.application)
  File "/home/airflow/.local/lib/python3.12/site-packages/airflow/providers/apache/spark/hooks/spark_submit.py", line 567, in submit
    raise AirflowException(
airflow.exceptions.AirflowException: Cannot execute: spark-submit --master spark://172.18.0.3:7077 --name arrow-spark --deploy-mode client jobs/python/load_exchangeRateToDW.py. Error code is: 1.
[2025-03-06T16:29:54.351+0000] {taskinstance.py:1226} INFO - Marking task as FAILED. dag_id=spark_flow, task_id=load_exchangeRate_python_job, run_id=manual__2025-03-06T16:29:40.698875+00:00, execution_date=20250306T162940, start_date=20250306T162945, end_date=20250306T162954
[2025-03-06T16:29:54.389+0000] {taskinstance.py:341} INFO - ::group::Post task execution logs
[2025-03-06T16:29:54.390+0000] {standard_task_runner.py:124} ERROR - Failed to execute job 22 for task load_exchangeRate_python_job (Cannot execute: spark-submit --master spark://172.18.0.3:7077 --name arrow-spark --deploy-mode client jobs/python/load_exchangeRateToDW.py. Error code is: 1.; 1371)
Traceback (most recent call last):
  File "/home/airflow/.local/lib/python3.12/site-packages/airflow/task/task_runner/standard_task_runner.py", line 117, in _start_by_fork
    ret = args.func(args, dag=self.dag)
          ^^^^^^^^^^^^^^^^^^^^^^^^^^^^^
  File "/home/airflow/.local/lib/python3.12/site-packages/airflow/cli/cli_config.py", line 49, in command
    return func(*args, **kwargs)
           ^^^^^^^^^^^^^^^^^^^^^
  File "/home/airflow/.local/lib/python3.12/site-packages/airflow/utils/cli.py", line 116, in wrapper
    return f(*args, **kwargs)
           ^^^^^^^^^^^^^^^^^^
  File "/home/airflow/.local/lib/python3.12/site-packages/airflow/cli/commands/task_command.py", line 483, in task_run
    task_return_code = _run_task_by_selected_method(args, _dag, ti)
                       ^^^^^^^^^^^^^^^^^^^^^^^^^^^^^^^^^^^^^^^^^^^^
  File "/home/airflow/.local/lib/python3.12/site-packages/airflow/cli/commands/task_command.py", line 256, in _run_task_by_selected_method
    return _run_raw_task(args, ti)
           ^^^^^^^^^^^^^^^^^^^^^^^
  File "/home/airflow/.local/lib/python3.12/site-packages/airflow/cli/commands/task_command.py", line 341, in _run_raw_task
    return ti._run_raw_task(
           ^^^^^^^^^^^^^^^^^
  File "/home/airflow/.local/lib/python3.12/site-packages/airflow/utils/session.py", line 97, in wrapper
    return func(*args, session=session, **kwargs)
           ^^^^^^^^^^^^^^^^^^^^^^^^^^^^^^^^^^^^^^
  File "/home/airflow/.local/lib/python3.12/site-packages/airflow/models/taskinstance.py", line 3006, in _run_raw_task
    return _run_raw_task(
           ^^^^^^^^^^^^^^
  File "/home/airflow/.local/lib/python3.12/site-packages/airflow/models/taskinstance.py", line 274, in _run_raw_task
    TaskInstance._execute_task_with_callbacks(
  File "/home/airflow/.local/lib/python3.12/site-packages/airflow/models/taskinstance.py", line 3161, in _execute_task_with_callbacks
    result = self._execute_task(context, task_orig)
             ^^^^^^^^^^^^^^^^^^^^^^^^^^^^^^^^^^^^^^
  File "/home/airflow/.local/lib/python3.12/site-packages/airflow/models/taskinstance.py", line 3185, in _execute_task
    return _execute_task(self, context, task_orig)
           ^^^^^^^^^^^^^^^^^^^^^^^^^^^^^^^^^^^^^^^
  File "/home/airflow/.local/lib/python3.12/site-packages/airflow/models/taskinstance.py", line 768, in _execute_task
    result = _execute_callable(context=context, **execute_callable_kwargs)
             ^^^^^^^^^^^^^^^^^^^^^^^^^^^^^^^^^^^^^^^^^^^^^^^^^^^^^^^^^^^^^
  File "/home/airflow/.local/lib/python3.12/site-packages/airflow/models/taskinstance.py", line 734, in _execute_callable
    return ExecutionCallableRunner(
           ^^^^^^^^^^^^^^^^^^^^^^^^
  File "/home/airflow/.local/lib/python3.12/site-packages/airflow/utils/operator_helpers.py", line 252, in run
    return self.func(*args, **kwargs)
           ^^^^^^^^^^^^^^^^^^^^^^^^^^
  File "/home/airflow/.local/lib/python3.12/site-packages/airflow/models/baseoperator.py", line 424, in wrapper
    return func(self, *args, **kwargs)
           ^^^^^^^^^^^^^^^^^^^^^^^^^^^
  File "/home/airflow/.local/lib/python3.12/site-packages/airflow/providers/apache/spark/operators/spark_submit.py", line 177, in execute
    self._hook.submit(self.application)
  File "/home/airflow/.local/lib/python3.12/site-packages/airflow/providers/apache/spark/hooks/spark_submit.py", line 567, in submit
    raise AirflowException(
airflow.exceptions.AirflowException: Cannot execute: spark-submit --master spark://172.18.0.3:7077 --name arrow-spark --deploy-mode client jobs/python/load_exchangeRateToDW.py. Error code is: 1.
[2025-03-06T16:29:54.437+0000] {local_task_job_runner.py:266} INFO - Task exited with return code 1
[2025-03-06T16:29:54.464+0000] {taskinstance.py:3901} INFO - 0 downstream tasks scheduled from follow-on schedule check
[2025-03-06T16:29:54.469+0000] {local_task_job_runner.py:245} INFO - ::endgroup::
