[2025-03-06T15:16:06.073+0000] {local_task_job_runner.py:123} INFO - ::group::Pre task execution logs
[2025-03-06T15:16:06.102+0000] {taskinstance.py:2614} INFO - Dependencies all met for dep_context=non-requeueable deps ti=<TaskInstance: spark_flow.load_exchangeRate_python_job manual__2025-03-06T15:16:01.186434+00:00 [queued]>
[2025-03-06T15:16:06.114+0000] {taskinstance.py:2614} INFO - Dependencies all met for dep_context=requeueable deps ti=<TaskInstance: spark_flow.load_exchangeRate_python_job manual__2025-03-06T15:16:01.186434+00:00 [queued]>
[2025-03-06T15:16:06.117+0000] {taskinstance.py:2867} INFO - Starting attempt 1 of 1
[2025-03-06T15:16:06.132+0000] {taskinstance.py:2890} INFO - Executing <Task(SparkSubmitOperator): load_exchangeRate_python_job> on 2025-03-06 15:16:01.186434+00:00
[2025-03-06T15:16:06.139+0000] {standard_task_runner.py:104} INFO - Running: ['***', 'tasks', 'run', 'spark_flow', 'load_exchangeRate_python_job', 'manual__2025-03-06T15:16:01.186434+00:00', '--job-id', '7', '--raw', '--subdir', 'DAGS_FOLDER/dag_***_spark.py', '--cfg-path', '/tmp/tmpog2w2pk6']
[2025-03-06T15:16:06.142+0000] {standard_task_runner.py:105} INFO - Job 7: Subtask load_exchangeRate_python_job
[2025-03-06T15:16:06.144+0000] {logging_mixin.py:190} WARNING - /home/***/.local/lib/python3.12/site-packages/***/task/task_runner/standard_task_runner.py:70 DeprecationWarning: This process (pid=326) is multi-threaded, use of fork() may lead to deadlocks in the child.
[2025-03-06T15:16:06.146+0000] {standard_task_runner.py:72} INFO - Started process 334 to run task
[2025-03-06T15:16:06.205+0000] {task_command.py:467} INFO - Running <TaskInstance: spark_flow.load_exchangeRate_python_job manual__2025-03-06T15:16:01.186434+00:00 [running]> on host e9dfa152b6ab
[2025-03-06T15:16:06.324+0000] {taskinstance.py:3134} INFO - Exporting env vars: AIRFLOW_CTX_DAG_OWNER='haonv' AIRFLOW_CTX_DAG_ID='spark_flow' AIRFLOW_CTX_TASK_ID='load_exchangeRate_python_job' AIRFLOW_CTX_EXECUTION_DATE='2025-03-06T15:16:01.186434+00:00' AIRFLOW_CTX_TRY_NUMBER='1' AIRFLOW_CTX_DAG_RUN_ID='manual__2025-03-06T15:16:01.186434+00:00'
[2025-03-06T15:16:06.325+0000] {taskinstance.py:732} INFO - ::endgroup::
[2025-03-06T15:16:06.354+0000] {base.py:84} INFO - Retrieving connection 'spark-conn'
[2025-03-06T15:16:06.355+0000] {spark_submit.py:474} INFO - Spark-Submit cmd: spark-submit --master spark://spark-master-1:7077 --name arrow-spark --deploy-mode client jobs/python/load_exchangeRateToDW.py
[2025-03-06T15:16:09.869+0000] {spark_submit.py:641} INFO - 25/03/06 15:16:09 INFO SparkContext: Running Spark version 3.5.5
[2025-03-06T15:16:09.872+0000] {spark_submit.py:641} INFO - 25/03/06 15:16:09 INFO SparkContext: OS info Linux, 5.15.167.4-microsoft-standard-WSL2, amd64
[2025-03-06T15:16:09.873+0000] {spark_submit.py:641} INFO - 25/03/06 15:16:09 INFO SparkContext: Java version 17.0.14
[2025-03-06T15:16:09.920+0000] {spark_submit.py:641} INFO - 25/03/06 15:16:09 WARN NativeCodeLoader: Unable to load native-hadoop library for your platform... using builtin-java classes where applicable
[2025-03-06T15:16:09.996+0000] {spark_submit.py:641} INFO - 25/03/06 15:16:09 INFO ResourceUtils: ==============================================================
[2025-03-06T15:16:09.996+0000] {spark_submit.py:641} INFO - 25/03/06 15:16:09 INFO ResourceUtils: No custom resources configured for spark.driver.
[2025-03-06T15:16:09.997+0000] {spark_submit.py:641} INFO - 25/03/06 15:16:09 INFO ResourceUtils: ==============================================================
[2025-03-06T15:16:09.998+0000] {spark_submit.py:641} INFO - 25/03/06 15:16:09 INFO SparkContext: Submitted application: ExchangeRateToDW
[2025-03-06T15:16:10.016+0000] {spark_submit.py:641} INFO - 25/03/06 15:16:10 INFO ResourceProfile: Default ResourceProfile created, executor resources: Map(memory -> name: memory, amount: 1024, script: , vendor: , offHeap -> name: offHeap, amount: 0, script: , vendor: ), task resources: Map(cpus -> name: cpus, amount: 1.0)
[2025-03-06T15:16:10.024+0000] {spark_submit.py:641} INFO - 25/03/06 15:16:10 INFO ResourceProfile: Limiting resource is cpu
[2025-03-06T15:16:10.025+0000] {spark_submit.py:641} INFO - 25/03/06 15:16:10 INFO ResourceProfileManager: Added ResourceProfile id: 0
[2025-03-06T15:16:10.081+0000] {spark_submit.py:641} INFO - 25/03/06 15:16:10 INFO SecurityManager: Changing view acls to: ***
[2025-03-06T15:16:10.082+0000] {spark_submit.py:641} INFO - 25/03/06 15:16:10 INFO SecurityManager: Changing modify acls to: ***
[2025-03-06T15:16:10.082+0000] {spark_submit.py:641} INFO - 25/03/06 15:16:10 INFO SecurityManager: Changing view acls groups to:
[2025-03-06T15:16:10.083+0000] {spark_submit.py:641} INFO - 25/03/06 15:16:10 INFO SecurityManager: Changing modify acls groups to:
[2025-03-06T15:16:10.084+0000] {spark_submit.py:641} INFO - 25/03/06 15:16:10 INFO SecurityManager: SecurityManager: authentication disabled; ui acls disabled; users with view permissions: ***; groups with view permissions: EMPTY; users with modify permissions: ***; groups with modify permissions: EMPTY
[2025-03-06T15:16:10.349+0000] {spark_submit.py:641} INFO - 25/03/06 15:16:10 INFO Utils: Successfully started service 'sparkDriver' on port 43783.
[2025-03-06T15:16:10.376+0000] {spark_submit.py:641} INFO - 25/03/06 15:16:10 INFO SparkEnv: Registering MapOutputTracker
[2025-03-06T15:16:10.411+0000] {spark_submit.py:641} INFO - 25/03/06 15:16:10 INFO SparkEnv: Registering BlockManagerMaster
[2025-03-06T15:16:10.427+0000] {spark_submit.py:641} INFO - 25/03/06 15:16:10 INFO BlockManagerMasterEndpoint: Using org.apache.spark.storage.DefaultTopologyMapper for getting topology information
[2025-03-06T15:16:10.428+0000] {spark_submit.py:641} INFO - 25/03/06 15:16:10 INFO BlockManagerMasterEndpoint: BlockManagerMasterEndpoint up
[2025-03-06T15:16:10.432+0000] {spark_submit.py:641} INFO - 25/03/06 15:16:10 INFO SparkEnv: Registering BlockManagerMasterHeartbeat
[2025-03-06T15:16:10.453+0000] {spark_submit.py:641} INFO - 25/03/06 15:16:10 INFO DiskBlockManager: Created local directory at /tmp/blockmgr-da2ca0a1-4a18-4916-a0b3-213c3db8f01d
[2025-03-06T15:16:10.469+0000] {spark_submit.py:641} INFO - 25/03/06 15:16:10 INFO MemoryStore: MemoryStore started with capacity 434.4 MiB
[2025-03-06T15:16:10.483+0000] {spark_submit.py:641} INFO - 25/03/06 15:16:10 INFO SparkEnv: Registering OutputCommitCoordinator
[2025-03-06T15:16:10.619+0000] {spark_submit.py:641} INFO - 25/03/06 15:16:10 INFO JettyUtils: Start Jetty 0.0.0.0:4040 for SparkUI
[2025-03-06T15:16:10.677+0000] {spark_submit.py:641} INFO - 25/03/06 15:16:10 WARN Utils: Service 'SparkUI' could not bind on port 4040. Attempting port 4041.
[2025-03-06T15:16:10.685+0000] {spark_submit.py:641} INFO - 25/03/06 15:16:10 INFO Utils: Successfully started service 'SparkUI' on port 4041.
[2025-03-06T15:16:10.725+0000] {spark_submit.py:641} INFO - 25/03/06 15:16:10 ERROR SparkContext: Failed to add file:///opt/bitnami/spark/jars/postgresql-42.7.5.jar to Spark environment
[2025-03-06T15:16:10.725+0000] {spark_submit.py:641} INFO - java.io.FileNotFoundException: Jar /opt/bitnami/spark/jars/postgresql-42.7.5.jar not found
[2025-03-06T15:16:10.726+0000] {spark_submit.py:641} INFO - at org.apache.spark.SparkContext.addLocalJarFile$1(SparkContext.scala:2095)
[2025-03-06T15:16:10.726+0000] {spark_submit.py:641} INFO - at org.apache.spark.SparkContext.addJar(SparkContext.scala:2151)
[2025-03-06T15:16:10.727+0000] {spark_submit.py:641} INFO - at org.apache.spark.SparkContext.$anonfun$new$15(SparkContext.scala:521)
[2025-03-06T15:16:10.728+0000] {spark_submit.py:641} INFO - at org.apache.spark.SparkContext.$anonfun$new$15$adapted(SparkContext.scala:521)
[2025-03-06T15:16:10.728+0000] {spark_submit.py:641} INFO - at scala.collection.mutable.ResizableArray.foreach(ResizableArray.scala:62)
[2025-03-06T15:16:10.729+0000] {spark_submit.py:641} INFO - at scala.collection.mutable.ResizableArray.foreach$(ResizableArray.scala:55)
[2025-03-06T15:16:10.729+0000] {spark_submit.py:641} INFO - at scala.collection.mutable.ArrayBuffer.foreach(ArrayBuffer.scala:49)
[2025-03-06T15:16:10.730+0000] {spark_submit.py:641} INFO - at org.apache.spark.SparkContext.<init>(SparkContext.scala:521)
[2025-03-06T15:16:10.730+0000] {spark_submit.py:641} INFO - at org.apache.spark.api.java.JavaSparkContext.<init>(JavaSparkContext.scala:58)
[2025-03-06T15:16:10.731+0000] {spark_submit.py:641} INFO - at java.base/jdk.internal.reflect.NativeConstructorAccessorImpl.newInstance0(Native Method)
[2025-03-06T15:16:10.731+0000] {spark_submit.py:641} INFO - at java.base/jdk.internal.reflect.NativeConstructorAccessorImpl.newInstance(NativeConstructorAccessorImpl.java:77)
[2025-03-06T15:16:10.732+0000] {spark_submit.py:641} INFO - at java.base/jdk.internal.reflect.DelegatingConstructorAccessorImpl.newInstance(DelegatingConstructorAccessorImpl.java:45)
[2025-03-06T15:16:10.732+0000] {spark_submit.py:641} INFO - at java.base/java.lang.reflect.Constructor.newInstanceWithCaller(Constructor.java:500)
[2025-03-06T15:16:10.733+0000] {spark_submit.py:641} INFO - at java.base/java.lang.reflect.Constructor.newInstance(Constructor.java:481)
[2025-03-06T15:16:10.734+0000] {spark_submit.py:641} INFO - at py4j.reflection.MethodInvoker.invoke(MethodInvoker.java:247)
[2025-03-06T15:16:10.735+0000] {spark_submit.py:641} INFO - at py4j.reflection.ReflectionEngine.invoke(ReflectionEngine.java:374)
[2025-03-06T15:16:10.736+0000] {spark_submit.py:641} INFO - at py4j.Gateway.invoke(Gateway.java:238)
[2025-03-06T15:16:10.737+0000] {spark_submit.py:641} INFO - at py4j.commands.ConstructorCommand.invokeConstructor(ConstructorCommand.java:80)
[2025-03-06T15:16:10.737+0000] {spark_submit.py:641} INFO - at py4j.commands.ConstructorCommand.execute(ConstructorCommand.java:69)
[2025-03-06T15:16:10.738+0000] {spark_submit.py:641} INFO - at py4j.ClientServerConnection.waitForCommands(ClientServerConnection.java:182)
[2025-03-06T15:16:10.739+0000] {spark_submit.py:641} INFO - at py4j.ClientServerConnection.run(ClientServerConnection.java:106)
[2025-03-06T15:16:10.740+0000] {spark_submit.py:641} INFO - at java.base/java.lang.Thread.run(Thread.java:840)
[2025-03-06T15:16:10.891+0000] {spark_submit.py:641} INFO - 25/03/06 15:16:10 INFO StandaloneAppClient$ClientEndpoint: Connecting to master spark://spark-master-1:7077...
[2025-03-06T15:16:11.959+0000] {spark_submit.py:641} INFO - 25/03/06 15:16:11 WARN StandaloneAppClient$ClientEndpoint: Failed to connect to master spark-master-1:7077
[2025-03-06T15:16:11.960+0000] {spark_submit.py:641} INFO - org.apache.spark.SparkException: Exception thrown in awaitResult:
[2025-03-06T15:16:11.961+0000] {spark_submit.py:641} INFO - at org.apache.spark.util.SparkThreadUtils$.awaitResult(SparkThreadUtils.scala:56)
[2025-03-06T15:16:11.961+0000] {spark_submit.py:641} INFO - at org.apache.spark.util.ThreadUtils$.awaitResult(ThreadUtils.scala:310)
[2025-03-06T15:16:11.962+0000] {spark_submit.py:641} INFO - at org.apache.spark.rpc.RpcTimeout.awaitResult(RpcTimeout.scala:75)
[2025-03-06T15:16:11.962+0000] {spark_submit.py:641} INFO - at org.apache.spark.rpc.RpcEnv.setupEndpointRefByURI(RpcEnv.scala:102)
[2025-03-06T15:16:11.963+0000] {spark_submit.py:641} INFO - at org.apache.spark.rpc.RpcEnv.setupEndpointRef(RpcEnv.scala:110)
[2025-03-06T15:16:11.963+0000] {spark_submit.py:641} INFO - at org.apache.spark.deploy.client.StandaloneAppClient$ClientEndpoint$$anon$1.run(StandaloneAppClient.scala:108)
[2025-03-06T15:16:11.964+0000] {spark_submit.py:641} INFO - at java.base/java.util.concurrent.Executors$RunnableAdapter.call(Executors.java:539)
[2025-03-06T15:16:11.965+0000] {spark_submit.py:641} INFO - at java.base/java.util.concurrent.FutureTask.run(FutureTask.java:264)
[2025-03-06T15:16:11.965+0000] {spark_submit.py:641} INFO - at java.base/java.util.concurrent.ThreadPoolExecutor.runWorker(ThreadPoolExecutor.java:1136)
[2025-03-06T15:16:11.966+0000] {spark_submit.py:641} INFO - at java.base/java.util.concurrent.ThreadPoolExecutor$Worker.run(ThreadPoolExecutor.java:635)
[2025-03-06T15:16:11.966+0000] {spark_submit.py:641} INFO - at java.base/java.lang.Thread.run(Thread.java:840)
[2025-03-06T15:16:11.967+0000] {spark_submit.py:641} INFO - Caused by: java.io.IOException: Failed to connect to spark-master-1/<unresolved>:7077
[2025-03-06T15:16:11.967+0000] {spark_submit.py:641} INFO - at org.apache.spark.network.client.TransportClientFactory.createClient(TransportClientFactory.java:294)
[2025-03-06T15:16:11.968+0000] {spark_submit.py:641} INFO - at org.apache.spark.network.client.TransportClientFactory.createClient(TransportClientFactory.java:214)
[2025-03-06T15:16:11.968+0000] {spark_submit.py:641} INFO - at org.apache.spark.network.client.TransportClientFactory.createClient(TransportClientFactory.java:226)
[2025-03-06T15:16:11.969+0000] {spark_submit.py:641} INFO - at org.apache.spark.rpc.netty.NettyRpcEnv.createClient(NettyRpcEnv.scala:204)
[2025-03-06T15:16:11.969+0000] {spark_submit.py:641} INFO - at org.apache.spark.rpc.netty.Outbox$$anon$1.call(Outbox.scala:202)
[2025-03-06T15:16:11.970+0000] {spark_submit.py:641} INFO - at org.apache.spark.rpc.netty.Outbox$$anon$1.call(Outbox.scala:198)
[2025-03-06T15:16:11.970+0000] {spark_submit.py:641} INFO - ... 4 more
[2025-03-06T15:16:11.971+0000] {spark_submit.py:641} INFO - Caused by: java.net.UnknownHostException: spark-master-1
[2025-03-06T15:16:11.971+0000] {spark_submit.py:641} INFO - at java.base/java.net.InetAddress$CachedAddresses.get(InetAddress.java:801)
[2025-03-06T15:16:11.972+0000] {spark_submit.py:641} INFO - at java.base/java.net.InetAddress.getAllByName0(InetAddress.java:1533)
[2025-03-06T15:16:11.972+0000] {spark_submit.py:641} INFO - at java.base/java.net.InetAddress.getAllByName(InetAddress.java:1385)
[2025-03-06T15:16:11.973+0000] {spark_submit.py:641} INFO - at java.base/java.net.InetAddress.getAllByName(InetAddress.java:1306)
[2025-03-06T15:16:11.973+0000] {spark_submit.py:641} INFO - at java.base/java.net.InetAddress.getByName(InetAddress.java:1256)
[2025-03-06T15:16:11.974+0000] {spark_submit.py:641} INFO - at io.netty.util.internal.SocketUtils$8.run(SocketUtils.java:156)
[2025-03-06T15:16:11.974+0000] {spark_submit.py:641} INFO - at io.netty.util.internal.SocketUtils$8.run(SocketUtils.java:153)
[2025-03-06T15:16:11.975+0000] {spark_submit.py:641} INFO - at java.base/java.security.AccessController.doPrivileged(AccessController.java:569)
[2025-03-06T15:16:11.975+0000] {spark_submit.py:641} INFO - at io.netty.util.internal.SocketUtils.addressByName(SocketUtils.java:153)
[2025-03-06T15:16:11.976+0000] {spark_submit.py:641} INFO - at io.netty.resolver.DefaultNameResolver.doResolve(DefaultNameResolver.java:41)
[2025-03-06T15:16:11.976+0000] {spark_submit.py:641} INFO - at io.netty.resolver.SimpleNameResolver.resolve(SimpleNameResolver.java:61)
[2025-03-06T15:16:11.976+0000] {spark_submit.py:641} INFO - at io.netty.resolver.SimpleNameResolver.resolve(SimpleNameResolver.java:53)
[2025-03-06T15:16:11.977+0000] {spark_submit.py:641} INFO - at io.netty.resolver.InetSocketAddressResolver.doResolve(InetSocketAddressResolver.java:55)
[2025-03-06T15:16:11.977+0000] {spark_submit.py:641} INFO - at io.netty.resolver.InetSocketAddressResolver.doResolve(InetSocketAddressResolver.java:31)
[2025-03-06T15:16:11.978+0000] {spark_submit.py:641} INFO - at io.netty.resolver.AbstractAddressResolver.resolve(AbstractAddressResolver.java:106)
[2025-03-06T15:16:11.978+0000] {spark_submit.py:641} INFO - at io.netty.bootstrap.Bootstrap.doResolveAndConnect0(Bootstrap.java:220)
[2025-03-06T15:16:11.979+0000] {spark_submit.py:641} INFO - at io.netty.bootstrap.Bootstrap.access$000(Bootstrap.java:46)
[2025-03-06T15:16:11.980+0000] {spark_submit.py:641} INFO - at io.netty.bootstrap.Bootstrap$1.operationComplete(Bootstrap.java:189)
[2025-03-06T15:16:11.980+0000] {spark_submit.py:641} INFO - at io.netty.bootstrap.Bootstrap$1.operationComplete(Bootstrap.java:175)
[2025-03-06T15:16:11.981+0000] {spark_submit.py:641} INFO - at io.netty.util.concurrent.DefaultPromise.notifyListener0(DefaultPromise.java:590)
[2025-03-06T15:16:11.981+0000] {spark_submit.py:641} INFO - at io.netty.util.concurrent.DefaultPromise.notifyListenersNow(DefaultPromise.java:557)
[2025-03-06T15:16:11.982+0000] {spark_submit.py:641} INFO - at io.netty.util.concurrent.DefaultPromise.notifyListeners(DefaultPromise.java:492)
[2025-03-06T15:16:11.982+0000] {spark_submit.py:641} INFO - at io.netty.util.concurrent.DefaultPromise.setValue0(DefaultPromise.java:636)
[2025-03-06T15:16:11.983+0000] {spark_submit.py:641} INFO - at io.netty.util.concurrent.DefaultPromise.setSuccess0(DefaultPromise.java:625)
[2025-03-06T15:16:11.983+0000] {spark_submit.py:641} INFO - at io.netty.util.concurrent.DefaultPromise.trySuccess(DefaultPromise.java:105)
[2025-03-06T15:16:11.983+0000] {spark_submit.py:641} INFO - at io.netty.channel.DefaultChannelPromise.trySuccess(DefaultChannelPromise.java:84)
[2025-03-06T15:16:11.984+0000] {spark_submit.py:641} INFO - at io.netty.channel.AbstractChannel$AbstractUnsafe.safeSetSuccess(AbstractChannel.java:990)
[2025-03-06T15:16:11.984+0000] {spark_submit.py:641} INFO - at io.netty.channel.AbstractChannel$AbstractUnsafe.register0(AbstractChannel.java:516)
[2025-03-06T15:16:11.985+0000] {spark_submit.py:641} INFO - at io.netty.channel.AbstractChannel$AbstractUnsafe.access$200(AbstractChannel.java:429)
[2025-03-06T15:16:11.985+0000] {spark_submit.py:641} INFO - at io.netty.channel.AbstractChannel$AbstractUnsafe$1.run(AbstractChannel.java:486)
[2025-03-06T15:16:11.985+0000] {spark_submit.py:641} INFO - at io.netty.util.concurrent.AbstractEventExecutor.runTask(AbstractEventExecutor.java:174)
[2025-03-06T15:16:11.986+0000] {spark_submit.py:641} INFO - at io.netty.util.concurrent.AbstractEventExecutor.safeExecute(AbstractEventExecutor.java:167)
[2025-03-06T15:16:11.986+0000] {spark_submit.py:641} INFO - at io.netty.util.concurrent.SingleThreadEventExecutor.runAllTasks(SingleThreadEventExecutor.java:470)
[2025-03-06T15:16:11.987+0000] {spark_submit.py:641} INFO - at io.netty.channel.nio.NioEventLoop.run(NioEventLoop.java:569)
[2025-03-06T15:16:11.987+0000] {spark_submit.py:641} INFO - at io.netty.util.concurrent.SingleThreadEventExecutor$4.run(SingleThreadEventExecutor.java:997)
[2025-03-06T15:16:11.988+0000] {spark_submit.py:641} INFO - at io.netty.util.internal.ThreadExecutorMap$2.run(ThreadExecutorMap.java:74)
[2025-03-06T15:16:11.989+0000] {spark_submit.py:641} INFO - at io.netty.util.concurrent.FastThreadLocalRunnable.run(FastThreadLocalRunnable.java:30)
[2025-03-06T15:16:11.989+0000] {spark_submit.py:641} INFO - ... 1 more
[2025-03-06T15:16:30.890+0000] {spark_submit.py:641} INFO - 25/03/06 15:16:30 INFO StandaloneAppClient$ClientEndpoint: Connecting to master spark://spark-master-1:7077...
[2025-03-06T15:16:31.919+0000] {spark_submit.py:641} INFO - 25/03/06 15:16:31 WARN StandaloneAppClient$ClientEndpoint: Failed to connect to master spark-master-1:7077
[2025-03-06T15:16:31.920+0000] {spark_submit.py:641} INFO - org.apache.spark.SparkException: Exception thrown in awaitResult:
[2025-03-06T15:16:31.921+0000] {spark_submit.py:641} INFO - at org.apache.spark.util.SparkThreadUtils$.awaitResult(SparkThreadUtils.scala:56)
[2025-03-06T15:16:31.921+0000] {spark_submit.py:641} INFO - at org.apache.spark.util.ThreadUtils$.awaitResult(ThreadUtils.scala:310)
[2025-03-06T15:16:31.922+0000] {spark_submit.py:641} INFO - at org.apache.spark.rpc.RpcTimeout.awaitResult(RpcTimeout.scala:75)
[2025-03-06T15:16:31.922+0000] {spark_submit.py:641} INFO - at org.apache.spark.rpc.RpcEnv.setupEndpointRefByURI(RpcEnv.scala:102)
[2025-03-06T15:16:31.922+0000] {spark_submit.py:641} INFO - at org.apache.spark.rpc.RpcEnv.setupEndpointRef(RpcEnv.scala:110)
[2025-03-06T15:16:31.923+0000] {spark_submit.py:641} INFO - at org.apache.spark.deploy.client.StandaloneAppClient$ClientEndpoint$$anon$1.run(StandaloneAppClient.scala:108)
[2025-03-06T15:16:31.924+0000] {spark_submit.py:641} INFO - at java.base/java.util.concurrent.Executors$RunnableAdapter.call(Executors.java:539)
[2025-03-06T15:16:31.924+0000] {spark_submit.py:641} INFO - at java.base/java.util.concurrent.FutureTask.run(FutureTask.java:264)
[2025-03-06T15:16:31.925+0000] {spark_submit.py:641} INFO - at java.base/java.util.concurrent.ThreadPoolExecutor.runWorker(ThreadPoolExecutor.java:1136)
[2025-03-06T15:16:31.925+0000] {spark_submit.py:641} INFO - at java.base/java.util.concurrent.ThreadPoolExecutor$Worker.run(ThreadPoolExecutor.java:635)
[2025-03-06T15:16:31.926+0000] {spark_submit.py:641} INFO - at java.base/java.lang.Thread.run(Thread.java:840)
[2025-03-06T15:16:31.926+0000] {spark_submit.py:641} INFO - Caused by: java.io.IOException: Failed to connect to spark-master-1/<unresolved>:7077
[2025-03-06T15:16:31.927+0000] {spark_submit.py:641} INFO - at org.apache.spark.network.client.TransportClientFactory.createClient(TransportClientFactory.java:294)
[2025-03-06T15:16:31.927+0000] {spark_submit.py:641} INFO - at org.apache.spark.network.client.TransportClientFactory.createClient(TransportClientFactory.java:214)
[2025-03-06T15:16:31.928+0000] {spark_submit.py:641} INFO - at org.apache.spark.network.client.TransportClientFactory.createClient(TransportClientFactory.java:226)
[2025-03-06T15:16:31.928+0000] {spark_submit.py:641} INFO - at org.apache.spark.rpc.netty.NettyRpcEnv.createClient(NettyRpcEnv.scala:204)
[2025-03-06T15:16:31.928+0000] {spark_submit.py:641} INFO - at org.apache.spark.rpc.netty.Outbox$$anon$1.call(Outbox.scala:202)
[2025-03-06T15:16:31.929+0000] {spark_submit.py:641} INFO - at org.apache.spark.rpc.netty.Outbox$$anon$1.call(Outbox.scala:198)
[2025-03-06T15:16:31.929+0000] {spark_submit.py:641} INFO - ... 4 more
[2025-03-06T15:16:31.930+0000] {spark_submit.py:641} INFO - Caused by: java.net.UnknownHostException: spark-master-1
[2025-03-06T15:16:31.930+0000] {spark_submit.py:641} INFO - at java.base/java.net.InetAddress$CachedAddresses.get(InetAddress.java:801)
[2025-03-06T15:16:31.931+0000] {spark_submit.py:641} INFO - at java.base/java.net.InetAddress.getAllByName0(InetAddress.java:1533)
[2025-03-06T15:16:31.931+0000] {spark_submit.py:641} INFO - at java.base/java.net.InetAddress.getAllByName(InetAddress.java:1385)
[2025-03-06T15:16:31.932+0000] {spark_submit.py:641} INFO - at java.base/java.net.InetAddress.getAllByName(InetAddress.java:1306)
[2025-03-06T15:16:31.932+0000] {spark_submit.py:641} INFO - at java.base/java.net.InetAddress.getByName(InetAddress.java:1256)
[2025-03-06T15:16:31.933+0000] {spark_submit.py:641} INFO - at io.netty.util.internal.SocketUtils$8.run(SocketUtils.java:156)
[2025-03-06T15:16:31.933+0000] {spark_submit.py:641} INFO - at io.netty.util.internal.SocketUtils$8.run(SocketUtils.java:153)
[2025-03-06T15:16:31.934+0000] {spark_submit.py:641} INFO - at java.base/java.security.AccessController.doPrivileged(AccessController.java:569)
[2025-03-06T15:16:31.934+0000] {spark_submit.py:641} INFO - at io.netty.util.internal.SocketUtils.addressByName(SocketUtils.java:153)
[2025-03-06T15:16:31.935+0000] {spark_submit.py:641} INFO - at io.netty.resolver.DefaultNameResolver.doResolve(DefaultNameResolver.java:41)
[2025-03-06T15:16:31.935+0000] {spark_submit.py:641} INFO - at io.netty.resolver.SimpleNameResolver.resolve(SimpleNameResolver.java:61)
[2025-03-06T15:16:31.936+0000] {spark_submit.py:641} INFO - at io.netty.resolver.SimpleNameResolver.resolve(SimpleNameResolver.java:53)
[2025-03-06T15:16:31.936+0000] {spark_submit.py:641} INFO - at io.netty.resolver.InetSocketAddressResolver.doResolve(InetSocketAddressResolver.java:55)
[2025-03-06T15:16:31.937+0000] {spark_submit.py:641} INFO - at io.netty.resolver.InetSocketAddressResolver.doResolve(InetSocketAddressResolver.java:31)
[2025-03-06T15:16:31.937+0000] {spark_submit.py:641} INFO - at io.netty.resolver.AbstractAddressResolver.resolve(AbstractAddressResolver.java:106)
[2025-03-06T15:16:31.937+0000] {spark_submit.py:641} INFO - at io.netty.bootstrap.Bootstrap.doResolveAndConnect0(Bootstrap.java:220)
[2025-03-06T15:16:31.938+0000] {spark_submit.py:641} INFO - at io.netty.bootstrap.Bootstrap.access$000(Bootstrap.java:46)
[2025-03-06T15:16:31.938+0000] {spark_submit.py:641} INFO - at io.netty.bootstrap.Bootstrap$1.operationComplete(Bootstrap.java:189)
[2025-03-06T15:16:31.939+0000] {spark_submit.py:641} INFO - at io.netty.bootstrap.Bootstrap$1.operationComplete(Bootstrap.java:175)
[2025-03-06T15:16:31.939+0000] {spark_submit.py:641} INFO - at io.netty.util.concurrent.DefaultPromise.notifyListener0(DefaultPromise.java:590)
[2025-03-06T15:16:31.940+0000] {spark_submit.py:641} INFO - at io.netty.util.concurrent.DefaultPromise.notifyListenersNow(DefaultPromise.java:557)
[2025-03-06T15:16:31.940+0000] {spark_submit.py:641} INFO - at io.netty.util.concurrent.DefaultPromise.notifyListeners(DefaultPromise.java:492)
[2025-03-06T15:16:31.940+0000] {spark_submit.py:641} INFO - at io.netty.util.concurrent.DefaultPromise.setValue0(DefaultPromise.java:636)
[2025-03-06T15:16:31.941+0000] {spark_submit.py:641} INFO - at io.netty.util.concurrent.DefaultPromise.setSuccess0(DefaultPromise.java:625)
[2025-03-06T15:16:31.941+0000] {spark_submit.py:641} INFO - at io.netty.util.concurrent.DefaultPromise.trySuccess(DefaultPromise.java:105)
[2025-03-06T15:16:31.942+0000] {spark_submit.py:641} INFO - at io.netty.channel.DefaultChannelPromise.trySuccess(DefaultChannelPromise.java:84)
[2025-03-06T15:16:31.942+0000] {spark_submit.py:641} INFO - at io.netty.channel.AbstractChannel$AbstractUnsafe.safeSetSuccess(AbstractChannel.java:990)
[2025-03-06T15:16:31.942+0000] {spark_submit.py:641} INFO - at io.netty.channel.AbstractChannel$AbstractUnsafe.register0(AbstractChannel.java:516)
[2025-03-06T15:16:31.943+0000] {spark_submit.py:641} INFO - at io.netty.channel.AbstractChannel$AbstractUnsafe.access$200(AbstractChannel.java:429)
[2025-03-06T15:16:31.943+0000] {spark_submit.py:641} INFO - at io.netty.channel.AbstractChannel$AbstractUnsafe$1.run(AbstractChannel.java:486)
[2025-03-06T15:16:31.944+0000] {spark_submit.py:641} INFO - at io.netty.util.concurrent.AbstractEventExecutor.runTask(AbstractEventExecutor.java:174)
[2025-03-06T15:16:31.944+0000] {spark_submit.py:641} INFO - at io.netty.util.concurrent.AbstractEventExecutor.safeExecute(AbstractEventExecutor.java:167)
[2025-03-06T15:16:31.944+0000] {spark_submit.py:641} INFO - at io.netty.util.concurrent.SingleThreadEventExecutor.runAllTasks(SingleThreadEventExecutor.java:470)
[2025-03-06T15:16:31.945+0000] {spark_submit.py:641} INFO - at io.netty.channel.nio.NioEventLoop.run(NioEventLoop.java:569)
[2025-03-06T15:16:31.946+0000] {spark_submit.py:641} INFO - at io.netty.util.concurrent.SingleThreadEventExecutor$4.run(SingleThreadEventExecutor.java:997)
[2025-03-06T15:16:31.946+0000] {spark_submit.py:641} INFO - at io.netty.util.internal.ThreadExecutorMap$2.run(ThreadExecutorMap.java:74)
[2025-03-06T15:16:31.947+0000] {spark_submit.py:641} INFO - at io.netty.util.concurrent.FastThreadLocalRunnable.run(FastThreadLocalRunnable.java:30)
[2025-03-06T15:16:31.947+0000] {spark_submit.py:641} INFO - ... 1 more
[2025-03-06T15:16:50.890+0000] {spark_submit.py:641} INFO - 25/03/06 15:16:50 INFO StandaloneAppClient$ClientEndpoint: Connecting to master spark://spark-master-1:7077...
[2025-03-06T15:16:51.919+0000] {spark_submit.py:641} INFO - 25/03/06 15:16:51 WARN StandaloneAppClient$ClientEndpoint: Failed to connect to master spark-master-1:7077
[2025-03-06T15:16:51.919+0000] {spark_submit.py:641} INFO - org.apache.spark.SparkException: Exception thrown in awaitResult:
[2025-03-06T15:16:51.920+0000] {spark_submit.py:641} INFO - at org.apache.spark.util.SparkThreadUtils$.awaitResult(SparkThreadUtils.scala:56)
[2025-03-06T15:16:51.920+0000] {spark_submit.py:641} INFO - at org.apache.spark.util.ThreadUtils$.awaitResult(ThreadUtils.scala:310)
[2025-03-06T15:16:51.921+0000] {spark_submit.py:641} INFO - at org.apache.spark.rpc.RpcTimeout.awaitResult(RpcTimeout.scala:75)
[2025-03-06T15:16:51.921+0000] {spark_submit.py:641} INFO - at org.apache.spark.rpc.RpcEnv.setupEndpointRefByURI(RpcEnv.scala:102)
[2025-03-06T15:16:51.922+0000] {spark_submit.py:641} INFO - at org.apache.spark.rpc.RpcEnv.setupEndpointRef(RpcEnv.scala:110)
[2025-03-06T15:16:51.922+0000] {spark_submit.py:641} INFO - at org.apache.spark.deploy.client.StandaloneAppClient$ClientEndpoint$$anon$1.run(StandaloneAppClient.scala:108)
[2025-03-06T15:16:51.923+0000] {spark_submit.py:641} INFO - at java.base/java.util.concurrent.Executors$RunnableAdapter.call(Executors.java:539)
[2025-03-06T15:16:51.923+0000] {spark_submit.py:641} INFO - at java.base/java.util.concurrent.FutureTask.run(FutureTask.java:264)
[2025-03-06T15:16:51.924+0000] {spark_submit.py:641} INFO - at java.base/java.util.concurrent.ThreadPoolExecutor.runWorker(ThreadPoolExecutor.java:1136)
[2025-03-06T15:16:51.924+0000] {spark_submit.py:641} INFO - at java.base/java.util.concurrent.ThreadPoolExecutor$Worker.run(ThreadPoolExecutor.java:635)
[2025-03-06T15:16:51.924+0000] {spark_submit.py:641} INFO - at java.base/java.lang.Thread.run(Thread.java:840)
[2025-03-06T15:16:51.925+0000] {spark_submit.py:641} INFO - Caused by: java.io.IOException: Failed to connect to spark-master-1/<unresolved>:7077
[2025-03-06T15:16:51.925+0000] {spark_submit.py:641} INFO - at org.apache.spark.network.client.TransportClientFactory.createClient(TransportClientFactory.java:294)
[2025-03-06T15:16:51.926+0000] {spark_submit.py:641} INFO - at org.apache.spark.network.client.TransportClientFactory.createClient(TransportClientFactory.java:214)
[2025-03-06T15:16:51.926+0000] {spark_submit.py:641} INFO - at org.apache.spark.network.client.TransportClientFactory.createClient(TransportClientFactory.java:226)
[2025-03-06T15:16:51.926+0000] {spark_submit.py:641} INFO - at org.apache.spark.rpc.netty.NettyRpcEnv.createClient(NettyRpcEnv.scala:204)
[2025-03-06T15:16:51.927+0000] {spark_submit.py:641} INFO - at org.apache.spark.rpc.netty.Outbox$$anon$1.call(Outbox.scala:202)
[2025-03-06T15:16:51.927+0000] {spark_submit.py:641} INFO - at org.apache.spark.rpc.netty.Outbox$$anon$1.call(Outbox.scala:198)
[2025-03-06T15:16:51.928+0000] {spark_submit.py:641} INFO - ... 4 more
[2025-03-06T15:16:51.928+0000] {spark_submit.py:641} INFO - Caused by: java.net.UnknownHostException: spark-master-1
[2025-03-06T15:16:51.928+0000] {spark_submit.py:641} INFO - at java.base/java.net.InetAddress$CachedAddresses.get(InetAddress.java:801)
[2025-03-06T15:16:51.929+0000] {spark_submit.py:641} INFO - at java.base/java.net.InetAddress.getAllByName0(InetAddress.java:1533)
[2025-03-06T15:16:51.929+0000] {spark_submit.py:641} INFO - at java.base/java.net.InetAddress.getAllByName(InetAddress.java:1385)
[2025-03-06T15:16:51.930+0000] {spark_submit.py:641} INFO - at java.base/java.net.InetAddress.getAllByName(InetAddress.java:1306)
[2025-03-06T15:16:51.930+0000] {spark_submit.py:641} INFO - at java.base/java.net.InetAddress.getByName(InetAddress.java:1256)
[2025-03-06T15:16:51.930+0000] {spark_submit.py:641} INFO - at io.netty.util.internal.SocketUtils$8.run(SocketUtils.java:156)
[2025-03-06T15:16:51.931+0000] {spark_submit.py:641} INFO - at io.netty.util.internal.SocketUtils$8.run(SocketUtils.java:153)
[2025-03-06T15:16:51.931+0000] {spark_submit.py:641} INFO - at java.base/java.security.AccessController.doPrivileged(AccessController.java:569)
[2025-03-06T15:16:51.932+0000] {spark_submit.py:641} INFO - at io.netty.util.internal.SocketUtils.addressByName(SocketUtils.java:153)
[2025-03-06T15:16:51.932+0000] {spark_submit.py:641} INFO - at io.netty.resolver.DefaultNameResolver.doResolve(DefaultNameResolver.java:41)
[2025-03-06T15:16:51.933+0000] {spark_submit.py:641} INFO - at io.netty.resolver.SimpleNameResolver.resolve(SimpleNameResolver.java:61)
[2025-03-06T15:16:51.933+0000] {spark_submit.py:641} INFO - at io.netty.resolver.SimpleNameResolver.resolve(SimpleNameResolver.java:53)
[2025-03-06T15:16:51.934+0000] {spark_submit.py:641} INFO - at io.netty.resolver.InetSocketAddressResolver.doResolve(InetSocketAddressResolver.java:55)
[2025-03-06T15:16:51.934+0000] {spark_submit.py:641} INFO - at io.netty.resolver.InetSocketAddressResolver.doResolve(InetSocketAddressResolver.java:31)
[2025-03-06T15:16:51.934+0000] {spark_submit.py:641} INFO - at io.netty.resolver.AbstractAddressResolver.resolve(AbstractAddressResolver.java:106)
[2025-03-06T15:16:51.935+0000] {spark_submit.py:641} INFO - at io.netty.bootstrap.Bootstrap.doResolveAndConnect0(Bootstrap.java:220)
[2025-03-06T15:16:51.935+0000] {spark_submit.py:641} INFO - at io.netty.bootstrap.Bootstrap.access$000(Bootstrap.java:46)
[2025-03-06T15:16:51.936+0000] {spark_submit.py:641} INFO - at io.netty.bootstrap.Bootstrap$1.operationComplete(Bootstrap.java:189)
[2025-03-06T15:16:51.936+0000] {spark_submit.py:641} INFO - at io.netty.bootstrap.Bootstrap$1.operationComplete(Bootstrap.java:175)
[2025-03-06T15:16:51.937+0000] {spark_submit.py:641} INFO - at io.netty.util.concurrent.DefaultPromise.notifyListener0(DefaultPromise.java:590)
[2025-03-06T15:16:51.937+0000] {spark_submit.py:641} INFO - at io.netty.util.concurrent.DefaultPromise.notifyListenersNow(DefaultPromise.java:557)
[2025-03-06T15:16:51.938+0000] {spark_submit.py:641} INFO - at io.netty.util.concurrent.DefaultPromise.notifyListeners(DefaultPromise.java:492)
[2025-03-06T15:16:51.938+0000] {spark_submit.py:641} INFO - at io.netty.util.concurrent.DefaultPromise.setValue0(DefaultPromise.java:636)
[2025-03-06T15:16:51.938+0000] {spark_submit.py:641} INFO - at io.netty.util.concurrent.DefaultPromise.setSuccess0(DefaultPromise.java:625)
[2025-03-06T15:16:51.939+0000] {spark_submit.py:641} INFO - at io.netty.util.concurrent.DefaultPromise.trySuccess(DefaultPromise.java:105)
[2025-03-06T15:16:51.939+0000] {spark_submit.py:641} INFO - at io.netty.channel.DefaultChannelPromise.trySuccess(DefaultChannelPromise.java:84)
[2025-03-06T15:16:51.940+0000] {spark_submit.py:641} INFO - at io.netty.channel.AbstractChannel$AbstractUnsafe.safeSetSuccess(AbstractChannel.java:990)
[2025-03-06T15:16:51.940+0000] {spark_submit.py:641} INFO - at io.netty.channel.AbstractChannel$AbstractUnsafe.register0(AbstractChannel.java:516)
[2025-03-06T15:16:51.941+0000] {spark_submit.py:641} INFO - at io.netty.channel.AbstractChannel$AbstractUnsafe.access$200(AbstractChannel.java:429)
[2025-03-06T15:16:51.941+0000] {spark_submit.py:641} INFO - at io.netty.channel.AbstractChannel$AbstractUnsafe$1.run(AbstractChannel.java:486)
[2025-03-06T15:16:51.941+0000] {spark_submit.py:641} INFO - at io.netty.util.concurrent.AbstractEventExecutor.runTask(AbstractEventExecutor.java:174)
[2025-03-06T15:16:51.942+0000] {spark_submit.py:641} INFO - at io.netty.util.concurrent.AbstractEventExecutor.safeExecute(AbstractEventExecutor.java:167)
[2025-03-06T15:16:51.942+0000] {spark_submit.py:641} INFO - at io.netty.util.concurrent.SingleThreadEventExecutor.runAllTasks(SingleThreadEventExecutor.java:470)
[2025-03-06T15:16:51.943+0000] {spark_submit.py:641} INFO - at io.netty.channel.nio.NioEventLoop.run(NioEventLoop.java:569)
[2025-03-06T15:16:51.943+0000] {spark_submit.py:641} INFO - at io.netty.util.concurrent.SingleThreadEventExecutor$4.run(SingleThreadEventExecutor.java:997)
[2025-03-06T15:16:51.943+0000] {spark_submit.py:641} INFO - at io.netty.util.internal.ThreadExecutorMap$2.run(ThreadExecutorMap.java:74)
[2025-03-06T15:16:51.944+0000] {spark_submit.py:641} INFO - at io.netty.util.concurrent.FastThreadLocalRunnable.run(FastThreadLocalRunnable.java:30)
[2025-03-06T15:16:51.944+0000] {spark_submit.py:641} INFO - ... 1 more
[2025-03-06T15:17:10.891+0000] {spark_submit.py:641} INFO - 25/03/06 15:17:10 WARN StandaloneSchedulerBackend: Application ID is not initialized yet.
[2025-03-06T15:17:10.892+0000] {spark_submit.py:641} INFO - 25/03/06 15:17:10 ERROR StandaloneSchedulerBackend: Application has been killed. Reason: All masters are unresponsive! Giving up.
[2025-03-06T15:17:10.908+0000] {spark_submit.py:641} INFO - 25/03/06 15:17:10 INFO Utils: Successfully started service 'org.apache.spark.network.netty.NettyBlockTransferService' on port 38101.
[2025-03-06T15:17:10.909+0000] {spark_submit.py:641} INFO - 25/03/06 15:17:10 INFO NettyBlockTransferService: Server created on e9dfa152b6ab:38101
[2025-03-06T15:17:10.912+0000] {spark_submit.py:641} INFO - 25/03/06 15:17:10 INFO BlockManager: Using org.apache.spark.storage.RandomBlockReplicationPolicy for block replication policy
[2025-03-06T15:17:10.921+0000] {spark_submit.py:641} INFO - 25/03/06 15:17:10 INFO BlockManagerMaster: Registering BlockManager BlockManagerId(driver, e9dfa152b6ab, 38101, None)
[2025-03-06T15:17:10.927+0000] {spark_submit.py:641} INFO - 25/03/06 15:17:10 INFO BlockManagerMasterEndpoint: Registering block manager e9dfa152b6ab:38101 with 434.4 MiB RAM, BlockManagerId(driver, e9dfa152b6ab, 38101, None)
[2025-03-06T15:17:10.930+0000] {spark_submit.py:641} INFO - 25/03/06 15:17:10 INFO BlockManagerMaster: Registered BlockManager BlockManagerId(driver, e9dfa152b6ab, 38101, None)
[2025-03-06T15:17:10.933+0000] {spark_submit.py:641} INFO - 25/03/06 15:17:10 INFO BlockManager: Initialized BlockManager: BlockManagerId(driver, e9dfa152b6ab, 38101, None)
[2025-03-06T15:17:11.274+0000] {spark_submit.py:641} INFO - 25/03/06 15:17:11 INFO StandaloneSchedulerBackend: SchedulerBackend is ready for scheduling beginning after reached minRegisteredResourcesRatio: 0.0
[2025-03-06T15:17:11.575+0000] {spark_submit.py:641} INFO - 25/03/06 15:17:11 INFO SparkContext: SparkContext is stopping with exitCode 0.
[2025-03-06T15:17:11.587+0000] {spark_submit.py:641} INFO - 25/03/06 15:17:11 INFO SparkUI: Stopped Spark web UI at http://e9dfa152b6ab:4041
[2025-03-06T15:17:11.592+0000] {spark_submit.py:641} INFO - 25/03/06 15:17:11 INFO StandaloneSchedulerBackend: Shutting down all executors
[2025-03-06T15:17:11.593+0000] {spark_submit.py:641} INFO - 25/03/06 15:17:11 INFO SharedState: Setting hive.metastore.warehouse.dir ('null') to the value of spark.sql.warehouse.dir.
[2025-03-06T15:17:11.596+0000] {spark_submit.py:641} INFO - 25/03/06 15:17:11 INFO StandaloneSchedulerBackend$StandaloneDriverEndpoint: Asking each executor to shut down
[2025-03-06T15:17:11.601+0000] {spark_submit.py:641} INFO - 25/03/06 15:17:11 WARN StandaloneAppClient$ClientEndpoint: Drop UnregisterApplication(null) because has not yet connected to master
[2025-03-06T15:17:11.602+0000] {spark_submit.py:641} INFO - 25/03/06 15:17:11 INFO SharedState: Warehouse path is 'file:/opt/***/spark-warehouse'.
[2025-03-06T15:17:11.610+0000] {spark_submit.py:641} INFO - 25/03/06 15:17:11 INFO MapOutputTrackerMasterEndpoint: MapOutputTrackerMasterEndpoint stopped!
[2025-03-06T15:17:11.626+0000] {spark_submit.py:641} INFO - 25/03/06 15:17:11 INFO MemoryStore: MemoryStore cleared
[2025-03-06T15:17:11.627+0000] {spark_submit.py:641} INFO - 25/03/06 15:17:11 INFO BlockManager: BlockManager stopped
[2025-03-06T15:17:11.634+0000] {spark_submit.py:641} INFO - 25/03/06 15:17:11 INFO BlockManagerMaster: BlockManagerMaster stopped
[2025-03-06T15:17:11.636+0000] {spark_submit.py:641} INFO - 25/03/06 15:17:11 INFO OutputCommitCoordinator$OutputCommitCoordinatorEndpoint: OutputCommitCoordinator stopped!
[2025-03-06T15:17:11.653+0000] {spark_submit.py:641} INFO - 25/03/06 15:17:11 INFO SparkContext: Successfully stopped SparkContext
[2025-03-06T15:17:11.657+0000] {spark_submit.py:641} INFO - Traceback (most recent call last):
[2025-03-06T15:17:11.657+0000] {spark_submit.py:641} INFO - File "/opt/***/jobs/python/load_exchangeRateToDW.py", line 60, in <module>
[2025-03-06T15:17:11.659+0000] {spark_submit.py:641} INFO - df = spark.readStream \
[2025-03-06T15:17:11.660+0000] {spark_submit.py:641} INFO - ^^^^^^^^^^^^^^^^
[2025-03-06T15:17:11.661+0000] {spark_submit.py:641} INFO - File "/home/***/.local/lib/python3.12/site-packages/pyspark/python/lib/pyspark.zip/pyspark/sql/session.py", line 1743, in readStream
[2025-03-06T15:17:11.661+0000] {spark_submit.py:641} INFO - File "/home/***/.local/lib/python3.12/site-packages/pyspark/python/lib/pyspark.zip/pyspark/sql/streaming/readwriter.py", line 77, in __init__
[2025-03-06T15:17:11.662+0000] {spark_submit.py:641} INFO - File "/home/***/.local/lib/python3.12/site-packages/pyspark/python/lib/py4j-0.10.9.7-src.zip/py4j/java_gateway.py", line 1322, in __call__
[2025-03-06T15:17:11.662+0000] {spark_submit.py:641} INFO - File "/home/***/.local/lib/python3.12/site-packages/pyspark/python/lib/pyspark.zip/pyspark/errors/exceptions/captured.py", line 179, in deco
[2025-03-06T15:17:11.662+0000] {spark_submit.py:641} INFO - File "/home/***/.local/lib/python3.12/site-packages/pyspark/python/lib/py4j-0.10.9.7-src.zip/py4j/protocol.py", line 326, in get_return_value
[2025-03-06T15:17:11.664+0000] {spark_submit.py:641} INFO - py4j.protocol.Py4JJavaError: An error occurred while calling o25.readStream.
[2025-03-06T15:17:11.664+0000] {spark_submit.py:641} INFO - : java.lang.IllegalStateException: LiveListenerBus is stopped.
[2025-03-06T15:17:11.665+0000] {spark_submit.py:641} INFO - at org.apache.spark.scheduler.LiveListenerBus.addToQueue(LiveListenerBus.scala:92)
[2025-03-06T15:17:11.666+0000] {spark_submit.py:641} INFO - at org.apache.spark.scheduler.LiveListenerBus.addToStatusQueue(LiveListenerBus.scala:75)
[2025-03-06T15:17:11.666+0000] {spark_submit.py:641} INFO - at org.apache.spark.sql.internal.SharedState.<init>(SharedState.scala:115)
[2025-03-06T15:17:11.666+0000] {spark_submit.py:641} INFO - at org.apache.spark.sql.SparkSession.$anonfun$sharedState$1(SparkSession.scala:143)
[2025-03-06T15:17:11.667+0000] {spark_submit.py:641} INFO - at scala.Option.getOrElse(Option.scala:189)
[2025-03-06T15:17:11.667+0000] {spark_submit.py:641} INFO - at org.apache.spark.sql.SparkSession.sharedState$lzycompute(SparkSession.scala:143)
[2025-03-06T15:17:11.668+0000] {spark_submit.py:641} INFO - at org.apache.spark.sql.SparkSession.sharedState(SparkSession.scala:142)
[2025-03-06T15:17:11.669+0000] {spark_submit.py:641} INFO - at org.apache.spark.sql.SparkSession.$anonfun$sessionState$2(SparkSession.scala:162)
[2025-03-06T15:17:11.669+0000] {spark_submit.py:641} INFO - at scala.Option.getOrElse(Option.scala:189)
[2025-03-06T15:17:11.670+0000] {spark_submit.py:641} INFO - at org.apache.spark.sql.SparkSession.sessionState$lzycompute(SparkSession.scala:160)
[2025-03-06T15:17:11.670+0000] {spark_submit.py:641} INFO - at org.apache.spark.sql.SparkSession.sessionState(SparkSession.scala:157)
[2025-03-06T15:17:11.671+0000] {spark_submit.py:641} INFO - at org.apache.spark.sql.streaming.DataStreamReader.<init>(DataStreamReader.scala:380)
[2025-03-06T15:17:11.671+0000] {spark_submit.py:641} INFO - at org.apache.spark.sql.SparkSession.readStream(SparkSession.scala:794)
[2025-03-06T15:17:11.672+0000] {spark_submit.py:641} INFO - at java.base/jdk.internal.reflect.NativeMethodAccessorImpl.invoke0(Native Method)
[2025-03-06T15:17:11.672+0000] {spark_submit.py:641} INFO - at java.base/jdk.internal.reflect.NativeMethodAccessorImpl.invoke(NativeMethodAccessorImpl.java:77)
[2025-03-06T15:17:11.673+0000] {spark_submit.py:641} INFO - at java.base/jdk.internal.reflect.DelegatingMethodAccessorImpl.invoke(DelegatingMethodAccessorImpl.java:43)
[2025-03-06T15:17:11.674+0000] {spark_submit.py:641} INFO - at java.base/java.lang.reflect.Method.invoke(Method.java:569)
[2025-03-06T15:17:11.675+0000] {spark_submit.py:641} INFO - at py4j.reflection.MethodInvoker.invoke(MethodInvoker.java:244)
[2025-03-06T15:17:11.675+0000] {spark_submit.py:641} INFO - at py4j.reflection.ReflectionEngine.invoke(ReflectionEngine.java:374)
[2025-03-06T15:17:11.676+0000] {spark_submit.py:641} INFO - at py4j.Gateway.invoke(Gateway.java:282)
[2025-03-06T15:17:11.677+0000] {spark_submit.py:641} INFO - at py4j.commands.AbstractCommand.invokeMethod(AbstractCommand.java:132)
[2025-03-06T15:17:11.678+0000] {spark_submit.py:641} INFO - at py4j.commands.CallCommand.execute(CallCommand.java:79)
[2025-03-06T15:17:11.678+0000] {spark_submit.py:641} INFO - at py4j.ClientServerConnection.waitForCommands(ClientServerConnection.java:182)
[2025-03-06T15:17:11.679+0000] {spark_submit.py:641} INFO - at py4j.ClientServerConnection.run(ClientServerConnection.java:106)
[2025-03-06T15:17:11.680+0000] {spark_submit.py:641} INFO - at java.base/java.lang.Thread.run(Thread.java:840)
[2025-03-06T15:17:11.681+0000] {spark_submit.py:641} INFO - 
[2025-03-06T15:17:11.733+0000] {spark_submit.py:641} INFO - 25/03/06 15:17:11 INFO ShutdownHookManager: Shutdown hook called
[2025-03-06T15:17:11.734+0000] {spark_submit.py:641} INFO - 25/03/06 15:17:11 INFO ShutdownHookManager: Deleting directory /tmp/spark-b9f7234e-d071-469a-afb0-b70880086773/pyspark-0416e8ca-7047-459c-82c5-a70b85b2bd5f
[2025-03-06T15:17:11.738+0000] {spark_submit.py:641} INFO - 25/03/06 15:17:11 INFO ShutdownHookManager: Deleting directory /tmp/spark-b9f7234e-d071-469a-afb0-b70880086773
[2025-03-06T15:17:11.742+0000] {spark_submit.py:641} INFO - 25/03/06 15:17:11 INFO ShutdownHookManager: Deleting directory /tmp/spark-a85ff71d-fec5-4b60-bedc-122466b00826
[2025-03-06T15:17:11.794+0000] {taskinstance.py:3313} ERROR - Task failed with exception
Traceback (most recent call last):
  File "/home/airflow/.local/lib/python3.12/site-packages/airflow/models/taskinstance.py", line 768, in _execute_task
    result = _execute_callable(context=context, **execute_callable_kwargs)
             ^^^^^^^^^^^^^^^^^^^^^^^^^^^^^^^^^^^^^^^^^^^^^^^^^^^^^^^^^^^^^
  File "/home/airflow/.local/lib/python3.12/site-packages/airflow/models/taskinstance.py", line 734, in _execute_callable
    return ExecutionCallableRunner(
           ^^^^^^^^^^^^^^^^^^^^^^^^
  File "/home/airflow/.local/lib/python3.12/site-packages/airflow/utils/operator_helpers.py", line 252, in run
    return self.func(*args, **kwargs)
           ^^^^^^^^^^^^^^^^^^^^^^^^^^
  File "/home/airflow/.local/lib/python3.12/site-packages/airflow/models/baseoperator.py", line 424, in wrapper
    return func(self, *args, **kwargs)
           ^^^^^^^^^^^^^^^^^^^^^^^^^^^
  File "/home/airflow/.local/lib/python3.12/site-packages/airflow/providers/apache/spark/operators/spark_submit.py", line 177, in execute
    self._hook.submit(self.application)
  File "/home/airflow/.local/lib/python3.12/site-packages/airflow/providers/apache/spark/hooks/spark_submit.py", line 567, in submit
    raise AirflowException(
airflow.exceptions.AirflowException: Cannot execute: spark-submit --master spark://spark-master-1:7077 --name arrow-spark --deploy-mode client jobs/python/load_exchangeRateToDW.py. Error code is: 1.
[2025-03-06T15:17:11.798+0000] {taskinstance.py:1226} INFO - Marking task as FAILED. dag_id=spark_flow, task_id=load_exchangeRate_python_job, run_id=manual__2025-03-06T15:16:01.186434+00:00, execution_date=20250306T151601, start_date=20250306T151606, end_date=20250306T151711
[2025-03-06T15:17:11.835+0000] {taskinstance.py:341} INFO - ::group::Post task execution logs
[2025-03-06T15:17:11.836+0000] {standard_task_runner.py:124} ERROR - Failed to execute job 7 for task load_exchangeRate_python_job (Cannot execute: spark-submit --master spark://spark-master-1:7077 --name arrow-spark --deploy-mode client jobs/python/load_exchangeRateToDW.py. Error code is: 1.; 334)
Traceback (most recent call last):
  File "/home/airflow/.local/lib/python3.12/site-packages/airflow/task/task_runner/standard_task_runner.py", line 117, in _start_by_fork
    ret = args.func(args, dag=self.dag)
          ^^^^^^^^^^^^^^^^^^^^^^^^^^^^^
  File "/home/airflow/.local/lib/python3.12/site-packages/airflow/cli/cli_config.py", line 49, in command
    return func(*args, **kwargs)
           ^^^^^^^^^^^^^^^^^^^^^
  File "/home/airflow/.local/lib/python3.12/site-packages/airflow/utils/cli.py", line 116, in wrapper
    return f(*args, **kwargs)
           ^^^^^^^^^^^^^^^^^^
  File "/home/airflow/.local/lib/python3.12/site-packages/airflow/cli/commands/task_command.py", line 483, in task_run
    task_return_code = _run_task_by_selected_method(args, _dag, ti)
                       ^^^^^^^^^^^^^^^^^^^^^^^^^^^^^^^^^^^^^^^^^^^^
  File "/home/airflow/.local/lib/python3.12/site-packages/airflow/cli/commands/task_command.py", line 256, in _run_task_by_selected_method
    return _run_raw_task(args, ti)
           ^^^^^^^^^^^^^^^^^^^^^^^
  File "/home/airflow/.local/lib/python3.12/site-packages/airflow/cli/commands/task_command.py", line 341, in _run_raw_task
    return ti._run_raw_task(
           ^^^^^^^^^^^^^^^^^
  File "/home/airflow/.local/lib/python3.12/site-packages/airflow/utils/session.py", line 97, in wrapper
    return func(*args, session=session, **kwargs)
           ^^^^^^^^^^^^^^^^^^^^^^^^^^^^^^^^^^^^^^
  File "/home/airflow/.local/lib/python3.12/site-packages/airflow/models/taskinstance.py", line 3006, in _run_raw_task
    return _run_raw_task(
           ^^^^^^^^^^^^^^
  File "/home/airflow/.local/lib/python3.12/site-packages/airflow/models/taskinstance.py", line 274, in _run_raw_task
    TaskInstance._execute_task_with_callbacks(
  File "/home/airflow/.local/lib/python3.12/site-packages/airflow/models/taskinstance.py", line 3161, in _execute_task_with_callbacks
    result = self._execute_task(context, task_orig)
             ^^^^^^^^^^^^^^^^^^^^^^^^^^^^^^^^^^^^^^
  File "/home/airflow/.local/lib/python3.12/site-packages/airflow/models/taskinstance.py", line 3185, in _execute_task
    return _execute_task(self, context, task_orig)
           ^^^^^^^^^^^^^^^^^^^^^^^^^^^^^^^^^^^^^^^
  File "/home/airflow/.local/lib/python3.12/site-packages/airflow/models/taskinstance.py", line 768, in _execute_task
    result = _execute_callable(context=context, **execute_callable_kwargs)
             ^^^^^^^^^^^^^^^^^^^^^^^^^^^^^^^^^^^^^^^^^^^^^^^^^^^^^^^^^^^^^
  File "/home/airflow/.local/lib/python3.12/site-packages/airflow/models/taskinstance.py", line 734, in _execute_callable
    return ExecutionCallableRunner(
           ^^^^^^^^^^^^^^^^^^^^^^^^
  File "/home/airflow/.local/lib/python3.12/site-packages/airflow/utils/operator_helpers.py", line 252, in run
    return self.func(*args, **kwargs)
           ^^^^^^^^^^^^^^^^^^^^^^^^^^
  File "/home/airflow/.local/lib/python3.12/site-packages/airflow/models/baseoperator.py", line 424, in wrapper
    return func(self, *args, **kwargs)
           ^^^^^^^^^^^^^^^^^^^^^^^^^^^
  File "/home/airflow/.local/lib/python3.12/site-packages/airflow/providers/apache/spark/operators/spark_submit.py", line 177, in execute
    self._hook.submit(self.application)
  File "/home/airflow/.local/lib/python3.12/site-packages/airflow/providers/apache/spark/hooks/spark_submit.py", line 567, in submit
    raise AirflowException(
airflow.exceptions.AirflowException: Cannot execute: spark-submit --master spark://spark-master-1:7077 --name arrow-spark --deploy-mode client jobs/python/load_exchangeRateToDW.py. Error code is: 1.
[2025-03-06T15:17:11.846+0000] {local_task_job_runner.py:266} INFO - Task exited with return code 1
[2025-03-06T15:17:11.873+0000] {taskinstance.py:3901} INFO - 0 downstream tasks scheduled from follow-on schedule check
[2025-03-06T15:17:11.877+0000] {local_task_job_runner.py:245} INFO - ::endgroup::
