[2025-03-06T16:29:37.779+0000] {local_task_job_runner.py:123} INFO - ::group::Pre task execution logs
[2025-03-06T16:29:37.809+0000] {taskinstance.py:2614} INFO - Dependencies all met for dep_context=non-requeueable deps ti=<TaskInstance: spark_flow.load_exchangeRate_python_job manual__2025-03-06T16:29:34.023522+00:00 [queued]>
[2025-03-06T16:29:37.824+0000] {taskinstance.py:2614} INFO - Dependencies all met for dep_context=requeueable deps ti=<TaskInstance: spark_flow.load_exchangeRate_python_job manual__2025-03-06T16:29:34.023522+00:00 [queued]>
[2025-03-06T16:29:37.825+0000] {taskinstance.py:2867} INFO - Starting attempt 1 of 1
[2025-03-06T16:29:37.838+0000] {taskinstance.py:2890} INFO - Executing <Task(SparkSubmitOperator): load_exchangeRate_python_job> on 2025-03-06 16:29:34.023522+00:00
[2025-03-06T16:29:37.846+0000] {standard_task_runner.py:104} INFO - Running: ['***', 'tasks', 'run', 'spark_flow', 'load_exchangeRate_python_job', 'manual__2025-03-06T16:29:34.023522+00:00', '--job-id', '19', '--raw', '--subdir', 'DAGS_FOLDER/dag_***_spark.py', '--cfg-path', '/tmp/tmp0uwkqz48']
[2025-03-06T16:29:37.849+0000] {standard_task_runner.py:105} INFO - Job 19: Subtask load_exchangeRate_python_job
[2025-03-06T16:29:37.851+0000] {logging_mixin.py:190} WARNING - /home/***/.local/lib/python3.12/site-packages/***/task/task_runner/standard_task_runner.py:70 DeprecationWarning: This process (pid=1178) is multi-threaded, use of fork() may lead to deadlocks in the child.
[2025-03-06T16:29:37.852+0000] {standard_task_runner.py:72} INFO - Started process 1179 to run task
[2025-03-06T16:29:37.907+0000] {task_command.py:467} INFO - Running <TaskInstance: spark_flow.load_exchangeRate_python_job manual__2025-03-06T16:29:34.023522+00:00 [running]> on host bfcfbd2155da
[2025-03-06T16:29:38.002+0000] {taskinstance.py:3134} INFO - Exporting env vars: AIRFLOW_CTX_DAG_OWNER='haonv' AIRFLOW_CTX_DAG_ID='spark_flow' AIRFLOW_CTX_TASK_ID='load_exchangeRate_python_job' AIRFLOW_CTX_EXECUTION_DATE='2025-03-06T16:29:34.023522+00:00' AIRFLOW_CTX_TRY_NUMBER='1' AIRFLOW_CTX_DAG_RUN_ID='manual__2025-03-06T16:29:34.023522+00:00'
[2025-03-06T16:29:38.003+0000] {taskinstance.py:732} INFO - ::endgroup::
[2025-03-06T16:29:38.030+0000] {base.py:84} INFO - Retrieving connection 'spark-conn'
[2025-03-06T16:29:38.031+0000] {spark_submit.py:474} INFO - Spark-Submit cmd: spark-submit --master spark://172.18.0.3:7077 --name arrow-spark --deploy-mode client jobs/python/load_exchangeRateToDW.py
[2025-03-06T16:29:41.437+0000] {spark_submit.py:641} INFO - 25/03/06 16:29:41 INFO SparkContext: Running Spark version 3.5.5
[2025-03-06T16:29:41.439+0000] {spark_submit.py:641} INFO - 25/03/06 16:29:41 INFO SparkContext: OS info Linux, 5.15.167.4-microsoft-standard-WSL2, amd64
[2025-03-06T16:29:41.440+0000] {spark_submit.py:641} INFO - 25/03/06 16:29:41 INFO SparkContext: Java version 17.0.14
[2025-03-06T16:29:41.501+0000] {spark_submit.py:641} INFO - 25/03/06 16:29:41 WARN NativeCodeLoader: Unable to load native-hadoop library for your platform... using builtin-java classes where applicable
[2025-03-06T16:29:41.635+0000] {spark_submit.py:641} INFO - 25/03/06 16:29:41 INFO ResourceUtils: ==============================================================
[2025-03-06T16:29:41.636+0000] {spark_submit.py:641} INFO - 25/03/06 16:29:41 INFO ResourceUtils: No custom resources configured for spark.driver.
[2025-03-06T16:29:41.638+0000] {spark_submit.py:641} INFO - 25/03/06 16:29:41 INFO ResourceUtils: ==============================================================
[2025-03-06T16:29:41.638+0000] {spark_submit.py:641} INFO - 25/03/06 16:29:41 INFO SparkContext: Submitted application: ExchangeRateToDW
[2025-03-06T16:29:41.660+0000] {spark_submit.py:641} INFO - 25/03/06 16:29:41 INFO ResourceProfile: Default ResourceProfile created, executor resources: Map(memory -> name: memory, amount: 1024, script: , vendor: , offHeap -> name: offHeap, amount: 0, script: , vendor: ), task resources: Map(cpus -> name: cpus, amount: 1.0)
[2025-03-06T16:29:41.668+0000] {spark_submit.py:641} INFO - 25/03/06 16:29:41 INFO ResourceProfile: Limiting resource is cpu
[2025-03-06T16:29:41.669+0000] {spark_submit.py:641} INFO - 25/03/06 16:29:41 INFO ResourceProfileManager: Added ResourceProfile id: 0
[2025-03-06T16:29:41.718+0000] {spark_submit.py:641} INFO - 25/03/06 16:29:41 INFO SecurityManager: Changing view acls to: ***
[2025-03-06T16:29:41.719+0000] {spark_submit.py:641} INFO - 25/03/06 16:29:41 INFO SecurityManager: Changing modify acls to: ***
[2025-03-06T16:29:41.720+0000] {spark_submit.py:641} INFO - 25/03/06 16:29:41 INFO SecurityManager: Changing view acls groups to:
[2025-03-06T16:29:41.721+0000] {spark_submit.py:641} INFO - 25/03/06 16:29:41 INFO SecurityManager: Changing modify acls groups to:
[2025-03-06T16:29:41.721+0000] {spark_submit.py:641} INFO - 25/03/06 16:29:41 INFO SecurityManager: SecurityManager: authentication disabled; ui acls disabled; users with view permissions: ***; groups with view permissions: EMPTY; users with modify permissions: ***; groups with modify permissions: EMPTY
[2025-03-06T16:29:41.955+0000] {spark_submit.py:641} INFO - 25/03/06 16:29:41 INFO Utils: Successfully started service 'sparkDriver' on port 33625.
[2025-03-06T16:29:41.987+0000] {spark_submit.py:641} INFO - 25/03/06 16:29:41 INFO SparkEnv: Registering MapOutputTracker
[2025-03-06T16:29:42.024+0000] {spark_submit.py:641} INFO - 25/03/06 16:29:42 INFO SparkEnv: Registering BlockManagerMaster
[2025-03-06T16:29:42.037+0000] {spark_submit.py:641} INFO - 25/03/06 16:29:42 INFO BlockManagerMasterEndpoint: Using org.apache.spark.storage.DefaultTopologyMapper for getting topology information
[2025-03-06T16:29:42.038+0000] {spark_submit.py:641} INFO - 25/03/06 16:29:42 INFO BlockManagerMasterEndpoint: BlockManagerMasterEndpoint up
[2025-03-06T16:29:42.042+0000] {spark_submit.py:641} INFO - 25/03/06 16:29:42 INFO SparkEnv: Registering BlockManagerMasterHeartbeat
[2025-03-06T16:29:42.062+0000] {spark_submit.py:641} INFO - 25/03/06 16:29:42 INFO DiskBlockManager: Created local directory at /tmp/blockmgr-7d9f3948-894b-43c5-a316-9c4eaac8ee57
[2025-03-06T16:29:42.076+0000] {spark_submit.py:641} INFO - 25/03/06 16:29:42 INFO MemoryStore: MemoryStore started with capacity 434.4 MiB
[2025-03-06T16:29:42.093+0000] {spark_submit.py:641} INFO - 25/03/06 16:29:42 INFO SparkEnv: Registering OutputCommitCoordinator
[2025-03-06T16:29:42.263+0000] {spark_submit.py:641} INFO - 25/03/06 16:29:42 INFO JettyUtils: Start Jetty 0.0.0.0:4040 for SparkUI
[2025-03-06T16:29:42.336+0000] {spark_submit.py:641} INFO - 25/03/06 16:29:42 INFO Utils: Successfully started service 'SparkUI' on port 4040.
[2025-03-06T16:29:42.452+0000] {spark_submit.py:641} INFO - 25/03/06 16:29:42 INFO StandaloneAppClient$ClientEndpoint: Connecting to master spark://172.18.0.3:7077...
[2025-03-06T16:29:42.494+0000] {spark_submit.py:641} INFO - 25/03/06 16:29:42 INFO TransportClientFactory: Successfully created connection to /172.18.0.3:7077 after 23 ms (0 ms spent in bootstraps)
[2025-03-06T16:29:42.577+0000] {spark_submit.py:641} INFO - 25/03/06 16:29:42 INFO StandaloneSchedulerBackend: Connected to Spark cluster with app ID app-20250306162942-0005
[2025-03-06T16:29:42.581+0000] {spark_submit.py:641} INFO - 25/03/06 16:29:42 INFO StandaloneAppClient$ClientEndpoint: Executor added: app-20250306162942-0005/0 on worker-20250306162317-172.18.0.10-36791 (172.18.0.10:36791) with 2 core(s)
[2025-03-06T16:29:42.584+0000] {spark_submit.py:641} INFO - 25/03/06 16:29:42 INFO StandaloneSchedulerBackend: Granted executor ID app-20250306162942-0005/0 on hostPort 172.18.0.10:36791 with 2 core(s), 1024.0 MiB RAM
[2025-03-06T16:29:42.585+0000] {spark_submit.py:641} INFO - 25/03/06 16:29:42 INFO StandaloneAppClient$ClientEndpoint: Executor added: app-20250306162942-0005/1 on worker-20250306162317-172.18.0.8-46753 (172.18.0.8:46753) with 2 core(s)
[2025-03-06T16:29:42.586+0000] {spark_submit.py:641} INFO - 25/03/06 16:29:42 INFO StandaloneSchedulerBackend: Granted executor ID app-20250306162942-0005/1 on hostPort 172.18.0.8:46753 with 2 core(s), 1024.0 MiB RAM
[2025-03-06T16:29:42.589+0000] {spark_submit.py:641} INFO - 25/03/06 16:29:42 INFO Utils: Successfully started service 'org.apache.spark.network.netty.NettyBlockTransferService' on port 34091.
[2025-03-06T16:29:42.590+0000] {spark_submit.py:641} INFO - 25/03/06 16:29:42 INFO NettyBlockTransferService: Server created on bfcfbd2155da:34091
[2025-03-06T16:29:42.592+0000] {spark_submit.py:641} INFO - 25/03/06 16:29:42 INFO BlockManager: Using org.apache.spark.storage.RandomBlockReplicationPolicy for block replication policy
[2025-03-06T16:29:42.602+0000] {spark_submit.py:641} INFO - 25/03/06 16:29:42 INFO BlockManagerMaster: Registering BlockManager BlockManagerId(driver, bfcfbd2155da, 34091, None)
[2025-03-06T16:29:42.606+0000] {spark_submit.py:641} INFO - 25/03/06 16:29:42 INFO BlockManagerMasterEndpoint: Registering block manager bfcfbd2155da:34091 with 434.4 MiB RAM, BlockManagerId(driver, bfcfbd2155da, 34091, None)
[2025-03-06T16:29:42.609+0000] {spark_submit.py:641} INFO - 25/03/06 16:29:42 INFO BlockManagerMaster: Registered BlockManager BlockManagerId(driver, bfcfbd2155da, 34091, None)
[2025-03-06T16:29:42.611+0000] {spark_submit.py:641} INFO - 25/03/06 16:29:42 INFO BlockManager: Initialized BlockManager: BlockManagerId(driver, bfcfbd2155da, 34091, None)
[2025-03-06T16:29:42.621+0000] {spark_submit.py:641} INFO - 25/03/06 16:29:42 INFO StandaloneAppClient$ClientEndpoint: Executor updated: app-20250306162942-0005/0 is now RUNNING
[2025-03-06T16:29:42.623+0000] {spark_submit.py:641} INFO - 25/03/06 16:29:42 INFO StandaloneAppClient$ClientEndpoint: Executor updated: app-20250306162942-0005/1 is now RUNNING
[2025-03-06T16:29:43.018+0000] {spark_submit.py:641} INFO - 25/03/06 16:29:43 INFO StandaloneSchedulerBackend: SchedulerBackend is ready for scheduling beginning after reached minRegisteredResourcesRatio: 0.0
[2025-03-06T16:29:43.425+0000] {spark_submit.py:641} INFO - 25/03/06 16:29:43 INFO SharedState: Setting hive.metastore.warehouse.dir ('null') to the value of spark.sql.warehouse.dir.
[2025-03-06T16:29:43.438+0000] {spark_submit.py:641} INFO - 25/03/06 16:29:43 INFO SharedState: Warehouse path is 'file:/opt/***/spark-warehouse'.
[2025-03-06T16:29:45.436+0000] {spark_submit.py:641} INFO - Traceback (most recent call last):
[2025-03-06T16:29:45.437+0000] {spark_submit.py:641} INFO - File "/opt/***/jobs/python/load_exchangeRateToDW.py", line 65, in <module>
[2025-03-06T16:29:45.438+0000] {spark_submit.py:641} INFO - .load()
[2025-03-06T16:29:45.440+0000] {spark_submit.py:641} INFO - ^^^^^^
[2025-03-06T16:29:45.442+0000] {spark_submit.py:641} INFO - File "/home/***/.local/lib/python3.12/site-packages/pyspark/python/lib/pyspark.zip/pyspark/sql/streaming/readwriter.py", line 304, in load
[2025-03-06T16:29:45.444+0000] {spark_submit.py:641} INFO - File "/home/***/.local/lib/python3.12/site-packages/pyspark/python/lib/py4j-0.10.9.7-src.zip/py4j/java_gateway.py", line 1322, in __call__
[2025-03-06T16:29:45.447+0000] {spark_submit.py:641} INFO - File "/home/***/.local/lib/python3.12/site-packages/pyspark/python/lib/pyspark.zip/pyspark/errors/exceptions/captured.py", line 185, in deco
[2025-03-06T16:29:45.460+0000] {spark_submit.py:641} INFO - pyspark.errors.exceptions.captured.AnalysisException: Failed to find data source: kafka. Please deploy the application as per the deployment section of Structured Streaming + Kafka Integration Guide.
[2025-03-06T16:29:45.591+0000] {spark_submit.py:641} INFO - 25/03/06 16:29:45 INFO SparkContext: Invoking stop() from shutdown hook
[2025-03-06T16:29:45.593+0000] {spark_submit.py:641} INFO - 25/03/06 16:29:45 INFO SparkContext: SparkContext is stopping with exitCode 0.
[2025-03-06T16:29:45.619+0000] {spark_submit.py:641} INFO - 25/03/06 16:29:45 INFO SparkUI: Stopped Spark web UI at http://bfcfbd2155da:4040
[2025-03-06T16:29:45.627+0000] {spark_submit.py:641} INFO - 25/03/06 16:29:45 INFO StandaloneSchedulerBackend: Shutting down all executors
[2025-03-06T16:29:45.634+0000] {spark_submit.py:641} INFO - 25/03/06 16:29:45 INFO StandaloneSchedulerBackend$StandaloneDriverEndpoint: Asking each executor to shut down
[2025-03-06T16:29:45.665+0000] {spark_submit.py:641} INFO - 25/03/06 16:29:45 INFO MapOutputTrackerMasterEndpoint: MapOutputTrackerMasterEndpoint stopped!
[2025-03-06T16:29:45.683+0000] {spark_submit.py:641} INFO - 25/03/06 16:29:45 INFO MemoryStore: MemoryStore cleared
[2025-03-06T16:29:45.684+0000] {spark_submit.py:641} INFO - 25/03/06 16:29:45 INFO BlockManager: BlockManager stopped
[2025-03-06T16:29:45.697+0000] {spark_submit.py:641} INFO - 25/03/06 16:29:45 INFO BlockManagerMaster: BlockManagerMaster stopped
[2025-03-06T16:29:45.699+0000] {spark_submit.py:641} INFO - 25/03/06 16:29:45 INFO OutputCommitCoordinator$OutputCommitCoordinatorEndpoint: OutputCommitCoordinator stopped!
[2025-03-06T16:29:45.709+0000] {spark_submit.py:641} INFO - 25/03/06 16:29:45 INFO SparkContext: Successfully stopped SparkContext
[2025-03-06T16:29:45.710+0000] {spark_submit.py:641} INFO - 25/03/06 16:29:45 INFO ShutdownHookManager: Shutdown hook called
[2025-03-06T16:29:45.710+0000] {spark_submit.py:641} INFO - 25/03/06 16:29:45 INFO ShutdownHookManager: Deleting directory /tmp/spark-d4247b92-a983-469c-807a-de713220f0f5/pyspark-32616e60-3e61-4e64-9453-02e7b67378a9
[2025-03-06T16:29:45.715+0000] {spark_submit.py:641} INFO - 25/03/06 16:29:45 INFO ShutdownHookManager: Deleting directory /tmp/spark-7c58d94a-ab72-4bf0-aa2e-dbccc648d3af
[2025-03-06T16:29:45.719+0000] {spark_submit.py:641} INFO - 25/03/06 16:29:45 INFO ShutdownHookManager: Deleting directory /tmp/spark-d4247b92-a983-469c-807a-de713220f0f5
[2025-03-06T16:29:45.765+0000] {taskinstance.py:3313} ERROR - Task failed with exception
Traceback (most recent call last):
  File "/home/airflow/.local/lib/python3.12/site-packages/airflow/models/taskinstance.py", line 768, in _execute_task
    result = _execute_callable(context=context, **execute_callable_kwargs)
             ^^^^^^^^^^^^^^^^^^^^^^^^^^^^^^^^^^^^^^^^^^^^^^^^^^^^^^^^^^^^^
  File "/home/airflow/.local/lib/python3.12/site-packages/airflow/models/taskinstance.py", line 734, in _execute_callable
    return ExecutionCallableRunner(
           ^^^^^^^^^^^^^^^^^^^^^^^^
  File "/home/airflow/.local/lib/python3.12/site-packages/airflow/utils/operator_helpers.py", line 252, in run
    return self.func(*args, **kwargs)
           ^^^^^^^^^^^^^^^^^^^^^^^^^^
  File "/home/airflow/.local/lib/python3.12/site-packages/airflow/models/baseoperator.py", line 424, in wrapper
    return func(self, *args, **kwargs)
           ^^^^^^^^^^^^^^^^^^^^^^^^^^^
  File "/home/airflow/.local/lib/python3.12/site-packages/airflow/providers/apache/spark/operators/spark_submit.py", line 177, in execute
    self._hook.submit(self.application)
  File "/home/airflow/.local/lib/python3.12/site-packages/airflow/providers/apache/spark/hooks/spark_submit.py", line 567, in submit
    raise AirflowException(
airflow.exceptions.AirflowException: Cannot execute: spark-submit --master spark://172.18.0.3:7077 --name arrow-spark --deploy-mode client jobs/python/load_exchangeRateToDW.py. Error code is: 1.
[2025-03-06T16:29:45.771+0000] {taskinstance.py:1226} INFO - Marking task as FAILED. dag_id=spark_flow, task_id=load_exchangeRate_python_job, run_id=manual__2025-03-06T16:29:34.023522+00:00, execution_date=20250306T162934, start_date=20250306T162937, end_date=20250306T162945
[2025-03-06T16:29:45.805+0000] {taskinstance.py:341} INFO - ::group::Post task execution logs
[2025-03-06T16:29:45.806+0000] {standard_task_runner.py:124} ERROR - Failed to execute job 19 for task load_exchangeRate_python_job (Cannot execute: spark-submit --master spark://172.18.0.3:7077 --name arrow-spark --deploy-mode client jobs/python/load_exchangeRateToDW.py. Error code is: 1.; 1179)
Traceback (most recent call last):
  File "/home/airflow/.local/lib/python3.12/site-packages/airflow/task/task_runner/standard_task_runner.py", line 117, in _start_by_fork
    ret = args.func(args, dag=self.dag)
          ^^^^^^^^^^^^^^^^^^^^^^^^^^^^^
  File "/home/airflow/.local/lib/python3.12/site-packages/airflow/cli/cli_config.py", line 49, in command
    return func(*args, **kwargs)
           ^^^^^^^^^^^^^^^^^^^^^
  File "/home/airflow/.local/lib/python3.12/site-packages/airflow/utils/cli.py", line 116, in wrapper
    return f(*args, **kwargs)
           ^^^^^^^^^^^^^^^^^^
  File "/home/airflow/.local/lib/python3.12/site-packages/airflow/cli/commands/task_command.py", line 483, in task_run
    task_return_code = _run_task_by_selected_method(args, _dag, ti)
                       ^^^^^^^^^^^^^^^^^^^^^^^^^^^^^^^^^^^^^^^^^^^^
  File "/home/airflow/.local/lib/python3.12/site-packages/airflow/cli/commands/task_command.py", line 256, in _run_task_by_selected_method
    return _run_raw_task(args, ti)
           ^^^^^^^^^^^^^^^^^^^^^^^
  File "/home/airflow/.local/lib/python3.12/site-packages/airflow/cli/commands/task_command.py", line 341, in _run_raw_task
    return ti._run_raw_task(
           ^^^^^^^^^^^^^^^^^
  File "/home/airflow/.local/lib/python3.12/site-packages/airflow/utils/session.py", line 97, in wrapper
    return func(*args, session=session, **kwargs)
           ^^^^^^^^^^^^^^^^^^^^^^^^^^^^^^^^^^^^^^
  File "/home/airflow/.local/lib/python3.12/site-packages/airflow/models/taskinstance.py", line 3006, in _run_raw_task
    return _run_raw_task(
           ^^^^^^^^^^^^^^
  File "/home/airflow/.local/lib/python3.12/site-packages/airflow/models/taskinstance.py", line 274, in _run_raw_task
    TaskInstance._execute_task_with_callbacks(
  File "/home/airflow/.local/lib/python3.12/site-packages/airflow/models/taskinstance.py", line 3161, in _execute_task_with_callbacks
    result = self._execute_task(context, task_orig)
             ^^^^^^^^^^^^^^^^^^^^^^^^^^^^^^^^^^^^^^
  File "/home/airflow/.local/lib/python3.12/site-packages/airflow/models/taskinstance.py", line 3185, in _execute_task
    return _execute_task(self, context, task_orig)
           ^^^^^^^^^^^^^^^^^^^^^^^^^^^^^^^^^^^^^^^
  File "/home/airflow/.local/lib/python3.12/site-packages/airflow/models/taskinstance.py", line 768, in _execute_task
    result = _execute_callable(context=context, **execute_callable_kwargs)
             ^^^^^^^^^^^^^^^^^^^^^^^^^^^^^^^^^^^^^^^^^^^^^^^^^^^^^^^^^^^^^
  File "/home/airflow/.local/lib/python3.12/site-packages/airflow/models/taskinstance.py", line 734, in _execute_callable
    return ExecutionCallableRunner(
           ^^^^^^^^^^^^^^^^^^^^^^^^
  File "/home/airflow/.local/lib/python3.12/site-packages/airflow/utils/operator_helpers.py", line 252, in run
    return self.func(*args, **kwargs)
           ^^^^^^^^^^^^^^^^^^^^^^^^^^
  File "/home/airflow/.local/lib/python3.12/site-packages/airflow/models/baseoperator.py", line 424, in wrapper
    return func(self, *args, **kwargs)
           ^^^^^^^^^^^^^^^^^^^^^^^^^^^
  File "/home/airflow/.local/lib/python3.12/site-packages/airflow/providers/apache/spark/operators/spark_submit.py", line 177, in execute
    self._hook.submit(self.application)
  File "/home/airflow/.local/lib/python3.12/site-packages/airflow/providers/apache/spark/hooks/spark_submit.py", line 567, in submit
    raise AirflowException(
airflow.exceptions.AirflowException: Cannot execute: spark-submit --master spark://172.18.0.3:7077 --name arrow-spark --deploy-mode client jobs/python/load_exchangeRateToDW.py. Error code is: 1.
[2025-03-06T16:29:45.838+0000] {local_task_job_runner.py:266} INFO - Task exited with return code 1
[2025-03-06T16:29:45.866+0000] {taskinstance.py:3901} INFO - 0 downstream tasks scheduled from follow-on schedule check
[2025-03-06T16:29:45.871+0000] {local_task_job_runner.py:245} INFO - ::endgroup::
